2022.03.10 10:36:02 INFO  tracing is disabled for protocol LSP, to enable tracing of incoming and outgoing JSON messages create an empty file at /home/jakubp/Code/Studies/sp/list3/.metals/lsp.trace.json or /home/jakubp/.cache/metals/lsp.trace.json[0m
2022.03.10 10:36:02 INFO  logging to file /home/jakubp/Code/Studies/sp/list3/.metals/metals.log[0m
2022.03.10 10:36:02 INFO  Started: Metals version 0.11.2 in workspace '/home/jakubp/Code/Studies/sp/list3' for client Visual Studio Code 1.65.0.[0m
2022.03.10 10:36:02 INFO  Parse release: 11.0.14[0m
2022.03.10 10:36:04 INFO  time: initialize in 2.09s[0m
2022.03.10 10:36:05 WARN  Build server is not auto-connectable.[0m
2022.03.10 10:36:05 WARN  no build tool detected in workspace '/home/jakubp/Code/Studies/sp/list3'. The most common cause for this problem is that the editor was opened in the wrong working directory, for example if you use sbt then the workspace directory should contain build.sbt. [0m
2022.03.10 10:36:06 WARN  no build target for: /home/jakubp/Code/Studies/sp/list3/listLength.scala[0m
2022.03.10 10:36:10 INFO  no build target found for /home/jakubp/Code/Studies/sp/list3/listLength.scala. Using presentation compiler with project's scala-library version: 3.1.1[0m
Mar 10, 2022 10:36:10 AM org.eclipse.lsp4j.jsonrpc.RemoteEndpoint handleCancellation
WARNING: Unmatched cancel notification for request id 2
Mar 10, 2022 10:36:10 AM org.eclipse.lsp4j.jsonrpc.RemoteEndpoint handleCancellation
WARNING: Unmatched cancel notification for request id 3
Mar 10, 2022 10:36:10 AM org.eclipse.lsp4j.jsonrpc.RemoteEndpoint handleCancellation
WARNING: Unmatched cancel notification for request id 7
Mar 10, 2022 10:36:10 AM org.eclipse.lsp4j.jsonrpc.RemoteEndpoint handleCancellation
WARNING: Unmatched cancel notification for request id 11
Mar 10, 2022 10:36:10 AM org.eclipse.lsp4j.jsonrpc.RemoteEndpoint handleCancellation
WARNING: Unmatched cancel notification for request id 21
Mar 10, 2022 10:36:10 AM org.eclipse.lsp4j.jsonrpc.RemoteEndpoint handleCancellation
WARNING: Unmatched cancel notification for request id 23
Mar 10, 2022 10:36:10 AM org.eclipse.lsp4j.jsonrpc.RemoteEndpoint handleCancellation
WARNING: Unmatched cancel notification for request id 27
2022.03.10 10:36:11 INFO  time: code lens generation in 4.16s[0m
2022.03.10 10:36:50 WARN  no build target for: /home/jakubp/Code/Studies/sp/list3/listLength.scala[0m
2022.03.10 10:36:56 WARN  no build target for: /home/jakubp/Code/Studies/sp/list3/listLength.scala[0m
2022.03.10 10:38:06 WARN  no build target for: /home/jakubp/Code/Studies/sp/list3/listLength.scala[0m
Mar 10, 2022 10:38:16 AM org.eclipse.lsp4j.jsonrpc.RemoteEndpoint handleCancellation
WARNING: Unmatched cancel notification for request id 273
2022.03.10 10:38:25 WARN  no build target for: /home/jakubp/Code/Studies/sp/list3/listLength.scala[0m
2022.03.10 11:06:28 WARN  no build target for: /home/jakubp/Code/Studies/sp/list3/listLength.scala[0m
2022.03.10 11:06:53 WARN  no build target for: /home/jakubp/Code/Studies/sp/list3/listLength.scala[0m
2022.03.10 11:07:27 WARN  no build target for: /home/jakubp/Code/Studies/sp/list3/listLength.scala[0m
2022.03.10 11:07:44 WARN  no build target for: /home/jakubp/Code/Studies/sp/list3/listLength.scala[0m
2022.03.10 11:08:50 WARN  no build target for: /home/jakubp/Code/Studies/sp/list3/listLength.scala[0m
2022.03.10 11:09:18 WARN  no build target for: /home/jakubp/Code/Studies/sp/list3/listLength.scala[0m
2022.03.10 11:11:04 WARN  no build target for: /home/jakubp/Code/Studies/sp/list3/listLength.scala[0m
2022.03.10 11:11:06 WARN  no build target for: /home/jakubp/Code/Studies/sp/list3/listLength.scala[0m
2022.03.10 11:11:25 WARN  no build target for: /home/jakubp/Code/Studies/sp/list3/listLength.scala[0m
2022.03.10 11:11:46 WARN  no build target for: /home/jakubp/Code/Studies/sp/list3/listLength.scala[0m
2022.03.10 11:12:10 WARN  no build target for: /home/jakubp/Code/Studies/sp/list3/listLength.scala[0m
2022.03.10 11:12:12 WARN  no build target for: /home/jakubp/Code/Studies/sp/list3/listLength.scala[0m
2022.03.10 11:12:24 WARN  no build target for: /home/jakubp/Code/Studies/sp/list3/listLength.scala[0m
2022.03.10 11:14:27 WARN  no build target for: /home/jakubp/Code/Studies/sp/list3/listLength.scala[0m
2022.03.10 11:14:33 WARN  no build target for: /home/jakubp/Code/Studies/sp/list3/listLength.scala[0m
2022.03.10 11:14:46 WARN  no build target for: /home/jakubp/Code/Studies/sp/list3/listLength.scala[0m
2022.03.10 11:14:56 WARN  no build target for: /home/jakubp/Code/Studies/sp/list3/listLength.scala[0m
2022.03.10 11:15:48 WARN  no build target for: /home/jakubp/Code/Studies/sp/list3/listLength.scala[0m
2022.03.10 11:15:48 WARN  no build target for: /home/jakubp/Code/Studies/sp/list3/listLength.scala[0m
2022.03.10 11:15:58 WARN  no build target for: /home/jakubp/Code/Studies/sp/list3/listLength.scala[0m
Mar 10, 2022 11:16:21 AM org.eclipse.lsp4j.jsonrpc.RemoteEndpoint handleCancellation
WARNING: Unmatched cancel notification for request id 1456
2022.03.10 11:16:31 WARN  no build target for: /home/jakubp/Code/Studies/sp/list3/listLength.scala[0m
2022.03.10 11:16:43 WARN  no build target for: /home/jakubp/Code/Studies/sp/list3/listLength.scala[0m
2022.03.10 11:17:18 WARN  no build target for: /home/jakubp/Code/Studies/sp/list3/listLength.scala[0m
2022.03.10 11:18:29 WARN  no build target for: /home/jakubp/Code/Studies/sp/list3/listLength.scala[0m
2022.03.10 11:18:35 WARN  no build target for: /home/jakubp/Code/Studies/sp/list3/listLength.scala[0m
2022.03.10 11:18:39 WARN  no build target for: /home/jakubp/Code/Studies/sp/list3/listLength.scala[0m
2022.03.10 11:18:55 WARN  no build target for: /home/jakubp/Code/Studies/sp/list3/listLength.scala[0m
2022.03.10 11:19:05 WARN  no build target for: /home/jakubp/Code/Studies/sp/list3/listLength.scala[0m
2022.03.10 11:22:08 WARN  no build target for: /home/jakubp/Code/Studies/sp/list3/listLength.scala[0m
2022.03.10 11:22:10 WARN  no build target for: /home/jakubp/Code/Studies/sp/list3/listLength.scala[0m
Mar 10, 2022 11:22:40 AM org.eclipse.lsp4j.jsonrpc.RemoteEndpoint handleCancellation
WARNING: Unmatched cancel notification for request id 1873
2022.03.10 11:22:53 WARN  no build target for: /home/jakubp/Code/Studies/sp/list3/listLength.scala[0m
2022.03.10 11:23:01 WARN  no build target for: /home/jakubp/Code/Studies/sp/list3/listLength.scala[0m
2022.03.10 11:25:02 WARN  no build target for: /home/jakubp/Code/Studies/sp/list3/lambdaEta.scala[0m
2022.03.10 11:25:22 WARN  no build target for: /home/jakubp/Code/Studies/sp/list3/listLength.scala[0m
2022.03.10 11:25:36 WARN  no build target for: /home/jakubp/Code/Studies/sp/list3/lambdaEta.scala[0m
2022.03.10 11:25:41 WARN  no build target for: /home/jakubp/Code/Studies/sp/list3/lambdaEta.scala[0m
2022.03.10 11:25:44 WARN  no build target for: /home/jakubp/Code/Studies/sp/list3/listLength.scala[0m
2022.03.10 11:25:52 WARN  no build target for: /home/jakubp/Code/Studies/sp/list3/lambdaEta.scala[0m
Mar 10, 2022 11:26:36 AM org.eclipse.lsp4j.jsonrpc.RemoteEndpoint handleCancellation
WARNING: Unmatched cancel notification for request id 2162
2022.03.10 11:27:06 WARN  no build target for: /home/jakubp/Code/Studies/sp/list3/lambdaEta.scala[0m
2022.03.10 11:27:16 WARN  no build target for: /home/jakubp/Code/Studies/sp/list3/lambdaEta.scala[0m
2022.03.10 11:29:04 WARN  no build target for: /home/jakubp/Code/Studies/sp/list3/lambdaEta.scala[0m
2022.03.10 11:29:13 WARN  no build target for: /home/jakubp/Code/Studies/sp/list3/lambdaEta.scala[0m
2022.03.10 11:29:44 WARN  no build target for: /home/jakubp/Code/Studies/sp/list3/lambdaEta.scala[0m
2022.03.10 11:31:05 WARN  no build target for: /home/jakubp/Code/Studies/sp/list3/lambdaEta.scala[0m
2022.03.10 11:31:16 WARN  no build target for: /home/jakubp/Code/Studies/sp/list3/lambdaEta.scala[0m
2022.03.10 11:31:24 WARN  no build target for: /home/jakubp/Code/Studies/sp/list3/lambdaEta.scala[0m
2022.03.10 11:31:32 WARN  no build target for: /home/jakubp/Code/Studies/sp/list3/lambdaEta.scala[0m
2022.03.10 11:31:59 WARN  no build target for: /home/jakubp/Code/Studies/sp/list3/lambdaEta.scala[0m
2022.03.10 11:32:12 WARN  no build target for: /home/jakubp/Code/Studies/sp/list3/lambdaEta.scala[0m
2022.03.10 11:33:21 WARN  no build target for: /home/jakubp/Code/Studies/sp/list3/lambdaEta.scala[0m
2022.03.10 11:43:56 WARN  no build target for: /home/jakubp/Code/Studies/sp/list3/lambdaEta.scala[0m
2022.03.10 11:44:05 WARN  no build target for: /home/jakubp/Code/Studies/sp/list3/lambdaEta.scala[0m
2022.03.10 11:48:08 WARN  no build target for: /home/jakubp/Code/Studies/sp/list3/lambdaEta.scala[0m
2022.03.10 11:48:31 WARN  no build target for: /home/jakubp/Code/Studies/sp/list3/lambdaEta.scala[0m
2022.03.10 11:49:27 WARN  no build target for: /home/jakubp/Code/Studies/sp/list3/lambdaEta.scala[0m
2022.03.10 11:49:33 WARN  no build target for: /home/jakubp/Code/Studies/sp/list3/lambdaEta.scala[0m
2022.03.10 11:50:15 WARN  no build target for: /home/jakubp/Code/Studies/sp/list3/lambdaEta.scala[0m
2022.03.10 11:50:43 WARN  no build target for: /home/jakubp/Code/Studies/sp/list3/lambdaEta.scala[0m
Mar 10, 2022 11:51:04 AM org.eclipse.lsp4j.jsonrpc.RemoteEndpoint handleCancellation
WARNING: Unmatched cancel notification for request id 4424
2022.03.10 11:51:13 WARN  no build target for: /home/jakubp/Code/Studies/sp/list3/lambdaEta.scala[0m
2022.03.10 11:51:15 WARN  no build target for: /home/jakubp/Code/Studies/sp/list3/lambdaEta.scala[0m
2022.03.10 11:51:27 WARN  no build target for: /home/jakubp/Code/Studies/sp/list3/lambdaEta.scala[0m
2022.03.10 11:51:28 WARN  no build target for: /home/jakubp/Code/Studies/sp/list3/lambdaEta.scala[0m
Mar 10, 2022 11:55:15 AM org.eclipse.lsp4j.jsonrpc.RemoteEndpoint handleCancellation
WARNING: Unmatched cancel notification for request id 4651
2022.03.10 11:55:19 WARN  no build target for: /home/jakubp/Code/Studies/sp/list3/lambdaEta.scala[0m
2022.03.10 12:00:29 WARN  no build target for: /home/jakubp/Code/Studies/sp/list3/lambdaEta.scala[0m
2022.03.10 12:00:52 WARN  no build target for: /home/jakubp/Code/Studies/sp/list3/lambdaEta.scala[0m
2022.03.10 12:01:59 WARN  no build target for: /home/jakubp/Code/Studies/sp/list3/lambdaEta.scala[0m
2022.03.10 12:02:00 WARN  no build target for: /home/jakubp/Code/Studies/sp/list3/lambdaEta.scala[0m
2022.03.10 12:02:08 WARN  no build target for: /home/jakubp/Code/Studies/sp/list3/lambdaEta.scala[0m
2022.03.10 12:08:53 WARN  no build target for: /home/jakubp/Code/Studies/sp/list3/lambdaEta.scala[0m
Mar 10, 2022 12:17:56 PM org.eclipse.lsp4j.jsonrpc.services.GenericEndpoint notify
INFO: Unsupported notification method: $/setTrace
2022.03.10 12:18:09 INFO  shutting down Metals[0m
2022.03.10 12:18:16 INFO  tracing is disabled for protocol LSP, to enable tracing of incoming and outgoing JSON messages create an empty file at /home/jakubp/Code/Studies/sp/list3/.metals/lsp.trace.json or /home/jakubp/.cache/metals/lsp.trace.json[0m
2022.03.10 12:18:17 INFO  logging to file /home/jakubp/Code/Studies/sp/list3/.metals/metals.log[0m
2022.03.10 12:18:17 INFO  Started: Metals version 0.11.2 in workspace '/home/jakubp/Code/Studies/sp/list3' for client Visual Studio Code 1.65.0.[0m
2022.03.10 12:18:17 INFO  Parse release: 11.0.14[0m
2022.03.10 12:18:19 INFO  time: initialize in 2.38s[0m
2022.03.10 12:18:20 WARN  Build server is not auto-connectable.[0m
2022.03.10 12:18:20 WARN  no build tool detected in workspace '/home/jakubp/Code/Studies/sp/list3'. The most common cause for this problem is that the editor was opened in the wrong working directory, for example if you use sbt then the workspace directory should contain build.sbt. [0m
2022.03.10 12:18:21 WARN  no build target for: /home/jakubp/Code/Studies/sp/list3/lambdaEta.scala[0m
Mar 10, 2022 12:18:21 PM org.eclipse.lsp4j.jsonrpc.RemoteEndpoint handleCancellation
WARNING: Unmatched cancel notification for request id 1
2022.03.10 12:18:24 INFO  no build target found for /home/jakubp/Code/Studies/sp/list3/lambdaEta.scala. Using presentation compiler with project's scala-library version: 3.1.1[0m
Mar 10, 2022 12:18:52 PM org.eclipse.lsp4j.jsonrpc.services.GenericEndpoint notify
INFO: Unsupported notification method: $/setTrace
Mar 10, 2022 12:20:05 PM org.eclipse.lsp4j.jsonrpc.services.GenericEndpoint notify
INFO: Unsupported notification method: $/setTrace
Mar 10, 2022 12:20:05 PM org.eclipse.lsp4j.jsonrpc.services.GenericEndpoint notify
INFO: Unsupported notification method: $/setTrace
Mar 10, 2022 12:20:05 PM org.eclipse.lsp4j.jsonrpc.services.GenericEndpoint notify
INFO: Unsupported notification method: $/setTrace
Mar 10, 2022 12:20:05 PM org.eclipse.lsp4j.jsonrpc.services.GenericEndpoint notify
INFO: Unsupported notification method: $/setTrace
Mar 10, 2022 12:20:06 PM org.eclipse.lsp4j.jsonrpc.services.GenericEndpoint notify
INFO: Unsupported notification method: $/setTrace
Mar 10, 2022 12:20:06 PM org.eclipse.lsp4j.jsonrpc.services.GenericEndpoint notify
INFO: Unsupported notification method: $/setTrace
Mar 10, 2022 12:20:06 PM org.eclipse.lsp4j.jsonrpc.services.GenericEndpoint notify
INFO: Unsupported notification method: $/setTrace
Mar 10, 2022 12:20:06 PM org.eclipse.lsp4j.jsonrpc.services.GenericEndpoint notify
INFO: Unsupported notification method: $/setTrace
Mar 10, 2022 12:20:06 PM org.eclipse.lsp4j.jsonrpc.services.GenericEndpoint notify
INFO: Unsupported notification method: $/setTrace
Mar 10, 2022 12:20:06 PM org.eclipse.lsp4j.jsonrpc.services.GenericEndpoint notify
INFO: Unsupported notification method: $/setTrace
Mar 10, 2022 12:20:06 PM org.eclipse.lsp4j.jsonrpc.services.GenericEndpoint notify
INFO: Unsupported notification method: $/setTrace
Mar 10, 2022 12:20:06 PM org.eclipse.lsp4j.jsonrpc.services.GenericEndpoint notify
INFO: Unsupported notification method: $/setTrace
Mar 10, 2022 12:20:06 PM org.eclipse.lsp4j.jsonrpc.services.GenericEndpoint notify
INFO: Unsupported notification method: $/setTrace
2022.03.10 12:20:54 INFO  shutting down Metals[0m
2022.03.10 12:21:01 INFO  tracing is disabled for protocol LSP, to enable tracing of incoming and outgoing JSON messages create an empty file at /home/jakubp/Code/Studies/sp/list3/.metals/lsp.trace.json or /home/jakubp/.cache/metals/lsp.trace.json[0m
2022.03.10 12:21:02 INFO  logging to file /home/jakubp/Code/Studies/sp/list3/.metals/metals.log[0m
2022.03.10 12:21:02 INFO  Started: Metals version 0.11.2 in workspace '/home/jakubp/Code/Studies/sp/list3' for client Visual Studio Code 1.65.0.[0m
2022.03.10 12:21:02 INFO  Parse release: 11.0.14[0m
2022.03.10 12:21:04 INFO  time: initialize in 2.6s[0m
2022.03.10 12:21:05 WARN  Build server is not auto-connectable.[0m
2022.03.10 12:21:05 WARN  no build tool detected in workspace '/home/jakubp/Code/Studies/sp/list3'. The most common cause for this problem is that the editor was opened in the wrong working directory, for example if you use sbt then the workspace directory should contain build.sbt. [0m
2022.03.10 12:21:06 WARN  no build target for: /home/jakubp/Code/Studies/sp/list3/lambdaEta.scala[0m
Mar 10, 2022 12:21:07 PM org.eclipse.lsp4j.jsonrpc.RemoteEndpoint handleCancellation
WARNING: Unmatched cancel notification for request id 1
2022.03.10 12:21:07 INFO  shutting down Metals[0m
2022.03.10 12:21:09 INFO  no build target found for /home/jakubp/Code/Studies/sp/list3/lambdaEta.scala. Using presentation compiler with project's scala-library version: 3.1.1[0m
2022.03.10 12:21:11 INFO  time: code lens generation in 3.99s[0m
2022.03.10 12:23:06 INFO  tracing is disabled for protocol LSP, to enable tracing of incoming and outgoing JSON messages create an empty file at /home/jakubp/Code/Studies/sp/list3/.metals/lsp.trace.json or /home/jakubp/.cache/metals/lsp.trace.json[0m
2022.03.10 12:23:07 INFO  logging to file /home/jakubp/Code/Studies/sp/list3/.metals/metals.log[0m
2022.03.10 12:23:07 INFO  Started: Metals version 0.11.2 in workspace '/home/jakubp/Code/Studies/sp/list3' for client Visual Studio Code 1.65.1.[0m
2022.03.10 12:23:07 INFO  Parse release: 11.0.14[0m
2022.03.10 12:23:09 INFO  time: initialize in 2.06s[0m
2022.03.10 12:23:09 WARN  Build server is not auto-connectable.[0m
2022.03.10 12:23:09 WARN  no build tool detected in workspace '/home/jakubp/Code/Studies/sp/list3'. The most common cause for this problem is that the editor was opened in the wrong working directory, for example if you use sbt then the workspace directory should contain build.sbt. [0m
2022.03.10 12:23:10 WARN  no build target for: /home/jakubp/Code/Studies/sp/list3/lambdaEta.scala[0m
2022.03.10 12:23:13 INFO  no build target found for /home/jakubp/Code/Studies/sp/list3/lambdaEta.scala. Using presentation compiler with project's scala-library version: 3.1.1[0m
2022.03.10 12:23:15 INFO  time: code lens generation in 4.06s[0m
2022.03.10 12:23:21 WARN  no build target for: /home/jakubp/Code/Studies/sp/list3/curryUncurry.scala[0m
Mar 10, 2022 12:23:23 PM org.eclipse.lsp4j.jsonrpc.RemoteEndpoint handleCancellation
WARNING: Unmatched cancel notification for request id 7
Mar 10, 2022 12:23:24 PM org.eclipse.lsp4j.jsonrpc.RemoteEndpoint handleCancellation
WARNING: Unmatched cancel notification for request id 9
2022.03.10 12:23:50 WARN  no build target for: /home/jakubp/Code/Studies/sp/list3/curryUncurry.scala[0m
Mar 10, 2022 12:24:02 PM org.eclipse.lsp4j.jsonrpc.services.GenericEndpoint notify
INFO: Unsupported notification method: $/setTrace
2022.03.10 12:24:04 WARN  no build target for: /home/jakubp/Code/Studies/sp/list3/curryUncurry.scala[0m
2022.03.10 12:24:18 WARN  no build target for: /home/jakubp/Code/Studies/sp/list3/lambdaEta.scala[0m
2022.03.10 12:24:19 WARN  no build target for: /home/jakubp/Code/Studies/sp/list3/curryUncurry.scala[0m
2022.03.10 12:24:22 WARN  no build target for: /home/jakubp/Code/Studies/sp/list3/curryUncurry.scala[0m
2022.03.10 12:25:18 WARN  no build target for: /home/jakubp/Code/Studies/sp/list3/curryUncurry.scala[0m
2022.03.10 13:01:55 WARN  no build target for: /home/jakubp/Code/Studies/sp/list3/lambdaEta.scala[0m
2022.03.10 13:02:12 WARN  no build target for: /home/jakubp/Code/Studies/sp/list3/lambdaEta.scala[0m
2022.03.10 13:02:22 WARN  no build target for: /home/jakubp/Code/Studies/sp/list3/lambdaEta.scala[0m
2022.03.10 13:03:22 WARN  no build target for: /home/jakubp/Code/Studies/sp/list3/lambdaEta.scala[0m
Downloading https://repo1.maven.org/maven2/org/scalameta/scalafmt-core_2.12/3.4.0/scalafmt-core_2.12-3.4.0.pom
Downloaded https://repo1.maven.org/maven2/org/scalameta/scalafmt-core_2.12/3.4.0/scalafmt-core_2.12-3.4.0.pom
Downloading https://repo1.maven.org/maven2/org/scalameta/scalafmt-config_2.12/3.4.0/scalafmt-config_2.12-3.4.0.pom
Downloading https://repo1.maven.org/maven2/org/scalameta/scalafmt-sysops_2.12/3.4.0/scalafmt-sysops_2.12-3.4.0.pom
Downloading https://repo1.maven.org/maven2/org/scalameta/scalameta_2.12/4.4.33/scalameta_2.12-4.4.33.pom
Downloaded https://repo1.maven.org/maven2/org/scalameta/scalafmt-config_2.12/3.4.0/scalafmt-config_2.12-3.4.0.pom
Downloaded https://repo1.maven.org/maven2/org/scalameta/scalafmt-sysops_2.12/3.4.0/scalafmt-sysops_2.12-3.4.0.pom
Downloaded https://repo1.maven.org/maven2/org/scalameta/scalameta_2.12/4.4.33/scalameta_2.12-4.4.33.pom
Downloading https://repo1.maven.org/maven2/org/scalameta/parsers_2.12/4.4.33/parsers_2.12-4.4.33.pom
Downloaded https://repo1.maven.org/maven2/org/scalameta/parsers_2.12/4.4.33/parsers_2.12-4.4.33.pom
Downloading https://repo1.maven.org/maven2/org/scalameta/trees_2.12/4.4.33/trees_2.12-4.4.33.pom
Downloaded https://repo1.maven.org/maven2/org/scalameta/trees_2.12/4.4.33/trees_2.12-4.4.33.pom
Downloading https://repo1.maven.org/maven2/org/scalameta/common_2.12/4.4.33/common_2.12-4.4.33.pom
Downloaded https://repo1.maven.org/maven2/org/scalameta/common_2.12/4.4.33/common_2.12-4.4.33.pom
Downloading https://repo1.maven.org/maven2/org/scalameta/trees_2.12/4.4.33/trees_2.12-4.4.33.jar
Downloading https://repo1.maven.org/maven2/org/scalameta/scalafmt-core_2.12/3.4.0/scalafmt-core_2.12-3.4.0.jar
Downloading https://repo1.maven.org/maven2/org/scalameta/scalafmt-sysops_2.12/3.4.0/scalafmt-sysops_2.12-3.4.0.jar
Downloading https://repo1.maven.org/maven2/org/scalameta/scalameta_2.12/4.4.33/scalameta_2.12-4.4.33.jar
Downloading https://repo1.maven.org/maven2/org/scalameta/common_2.12/4.4.33/common_2.12-4.4.33.jar
Downloading https://repo1.maven.org/maven2/org/scalameta/parsers_2.12/4.4.33/parsers_2.12-4.4.33.jar
Downloaded https://repo1.maven.org/maven2/org/scalameta/scalafmt-sysops_2.12/3.4.0/scalafmt-sysops_2.12-3.4.0.jar
Downloading https://repo1.maven.org/maven2/org/scalameta/scalafmt-config_2.12/3.4.0/scalafmt-config_2.12-3.4.0.jar
Downloaded https://repo1.maven.org/maven2/org/scalameta/parsers_2.12/4.4.33/parsers_2.12-4.4.33.jar
Downloaded https://repo1.maven.org/maven2/org/scalameta/scalafmt-config_2.12/3.4.0/scalafmt-config_2.12-3.4.0.jar
Downloaded https://repo1.maven.org/maven2/org/scalameta/common_2.12/4.4.33/common_2.12-4.4.33.jar
Downloaded https://repo1.maven.org/maven2/org/scalameta/scalameta_2.12/4.4.33/scalameta_2.12-4.4.33.jar
Downloaded https://repo1.maven.org/maven2/org/scalameta/trees_2.12/4.4.33/trees_2.12-4.4.33.jar
Downloaded https://repo1.maven.org/maven2/org/scalameta/scalafmt-core_2.12/3.4.0/scalafmt-core_2.12-3.4.0.jar
2022.03.10 13:20:28 WARN  no build target for: /home/jakubp/Code/Studies/sp/list3/lambdaEta.scala[0m
2022.03.10 13:20:39 WARN  no build target for: /home/jakubp/Code/Studies/sp/list3/lambdaEta.scala[0m
2022.03.10 13:22:16 WARN  no build target for: /home/jakubp/Code/Studies/sp/list3/lambdaEta.scala[0m
2022.03.10 13:22:20 WARN  no build target for: /home/jakubp/Code/Studies/sp/list3/lambdaEta.scala[0m
2022.03.10 13:22:43 WARN  no build target for: /home/jakubp/Code/Studies/sp/list3/lambdaEta.scala[0m
2022.03.10 13:23:04 WARN  no build target for: /home/jakubp/Code/Studies/sp/list3/lambdaEta.scala[0m
2022.03.10 13:23:13 WARN  no build target for: /home/jakubp/Code/Studies/sp/list3/lambdaEta.scala[0m
2022.03.10 13:25:38 WARN  no build target for: /home/jakubp/Code/Studies/sp/list3/lambdaEta.scala[0m
2022.03.10 13:35:39 WARN  no build target for: /home/jakubp/Code/Studies/sp/list3/lambdaEta.scala[0m
2022.03.10 13:36:34 WARN  no build target for: /home/jakubp/Code/Studies/sp/list3/lambdaEta.scala[0m
2022.03.10 13:41:14 WARN  no build target for: /home/jakubp/Code/Studies/sp/list3/lambdaEta.scala[0m
2022.03.10 13:41:22 WARN  no build target for: /home/jakubp/Code/Studies/sp/list3/lambdaEta.scala[0m
Mar 10, 2022 1:51:13 PM org.eclipse.lsp4j.jsonrpc.RemoteEndpoint handleCancellation
WARNING: Unmatched cancel notification for request id 1123
2022.03.10 14:31:02 WARN  no build target for: /home/jakubp/Code/Studies/sp/list3/lambdaEta.scala[0m
2022.03.10 14:31:10 WARN  no build target for: /home/jakubp/Code/Studies/sp/list3/lambdaEta.scala[0m
2022.03.10 14:31:31 WARN  no build target for: /home/jakubp/Code/Studies/sp/list3/lambdaEta.scala[0m
2022.03.10 14:31:37 WARN  no build target for: /home/jakubp/Code/Studies/sp/list3/lambdaEta.scala[0m
2022.03.10 14:32:00 WARN  no build target for: /home/jakubp/Code/Studies/sp/list3/lambdaEta.scala[0m
2022.03.10 14:32:08 WARN  no build target for: /home/jakubp/Code/Studies/sp/list3/curryUncurry.scala[0m
2022.03.10 14:44:34 WARN  no build target for: /home/jakubp/Code/Studies/sp/list3/curryUncurry.scala[0m
2022.03.10 14:44:47 WARN  no build target for: /home/jakubp/Code/Studies/sp/list3/curryUncurry.scala[0m
Mar 10, 2022 2:45:16 PM org.eclipse.lsp4j.jsonrpc.RemoteEndpoint handleCancellation
WARNING: Unmatched cancel notification for request id 1564
2022.03.10 14:46:05 WARN  no build target for: /home/jakubp/Code/Studies/sp/list3/curryUncurry.scala[0m
2022.03.10 14:50:52 WARN  no build target for: /home/jakubp/Code/Studies/sp/list3/curryUncurry.scala[0m
2022.03.10 14:51:04 WARN  no build target for: /home/jakubp/Code/Studies/sp/list3/curryUncurry.scala[0m
2022.03.10 14:51:12 WARN  no build target for: /home/jakubp/Code/Studies/sp/list3/curryUncurry.scala[0m
2022.03.10 14:51:26 WARN  no build target for: /home/jakubp/Code/Studies/sp/list3/curryUncurry.scala[0m
2022.03.10 14:52:04 WARN  no build target for: /home/jakubp/Code/Studies/sp/list3/curryUncurry.scala[0m
Mar 10, 2022 2:52:17 PM org.eclipse.lsp4j.jsonrpc.RemoteEndpoint handleCancellation
WARNING: Unmatched cancel notification for request id 2087
2022.03.10 14:53:00 WARN  no build target for: /home/jakubp/Code/Studies/sp/list3/curryUncurry.scala[0m
2022.03.10 14:53:26 WARN  no build target for: /home/jakubp/Code/Studies/sp/list3/curryUncurry.scala[0m
2022.03.10 14:53:40 WARN  no build target for: /home/jakubp/Code/Studies/sp/list3/curryUncurry.scala[0m
Mar 10, 2022 2:54:02 PM org.eclipse.lsp4j.jsonrpc.RemoteEndpoint handleCancellation
WARNING: Unmatched cancel notification for request id 2292
2022.03.10 14:55:19 WARN  no build target for: /home/jakubp/Code/Studies/sp/list3/curryUncurry.scala[0m
2022.03.10 14:55:27 WARN  no build target for: /home/jakubp/Code/Studies/sp/list3/curryUncurry.scala[0m
2022.03.10 14:55:46 WARN  no build target for: /home/jakubp/Code/Studies/sp/list3/curryUncurry.scala[0m
2022.03.10 14:55:56 WARN  no build target for: /home/jakubp/Code/Studies/sp/list3/curryUncurry.scala[0m
2022.03.10 14:56:55 WARN  no build target for: /home/jakubp/Code/Studies/sp/list3/curryUncurry.scala[0m
2022.03.10 14:57:14 WARN  no build target for: /home/jakubp/Code/Studies/sp/list3/curryUncurry.scala[0m
2022.03.10 14:57:23 WARN  no build target for: /home/jakubp/Code/Studies/sp/list3/curryUncurry.scala[0m
2022.03.10 14:57:31 WARN  no build target for: /home/jakubp/Code/Studies/sp/list3/curryUncurry.scala[0m
2022.03.10 15:00:42 WARN  no build target for: /home/jakubp/Code/Studies/sp/list3/curryUncurry.scala[0m
2022.03.10 15:01:02 WARN  no build target for: /home/jakubp/Code/Studies/sp/list3/curryUncurry.scala[0m
2022.03.10 15:01:03 WARN  no build target for: /home/jakubp/Code/Studies/sp/list3/curryUncurry.scala[0m
Mar 10, 2022 3:01:28 PM org.eclipse.lsp4j.jsonrpc.RemoteEndpoint handleCancellation
WARNING: Unmatched cancel notification for request id 3058
2022.03.10 15:01:29 WARN  no build target for: /home/jakubp/Code/Studies/sp/list3/curryUncurry.scala[0m
2022.03.10 15:02:02 WARN  no build target for: /home/jakubp/Code/Studies/sp/list3/curryUncurry.scala[0m
2022.03.10 15:02:47 WARN  no build target for: /home/jakubp/Code/Studies/sp/list3/curryUncurry.scala[0m
2022.03.10 15:03:10 WARN  no build target for: /home/jakubp/Code/Studies/sp/list3/curryUncurry.scala[0m
2022.03.10 15:03:48 WARN  no build target for: /home/jakubp/Code/Studies/sp/list3/curryUncurry.scala[0m
2022.03.10 15:04:06 WARN  no build target for: /home/jakubp/Code/Studies/sp/list3/curryUncurry.scala[0m
2022.03.10 15:04:17 WARN  no build target for: /home/jakubp/Code/Studies/sp/list3/curryUncurry.scala[0m
2022.03.10 15:05:29 WARN  no build target for: /home/jakubp/Code/Studies/sp/list3/curryUncurry.scala[0m
2022.03.10 15:05:56 WARN  no build target for: /home/jakubp/Code/Studies/sp/list3/curryUncurry.scala[0m
2022.03.10 17:53:09 WARN  no build target for: /home/jakubp/Code/Studies/sp/list3/composition.scala[0m
2022.03.10 17:53:32 WARN  no build target for: /home/jakubp/Code/Studies/sp/list3/composition.scala[0m
2022.03.10 17:53:35 WARN  no build target for: /home/jakubp/Code/Studies/sp/list3/composition.scala[0m
2022.03.10 17:53:51 WARN  no build target for: /home/jakubp/Code/Studies/sp/list3/composition.scala[0m
2022.03.10 17:54:43 WARN  no build target for: /home/jakubp/Code/Studies/sp/list3/composition.scala[0m
2022.03.10 17:55:40 WARN  no build target for: /home/jakubp/Code/Studies/sp/list3/composition.scala[0m
2022.03.10 17:56:32 WARN  no build target for: /home/jakubp/Code/Studies/sp/list3/composition.scala[0m
2022.03.10 17:56:53 WARN  no build target for: /home/jakubp/Code/Studies/sp/list3/composition.scala[0m
2022.03.10 17:57:12 WARN  no build target for: /home/jakubp/Code/Studies/sp/list3/composition.scala[0m
2022.03.10 17:57:33 WARN  no build target for: /home/jakubp/Code/Studies/sp/list3/composition.scala[0m
2022.03.10 17:57:42 WARN  no build target for: /home/jakubp/Code/Studies/sp/list3/composition.scala[0m
2022.03.10 17:59:51 WARN  no build target for: /home/jakubp/Code/Studies/sp/list3/composition.scala[0m
2022.03.10 18:00:20 WARN  no build target for: /home/jakubp/Code/Studies/sp/list3/composition.scala[0m
2022.03.10 18:00:25 WARN  no build target for: /home/jakubp/Code/Studies/sp/list3/composition.scala[0m
2022.03.10 18:01:14 WARN  no build target for: /home/jakubp/Code/Studies/sp/list3/composition.scala[0m
2022.03.10 18:01:23 WARN  no build target for: /home/jakubp/Code/Studies/sp/list3/composition.scala[0m
2022.03.10 18:01:36 WARN  no build target for: /home/jakubp/Code/Studies/sp/list3/composition.scala[0m
2022.03.10 18:02:06 WARN  no build target for: /home/jakubp/Code/Studies/sp/list3/composition.scala[0m
2022.03.10 18:02:19 WARN  no build target for: /home/jakubp/Code/Studies/sp/list3/composition.scala[0m
2022.03.10 18:04:59 WARN  no build target for: /home/jakubp/Code/Studies/sp/list3/composition.scala[0m
2022.03.10 18:05:00 WARN  no build target for: /home/jakubp/Code/Studies/sp/list3/composition.scala[0m
2022.03.10 18:05:04 WARN  no build target for: /home/jakubp/Code/Studies/sp/list3/composition.scala[0m
2022.03.10 21:07:56 WARN  no build target for: /home/jakubp/Code/Studies/sp/list3/composition.scala[0m
2022.03.10 21:08:13 WARN  no build target for: /home/jakubp/Code/Studies/sp/list3/composition.scala[0m
2022.03.10 21:09:07 WARN  no build target for: /home/jakubp/Code/Studies/sp/list3/composition.scala[0m
2022.03.10 21:09:34 WARN  no build target for: /home/jakubp/Code/Studies/sp/list3/composition.scala[0m
2022.03.10 21:09:49 WARN  no build target for: /home/jakubp/Code/Studies/sp/list3/composition.scala[0m
2022.03.10 21:09:49 WARN  no build target for: /home/jakubp/Code/Studies/sp/list3/composition.scala[0m
2022.03.10 21:09:51 WARN  no build target for: /home/jakubp/Code/Studies/sp/list3/composition.scala[0m
2022.03.10 21:10:29 WARN  no build target for: /home/jakubp/Code/Studies/sp/list3/composition.scala[0m
2022.03.10 21:31:26 WARN  no build target for: /home/jakubp/Code/Studies/sp/list3/curryUncurry.scala[0m
2022.03.10 21:40:19 WARN  no build target for: /home/jakubp/Code/Studies/sp/list3/composition.scala[0m
2022.03.10 21:47:37 WARN  no build target for: /home/jakubp/Code/Studies/sp/list3/curryUncurry.scala[0m
2022.03.10 21:47:37 WARN  no build target for: /home/jakubp/Code/Studies/sp/list3/composition.scala[0m
2022.03.10 21:47:39 WARN  no build target for: /home/jakubp/Code/Studies/sp/list3/curryUncurry.scala[0m
2022.03.10 21:47:39 WARN  no build target for: /home/jakubp/Code/Studies/sp/list3/composition.scala[0m
2022.03.10 21:47:51 WARN  no build target for: /home/jakubp/Code/Studies/sp/list3/composition.scala[0m
Mar 10, 2022 10:16:19 PM org.eclipse.lsp4j.jsonrpc.RemoteEndpoint handleCancellation
WARNING: Unmatched cancel notification for request id 6071
2022.03.10 22:16:25 WARN  no build target for: /home/jakubp/Code/Studies/sp/list3/composition.scala[0m
2022.03.10 22:16:27 WARN  no build target for: /home/jakubp/Code/Studies/sp/list3/composition.scala[0m
2022.03.10 22:19:09 WARN  no build target for: /home/jakubp/Code/Studies/sp/list3/composition.scala[0m
2022.03.10 22:19:21 WARN  no build target for: /home/jakubp/Code/Studies/sp/list3/composition.scala[0m
2022.03.10 22:19:21 WARN  no build target for: /home/jakubp/Code/Studies/sp/list3/composition.scala[0m
2022.03.10 22:19:31 WARN  no build target for: /home/jakubp/Code/Studies/sp/list3/composition.scala[0m
2022.03.10 22:19:45 WARN  no build target for: /home/jakubp/Code/Studies/sp/list3/composition.scala[0m
2022.03.10 22:20:05 WARN  no build target for: /home/jakubp/Code/Studies/sp/list3/composition.scala[0m
2022.03.10 22:20:15 WARN  no build target for: /home/jakubp/Code/Studies/sp/list3/composition.scala[0m
2022.03.10 22:20:29 WARN  no build target for: /home/jakubp/Code/Studies/sp/list3/composition.scala[0m
2022.03.10 22:21:27 WARN  no build target for: /home/jakubp/Code/Studies/sp/list3/composition.scala[0m
2022.03.10 22:21:31 WARN  no build target for: /home/jakubp/Code/Studies/sp/list3/composition.scala[0m
2022.03.10 22:22:07 WARN  no build target for: /home/jakubp/Code/Studies/sp/list3/composition.scala[0m
2022.03.10 22:24:41 WARN  no build target for: /home/jakubp/Code/Studies/sp/list3/composition.scala[0m
2022.03.10 22:25:19 WARN  no build target for: /home/jakubp/Code/Studies/sp/list3/composition.scala[0m
2022.03.10 22:25:28 WARN  no build target for: /home/jakubp/Code/Studies/sp/list3/composition.scala[0m
Mar 10, 2022 10:29:34 PM org.eclipse.lsp4j.jsonrpc.RemoteEndpoint handleCancellation
WARNING: Unmatched cancel notification for request id 6448
Mar 10, 2022 10:30:32 PM org.eclipse.lsp4j.jsonrpc.RemoteEndpoint handleCancellation
WARNING: Unmatched cancel notification for request id 6508
2022.03.10 22:31:06 WARN  no build target for: /home/jakubp/Code/Studies/sp/list3/composition.scala[0m
2022.03.10 22:35:19 WARN  no build target for: /home/jakubp/Code/Studies/sp/list3/composition.scala[0m
2022.03.10 22:40:01 WARN  no build target for: /home/jakubp/Code/Studies/sp/list3/lambdaEta.scala[0m
Mar 10, 2022 10:44:49 PM org.eclipse.lsp4j.jsonrpc.RemoteEndpoint handleCancellation
WARNING: Unmatched cancel notification for request id 6787
Mar 10, 2022 10:46:19 PM org.eclipse.lsp4j.jsonrpc.RemoteEndpoint handleCancellation
WARNING: Unmatched cancel notification for request id 7011
Mar 10, 2022 10:46:24 PM org.eclipse.lsp4j.jsonrpc.RemoteEndpoint handleCancellation
WARNING: Unmatched cancel notification for request id 7029
Mar 10, 2022 10:46:42 PM org.eclipse.lsp4j.jsonrpc.RemoteEndpoint handleCancellation
WARNING: Unmatched cancel notification for request id 7095
Mar 10, 2022 10:48:12 PM org.eclipse.lsp4j.jsonrpc.RemoteEndpoint handleCancellation
WARNING: Unmatched cancel notification for request id 7247
Mar 10, 2022 10:48:15 PM org.eclipse.lsp4j.jsonrpc.RemoteEndpoint handleCancellation
WARNING: Unmatched cancel notification for request id 7251
2022.03.10 22:48:39 WARN  no build target for: /home/jakubp/Code/Studies/sp/list3/lambdaEta.scala[0m
Mar 10, 2022 10:49:40 PM org.eclipse.lsp4j.jsonrpc.RemoteEndpoint handleCancellation
WARNING: Unmatched cancel notification for request id 7327
2022.03.10 22:49:42 WARN  no build target for: /home/jakubp/Code/Studies/sp/list3/lambdaEta.scala[0m
2022.03.10 22:51:34 WARN  no build target for: /home/jakubp/Code/Studies/sp/list3/lambdaEta.scala[0m
2022.03.10 22:51:47 INFO  shutting down Metals[0m
2022.03.12 15:01:40 INFO  tracing is disabled for protocol LSP, to enable tracing of incoming and outgoing JSON messages create an empty file at /home/jakubp/Code/Studies/sp/list3/.metals/lsp.trace.json or /home/jakubp/.cache/metals/lsp.trace.json[0m
2022.03.12 15:01:41 INFO  logging to file /home/jakubp/Code/Studies/sp/list3/.metals/metals.log[0m
2022.03.12 15:01:41 INFO  Started: Metals version 0.11.2 in workspace '/home/jakubp/Code/Studies/sp/list3' for client Visual Studio Code 1.65.2.[0m
2022.03.12 15:01:41 INFO  Parse release: 11.0.14[0m
2022.03.12 15:01:43 INFO  time: initialize in 2.34s[0m
2022.03.12 15:01:44 WARN  Build server is not auto-connectable.[0m
2022.03.12 15:01:44 WARN  no build tool detected in workspace '/home/jakubp/Code/Studies/sp/list3'. The most common cause for this problem is that the editor was opened in the wrong working directory, for example if you use sbt then the workspace directory should contain build.sbt. [0m
2022.03.12 15:01:46 WARN  no build target for: /home/jakubp/Code/Studies/sp/list3/lambdaEta.scala[0m
2022.03.12 15:01:48 INFO  no build target found for /home/jakubp/Code/Studies/sp/list3/lambdaEta.scala. Using presentation compiler with project's scala-library version: 3.1.1[0m
Mar 12, 2022 3:01:49 PM org.eclipse.lsp4j.jsonrpc.RemoteEndpoint handleCancellation
WARNING: Unmatched cancel notification for request id 3
Mar 12, 2022 3:01:49 PM org.eclipse.lsp4j.jsonrpc.RemoteEndpoint handleCancellation
WARNING: Unmatched cancel notification for request id 1
2022.03.12 15:01:48 WARN  no build target for: /home/jakubp/Code/Studies/sp/list3/lambdaEta.scala[0m
2022.03.12 15:01:51 INFO  time: code lens generation in 2.4s[0m
2022.03.12 15:01:51 INFO  time: code lens generation in 2.39s[0m
2022.03.12 15:01:51 INFO  time: code lens generation in 2.35s[0m
2022.03.12 15:01:51 INFO  time: code lens generation in 2.38s[0m
2022.03.12 15:01:51 INFO  time: code lens generation in 2.47s[0m
2022.03.12 15:01:51 INFO  time: code lens generation in 2.47s[0m
2022.03.12 15:01:51 INFO  time: code lens generation in 2.41s[0m
2022.03.12 15:01:51 INFO  time: code lens generation in 2.34s[0m
2022.03.12 15:02:03 WARN  no build target for: /home/jakubp/Code/Studies/sp/list3/lambdaEta.scala[0m
2022.03.12 15:02:06 WARN  no build target for: /home/jakubp/Code/Studies/sp/list3/listLength.scala[0m
2022.03.12 15:02:06 WARN  no build target for: /home/jakubp/Code/Studies/sp/list3/listLength.scala[0m
2022.03.12 15:03:20 WARN  no build target for: /home/jakubp/Code/Studies/sp/list3/curryUncurry.scala[0m
2022.03.12 15:35:46 WARN  no build target for: /home/jakubp/Code/Studies/sp/list3/listLength.scala[0m
2022.03.12 15:35:53 WARN  no build target for: /home/jakubp/Code/Studies/sp/list3/listLength.scala[0m
Mar 12, 2022 3:52:32 PM org.eclipse.lsp4j.jsonrpc.RemoteEndpoint handleCancellation
WARNING: Unmatched cancel notification for request id 280
2022.03.12 15:52:34 WARN  no build target for: /home/jakubp/Code/Studies/sp/list3/listLength.scala[0m
2022.03.12 15:53:25 WARN  no build target for: /home/jakubp/Code/Studies/sp/list3/lambdaEta.scala[0m
2022.03.12 15:53:25 WARN  no build target for: /home/jakubp/Code/Studies/sp/list3/lambdaEta.scala[0m
2022.03.12 15:53:25 WARN  no build target for: /home/jakubp/Code/Studies/sp/list3/lambdaEta.scala[0m
2022.03.12 15:58:07 WARN  no build target for: /home/jakubp/Code/Studies/sp/list3/lambdaEta.scala[0m
2022.03.12 15:58:11 WARN  no build target for: /home/jakubp/Code/Studies/sp/list3/curryUncurry.scala[0m
2022.03.12 16:15:06 WARN  no build target for: /home/jakubp/Code/Studies/sp/list3/curryUncurry.scala[0m
2022.03.12 16:15:35 WARN  no build target for: /home/jakubp/Code/Studies/sp/list3/curryUncurry.scala[0m
Mar 12, 2022 4:17:00 PM org.eclipse.lsp4j.jsonrpc.RemoteEndpoint handleCancellation
WARNING: Unmatched cancel notification for request id 545
2022.03.12 16:17:35 WARN  no build target for: /home/jakubp/Code/Studies/sp/list3/curryUncurry.scala[0m
2022.03.12 16:18:54 WARN  no build target for: /home/jakubp/Code/Studies/sp/list3/composition.scala[0m
2022.03.12 16:21:11 WARN  no build target for: /home/jakubp/Code/Studies/sp/list3/listLength.scala[0m
2022.03.12 16:24:51 WARN  no build target for: /home/jakubp/Code/Studies/sp/list3/lambdaEta.scala[0m
2022.03.12 16:26:08 WARN  no build target for: /home/jakubp/Code/Studies/sp/list3/curryUncurry.scala[0m
2022.03.12 16:27:17 WARN  no build target for: /home/jakubp/Code/Studies/sp/list3/composition.scala[0m
2022.03.12 16:28:49 WARN  no build target for: /home/jakubp/Code/Studies/sp/list3/curryUncurry.scala[0m
2022.03.12 16:29:01 WARN  no build target for: /home/jakubp/Code/Studies/sp/list3/curryUncurry.scala[0m
2022.03.12 16:31:16 INFO  shutting down Metals[0m
2022.03.12 18:32:02 INFO  tracing is disabled for protocol LSP, to enable tracing of incoming and outgoing JSON messages create an empty file at /home/jakubp/Code/Studies/sp/list3/.metals/lsp.trace.json or /home/jakubp/.cache/metals/lsp.trace.json[0m
2022.03.12 18:32:02 INFO  logging to file /home/jakubp/Code/Studies/sp/list3/.metals/metals.log[0m
2022.03.12 18:32:02 INFO  Started: Metals version 0.11.2 in workspace '/home/jakubp/Code/Studies/sp/list3' for client Visual Studio Code 1.65.2.[0m
2022.03.12 18:32:02 INFO  Parse release: 11.0.14[0m
2022.03.12 18:32:05 INFO  time: initialize in 2.15s[0m
2022.03.12 18:32:05 WARN  Build server is not auto-connectable.[0m
2022.03.12 18:32:05 WARN  no build tool detected in workspace '/home/jakubp/Code/Studies/sp/list3'. The most common cause for this problem is that the editor was opened in the wrong working directory, for example if you use sbt then the workspace directory should contain build.sbt. [0m
2022.03.12 18:32:07 WARN  no build target for: /home/jakubp/Code/Studies/sp/list3/curryUncurry.scala[0m
2022.03.12 18:32:09 INFO  no build target found for /home/jakubp/Code/Studies/sp/list3/curryUncurry.scala. Using presentation compiler with project's scala-library version: 3.1.1[0m
2022.03.12 18:32:11 INFO  time: code lens generation in 3.61s[0m
2022.03.12 18:49:57 INFO  shutting down Metals[0m
