java.nio.file.NoSuchFileException: /home/jakubp/Code/Studies/sp/list9/.scala-build/ide-options-v2.json
  sun.nio.fs.UnixFileSystemProvider.newByteChannel(UnixFileSystemProvider.java:218)
  java.nio.file.Files.newByteChannel(Files.java:380)
  java.nio.file.Files.newByteChannel(Files.java:432)
  java.nio.file.spi.FileSystemProvider.newInputStream(FileSystemProvider.java:422)
  java.nio.file.Files.newInputStream(Files.java:160)
  os.Path.getInputStream(Path.scala:491)
  os.read$bytes$.apply(ReadWriteOps.scala:256)
  scala.cli.commands.Bsp$.$anonfun$run$2(Bsp.scala:24)
  scala.Option.map(Option.scala:242)
  scala.cli.commands.Bsp$.$anonfun$run$1(Bsp.scala:23)
  scala.cli.commands.Bsp$.$anonfun$run$7(Bsp.scala:40)
  scala.build.bsp.BspReloadableOptions$Reference.<init>(BspReloadableOptions.scala:16)
  scala.build.bsp.BspReloadableOptions$Reference$.apply(BspReloadableOptions.scala:21)
  scala.cli.commands.Bsp$.run(Bsp.scala:39)
  scala.cli.commands.Bsp$.run(Bsp.scala:15)
  caseapp.core.app.CaseApp.main(CaseApp.scala:149)
  caseapp.core.app.CommandsEntryPoint.main(CommandsEntryPoint.scala:116)
  scala.cli.ScalaCliCommands.main(ScalaCliCommands.scala:96)
  scala.cli.ScalaCli$.main0(ScalaCli.scala:154)
  scala.cli.ScalaCli$.main(ScalaCli.scala:73)
  scala.cli.ScalaCli.main(ScalaCli.scala)
