2022.05.21 20:13:10 INFO  tracing is disabled for protocol LSP, to enable tracing of incoming and outgoing JSON messages create an empty file at /home/jakubp/Code/Studies/sp/list11/.metals/lsp.trace.json or /home/jakubp/.cache/metals/lsp.trace.json[0m
2022.05.21 20:13:11 INFO  logging to file /home/jakubp/Code/Studies/sp/list11/.metals/metals.log[0m
2022.05.21 20:13:11 INFO  Started: Metals version 0.11.5 in workspace '/home/jakubp/Code/Studies/sp/list11' for client Visual Studio Code 1.67.2.[0m
2022.05.21 20:13:13 INFO  time: initialize in 2.47s[0m
2022.05.21 20:13:13 WARN  Flyway upgrade recommended: H2 2.1.212 is newer than this version of Flyway and support has not been tested. The latest supported version of H2 is 2.1.210.[0m
2022.05.21 20:13:13 WARN  Build server is not auto-connectable.[0m
2022.05.21 20:13:13 WARN  no build tool detected in workspace '/home/jakubp/Code/Studies/sp/list11'. The most common cause for this problem is that the editor was opened in the wrong working directory, for example if you use sbt then the workspace directory should contain build.sbt. [0m
2022.05.21 20:13:15 WARN  no build target for: /home/jakubp/Code/Studies/sp/list11/codewords.scala[0m
2022.05.21 20:13:18 INFO  no build target found for /home/jakubp/Code/Studies/sp/list11/codewords.scala. Using presentation compiler with project's scala-library version: 3.1.2[0m
May 21, 2022 8:13:19 PM org.eclipse.lsp4j.jsonrpc.RemoteEndpoint handleCancellation
WARNING: Unmatched cancel notification for request id 1
May 21, 2022 8:13:19 PM org.eclipse.lsp4j.jsonrpc.RemoteEndpoint handleCancellation
WARNING: Unmatched cancel notification for request id 6
May 21, 2022 8:13:19 PM org.eclipse.lsp4j.jsonrpc.RemoteEndpoint handleCancellation
WARNING: Unmatched cancel notification for request id 5
May 21, 2022 8:13:19 PM org.eclipse.lsp4j.jsonrpc.RemoteEndpoint handleCancellation
WARNING: Unmatched cancel notification for request id 17
2022.05.21 20:13:20 INFO  time: code lens generation in 1.04s[0m
2022.05.21 20:13:29 WARN  no build target for: /home/jakubp/Code/Studies/sp/list11/codewords.scala[0m
2022.05.21 20:39:35 WARN  no build target for: /home/jakubp/Code/Studies/sp/list11/codewords.scala[0m
2022.05.21 20:43:04 WARN  no build target for: /home/jakubp/Code/Studies/sp/list11/codewords.scala[0m
2022.05.21 20:43:42 WARN  no build target for: /home/jakubp/Code/Studies/sp/list11/codewords.scala[0m
2022.05.21 20:43:57 WARN  no build target for: /home/jakubp/Code/Studies/sp/list11/codewords.scala[0m
2022.05.21 20:44:41 WARN  no build target for: /home/jakubp/Code/Studies/sp/list11/codewords.scala[0m
2022.05.21 20:45:02 WARN  no build target for: /home/jakubp/Code/Studies/sp/list11/codewords.scala[0m
2022.05.21 20:46:00 WARN  no build target for: /home/jakubp/Code/Studies/sp/list11/codewords.scala[0m
2022.05.21 20:46:09 WARN  no build target for: /home/jakubp/Code/Studies/sp/list11/codewords.scala[0m
2022.05.21 20:46:19 WARN  no build target for: /home/jakubp/Code/Studies/sp/list11/codewords.scala[0m
2022.05.21 20:47:53 WARN  no build target for: /home/jakubp/Code/Studies/sp/list11/codewords.scala[0m
2022.05.21 20:47:56 WARN  no build target for: /home/jakubp/Code/Studies/sp/list11/codewords.scala[0m
2022.05.21 20:48:40 WARN  no build target for: /home/jakubp/Code/Studies/sp/list11/codewords.scala[0m
2022.05.21 20:48:57 WARN  no build target for: /home/jakubp/Code/Studies/sp/list11/codewords.scala[0m
2022.05.21 20:49:24 WARN  no build target for: /home/jakubp/Code/Studies/sp/list11/codewords.scala[0m
2022.05.21 20:50:37 WARN  no build target for: /home/jakubp/Code/Studies/sp/list11/codewords.scala[0m
2022.05.21 20:51:05 WARN  no build target for: /home/jakubp/Code/Studies/sp/list11/codewords.scala[0m
2022.05.21 20:51:43 WARN  no build target for: /home/jakubp/Code/Studies/sp/list11/codewords.scala[0m
2022.05.21 20:52:06 WARN  no build target for: /home/jakubp/Code/Studies/sp/list11/codewords.scala[0m
2022.05.21 20:54:25 WARN  no build target for: /home/jakubp/Code/Studies/sp/list11/codewords.scala[0m
2022.05.21 20:54:41 WARN  no build target for: /home/jakubp/Code/Studies/sp/list11/codewords.scala[0m
2022.05.21 20:56:03 WARN  no build target for: /home/jakubp/Code/Studies/sp/list11/codewords.scala[0m
2022.05.21 20:56:13 WARN  no build target for: /home/jakubp/Code/Studies/sp/list11/codewords.scala[0m
2022.05.21 20:56:32 WARN  no build target for: /home/jakubp/Code/Studies/sp/list11/codewords.scala[0m
2022.05.21 20:57:02 WARN  no build target for: /home/jakubp/Code/Studies/sp/list11/codewords.scala[0m
2022.05.21 20:58:44 WARN  no build target for: /home/jakubp/Code/Studies/sp/list11/codewords.scala[0m
2022.05.21 20:58:57 WARN  no build target for: /home/jakubp/Code/Studies/sp/list11/codewords.scala[0m
2022.05.21 20:59:22 WARN  no build target for: /home/jakubp/Code/Studies/sp/list11/codewords.scala[0m
2022.05.21 20:59:31 WARN  no build target for: /home/jakubp/Code/Studies/sp/list11/codewords.scala[0m
2022.05.21 20:59:43 WARN  no build target for: /home/jakubp/Code/Studies/sp/list11/codewords.scala[0m
2022.05.21 21:00:07 WARN  no build target for: /home/jakubp/Code/Studies/sp/list11/codewords.scala[0m
2022.05.21 21:00:31 WARN  no build target for: /home/jakubp/Code/Studies/sp/list11/codewords.scala[0m
2022.05.21 21:01:06 WARN  no build target for: /home/jakubp/Code/Studies/sp/list11/codewords.scala[0m
2022.05.21 21:01:15 WARN  no build target for: /home/jakubp/Code/Studies/sp/list11/codewords.scala[0m
2022.05.21 21:04:20 WARN  no build target for: /home/jakubp/Code/Studies/sp/list11/codewords.scala[0m
2022.05.21 21:04:44 WARN  no build target for: /home/jakubp/Code/Studies/sp/list11/codewords.scala[0m
2022.05.21 21:04:50 WARN  no build target for: /home/jakubp/Code/Studies/sp/list11/codewords.scala[0m
2022.05.21 21:10:39 WARN  no build target for: /home/jakubp/Code/Studies/sp/list11/codewords.scala[0m
2022.05.21 22:05:36 WARN  no build target for: /home/jakubp/Code/Studies/sp/list11/codewords.scala[0m
2022.05.21 22:08:24 WARN  no build target for: /home/jakubp/Code/Studies/sp/list11/codewords.scala[0m
2022.05.21 22:09:07 WARN  no build target for: /home/jakubp/Code/Studies/sp/list11/codewords.scala[0m
2022.05.21 22:09:12 WARN  no build target for: /home/jakubp/Code/Studies/sp/list11/codewords.scala[0m
2022.05.21 22:09:15 WARN  no build target for: /home/jakubp/Code/Studies/sp/list11/codewords.scala[0m
2022.05.21 22:09:28 WARN  no build target for: /home/jakubp/Code/Studies/sp/list11/codewords.scala[0m
2022.05.21 22:09:37 WARN  no build target for: /home/jakubp/Code/Studies/sp/list11/codewords.scala[0m
2022.05.21 22:13:16 WARN  no build target for: /home/jakubp/Code/Studies/sp/list11/codewords.scala[0m
2022.05.21 22:13:17 WARN  no build target for: /home/jakubp/Code/Studies/sp/list11/codewords.scala[0m
2022.05.21 22:13:44 WARN  no build target for: /home/jakubp/Code/Studies/sp/list11/codewords.scala[0m
2022.05.21 22:14:07 WARN  no build target for: /home/jakubp/Code/Studies/sp/list11/codewords.scala[0m
2022.05.21 22:14:24 WARN  no build target for: /home/jakubp/Code/Studies/sp/list11/codewords.scala[0m
2022.05.21 22:14:34 WARN  no build target for: /home/jakubp/Code/Studies/sp/list11/codewords.scala[0m
2022.05.21 22:14:43 WARN  no build target for: /home/jakubp/Code/Studies/sp/list11/codewords.scala[0m
2022.05.21 22:14:48 WARN  no build target for: /home/jakubp/Code/Studies/sp/list11/codewords.scala[0m
2022.05.21 22:15:13 WARN  no build target for: /home/jakubp/Code/Studies/sp/list11/codewords.scala[0m
2022.05.21 22:15:47 WARN  no build target for: /home/jakubp/Code/Studies/sp/list11/codewords.scala[0m
2022.05.21 22:15:59 WARN  no build target for: /home/jakubp/Code/Studies/sp/list11/codewords.scala[0m
2022.05.21 22:16:29 WARN  no build target for: /home/jakubp/Code/Studies/sp/list11/codewords.scala[0m
2022.05.21 22:16:40 WARN  no build target for: /home/jakubp/Code/Studies/sp/list11/codewords.scala[0m
2022.05.21 22:16:48 WARN  no build target for: /home/jakubp/Code/Studies/sp/list11/codewords.scala[0m
2022.05.21 22:19:46 WARN  no build target for: /home/jakubp/Code/Studies/sp/list11/codewords.scala[0m
2022.05.21 22:19:55 WARN  no build target for: /home/jakubp/Code/Studies/sp/list11/codewords.scala[0m
2022.05.21 22:22:14 WARN  no build target for: /home/jakubp/Code/Studies/sp/list11/polynomialsGF2.scala[0m
2022.05.21 22:22:14 WARN  no build target for: /home/jakubp/Code/Studies/sp/list11/polynomialsGF2.scala[0m
2022.05.21 22:29:39 WARN  no build target for: /home/jakubp/Code/Studies/sp/list11/codewords.scala[0m
2022.05.21 22:30:07 WARN  no build target for: /home/jakubp/Code/Studies/sp/list11/codewords.scala[0m
2022.05.21 22:31:53 WARN  no build target for: /home/jakubp/Code/Studies/sp/list11/codewords.scala[0m
2022.05.21 22:33:35 WARN  no build target for: /home/jakubp/Code/Studies/sp/list11/codewords.scala[0m
2022.05.21 22:35:35 WARN  no build target for: /home/jakubp/Code/Studies/sp/list11/codewords.scala[0m
2022.05.21 22:38:13 WARN  no build target for: /home/jakubp/Code/Studies/sp/list11/codewords.scala[0m
2022.05.21 22:38:25 WARN  no build target for: /home/jakubp/Code/Studies/sp/list11/codewords.scala[0m
2022.05.21 22:38:36 WARN  no build target for: /home/jakubp/Code/Studies/sp/list11/codewords.scala[0m
2022.05.21 22:39:29 WARN  no build target for: /home/jakubp/Code/Studies/sp/list11/codewords.scala[0m
2022.05.21 22:41:40 WARN  no build target for: /home/jakubp/Code/Studies/sp/list11/codewords.scala[0m
2022.05.21 22:42:04 WARN  no build target for: /home/jakubp/Code/Studies/sp/list11/codewords.scala[0m
2022.05.21 22:42:38 WARN  no build target for: /home/jakubp/Code/Studies/sp/list11/codewords.scala[0m
2022.05.21 22:42:52 WARN  no build target for: /home/jakubp/Code/Studies/sp/list11/codewords.scala[0m
2022.05.21 22:44:29 WARN  no build target for: /home/jakubp/Code/Studies/sp/list11/codewords.scala[0m
2022.05.21 22:44:50 WARN  no build target for: /home/jakubp/Code/Studies/sp/list11/codewords.scala[0m
2022.05.21 22:45:08 WARN  no build target for: /home/jakubp/Code/Studies/sp/list11/codewords.scala[0m
2022.05.21 22:45:30 WARN  no build target for: /home/jakubp/Code/Studies/sp/list11/codewords.scala[0m
2022.05.21 22:46:55 WARN  no build target for: /home/jakubp/Code/Studies/sp/list11/codewords.scala[0m
2022.05.21 22:47:23 WARN  no build target for: /home/jakubp/Code/Studies/sp/list11/codewords.scala[0m
2022.05.21 22:47:37 WARN  no build target for: /home/jakubp/Code/Studies/sp/list11/codewords.scala[0m
2022.05.21 22:47:46 WARN  no build target for: /home/jakubp/Code/Studies/sp/list11/codewords.scala[0m
2022.05.21 22:48:04 WARN  no build target for: /home/jakubp/Code/Studies/sp/list11/codewords.scala[0m
2022.05.21 22:48:32 WARN  no build target for: /home/jakubp/Code/Studies/sp/list11/codewords.scala[0m
2022.05.21 22:48:55 WARN  no build target for: /home/jakubp/Code/Studies/sp/list11/codewords.scala[0m
2022.05.21 22:48:55 WARN  no build target for: /home/jakubp/Code/Studies/sp/list11/codewords.scala[0m
2022.05.21 23:05:02 WARN  no build target for: /home/jakubp/Code/Studies/sp/list11/codewords.scala[0m
2022.05.21 23:05:05 WARN  no build target for: /home/jakubp/Code/Studies/sp/list11/codewords.scala[0m
2022.05.21 23:07:01 WARN  no build target for: /home/jakubp/Code/Studies/sp/list11/codewords.scala[0m
2022.05.21 23:07:12 WARN  no build target for: /home/jakubp/Code/Studies/sp/list11/codewords2.scala[0m
2022.05.21 23:07:12 WARN  no build target for: /home/jakubp/Code/Studies/sp/list11/codewords2.scala[0m
2022.05.21 23:07:18 WARN  no build target for: /home/jakubp/Code/Studies/sp/list11/codewords2.scala[0m
2022.05.21 23:07:34 WARN  no build target for: /home/jakubp/Code/Studies/sp/list11/codewords2.scala[0m
2022.05.21 23:07:39 WARN  no build target for: /home/jakubp/Code/Studies/sp/list11/codewords2.scala[0m
2022.05.21 23:08:22 WARN  no build target for: /home/jakubp/Code/Studies/sp/list11/codewords2.scala[0m
2022.05.21 23:08:49 WARN  no build target for: /home/jakubp/Code/Studies/sp/list11/codewords2.scala[0m
May 21, 2022 11:08:55 PM org.eclipse.lsp4j.jsonrpc.RemoteEndpoint handleCancellation
WARNING: Unmatched cancel notification for request id 6828
2022.05.21 23:10:20 WARN  no build target for: /home/jakubp/Code/Studies/sp/list11/codewords2.scala[0m
2022.05.21 23:10:46 WARN  no build target for: /home/jakubp/Code/Studies/sp/list11/codewords2.scala[0m
2022.05.21 23:11:54 WARN  no build target for: /home/jakubp/Code/Studies/sp/list11/codewords2.scala[0m
2022.05.21 23:13:25 WARN  no build target for: /home/jakubp/Code/Studies/sp/list11/codewords2.scala[0m
2022.05.21 23:14:32 WARN  no build target for: /home/jakubp/Code/Studies/sp/list11/codewords2.scala[0m
2022.05.21 23:15:48 WARN  no build target for: /home/jakubp/Code/Studies/sp/list11/codewords2.scala[0m
2022.05.21 23:16:02 WARN  no build target for: /home/jakubp/Code/Studies/sp/list11/codewords2.scala[0m
2022.05.21 23:16:11 WARN  no build target for: /home/jakubp/Code/Studies/sp/list11/codewords2.scala[0m
2022.05.21 23:16:27 WARN  no build target for: /home/jakubp/Code/Studies/sp/list11/codewords2.scala[0m
2022.05.21 23:16:56 WARN  no build target for: /home/jakubp/Code/Studies/sp/list11/codewords2.scala[0m
2022.05.21 23:17:24 WARN  no build target for: /home/jakubp/Code/Studies/sp/list11/codewords2.scala[0m
2022.05.21 23:17:39 WARN  no build target for: /home/jakubp/Code/Studies/sp/list11/codewords2.scala[0m
2022.05.21 23:18:11 WARN  no build target for: /home/jakubp/Code/Studies/sp/list11/codewords2.scala[0m
2022.05.21 23:18:41 WARN  no build target for: /home/jakubp/Code/Studies/sp/list11/codewords2.scala[0m
2022.05.21 23:18:59 WARN  no build target for: /home/jakubp/Code/Studies/sp/list11/codewords2.scala[0m
2022.05.21 23:19:41 WARN  no build target for: /home/jakubp/Code/Studies/sp/list11/codewords2.scala[0m
2022.05.21 23:20:31 WARN  no build target for: /home/jakubp/Code/Studies/sp/list11/codewords2.scala[0m
2022.05.21 23:20:50 WARN  no build target for: /home/jakubp/Code/Studies/sp/list11/codewords2.scala[0m
2022.05.21 23:21:02 WARN  no build target for: /home/jakubp/Code/Studies/sp/list11/codewords2.scala[0m
2022.05.21 23:21:18 WARN  no build target for: /home/jakubp/Code/Studies/sp/list11/codewords2.scala[0m
2022.05.21 23:22:16 WARN  no build target for: /home/jakubp/Code/Studies/sp/list11/codewords2.scala[0m
2022.05.21 23:22:30 WARN  no build target for: /home/jakubp/Code/Studies/sp/list11/codewords2.scala[0m
2022.05.21 23:31:03 WARN  no build target for: /home/jakubp/Code/Studies/sp/list11/polynomialsGF2.scala[0m
2022.05.21 23:31:14 WARN  no build target for: /home/jakubp/Code/Studies/sp/list11/polynomialsGF2.scala[0m
2022.05.21 23:31:44 WARN  no build target for: /home/jakubp/Code/Studies/sp/list11/polynomialsGF2.scala[0m
2022.05.21 23:32:30 WARN  no build target for: /home/jakubp/Code/Studies/sp/list11/polynomialsGF2.scala[0m
2022.05.21 23:32:48 WARN  no build target for: /home/jakubp/Code/Studies/sp/list11/polynomialsGF2.scala[0m
2022.05.21 23:33:04 WARN  no build target for: /home/jakubp/Code/Studies/sp/list11/polynomialsGF2.scala[0m
2022.05.21 23:33:09 WARN  no build target for: /home/jakubp/Code/Studies/sp/list11/polynomialsGF2.scala[0m
2022.05.21 23:33:25 WARN  no build target for: /home/jakubp/Code/Studies/sp/list11/polynomialsGF2.scala[0m
2022.05.21 23:33:31 WARN  no build target for: /home/jakubp/Code/Studies/sp/list11/polynomialsGF2.scala[0m
2022.05.21 23:34:07 WARN  no build target for: /home/jakubp/Code/Studies/sp/list11/polynomialsGF2.scala[0m
2022.05.21 23:34:37 WARN  no build target for: /home/jakubp/Code/Studies/sp/list11/polynomialsGF2.scala[0m
2022.05.21 23:34:51 WARN  no build target for: /home/jakubp/Code/Studies/sp/list11/polynomialsGF2.scala[0m
2022.05.21 23:34:52 WARN  no build target for: /home/jakubp/Code/Studies/sp/list11/polynomialsGF2.scala[0m
2022.05.21 23:35:23 WARN  no build target for: /home/jakubp/Code/Studies/sp/list11/polynomialsGF2.scala[0m
2022.05.21 23:35:26 WARN  no build target for: /home/jakubp/Code/Studies/sp/list11/polynomialsGF2.scala[0m
2022.05.21 23:36:04 WARN  no build target for: /home/jakubp/Code/Studies/sp/list11/polynomialsGF2.scala[0m
2022.05.21 23:36:56 WARN  no build target for: /home/jakubp/Code/Studies/sp/list11/polynomialsGF2.scala[0m
2022.05.21 23:37:49 WARN  no build target for: /home/jakubp/Code/Studies/sp/list11/polynomialsGF2.scala[0m
2022.05.21 23:37:50 WARN  no build target for: /home/jakubp/Code/Studies/sp/list11/polynomialsGF2.scala[0m
2022.05.21 23:40:08 WARN  no build target for: /home/jakubp/Code/Studies/sp/list11/polynomialsGF2.scala[0m
2022.05.21 23:40:18 WARN  no build target for: /home/jakubp/Code/Studies/sp/list11/polynomialsGF2.scala[0m
2022.05.21 23:40:27 WARN  no build target for: /home/jakubp/Code/Studies/sp/list11/polynomialsGF2.scala[0m
2022.05.21 23:40:46 WARN  no build target for: /home/jakubp/Code/Studies/sp/list11/polynomialsGF2.scala[0m
2022.05.21 23:41:04 WARN  no build target for: /home/jakubp/Code/Studies/sp/list11/polynomialsGF2.scala[0m
2022.05.21 23:41:14 WARN  no build target for: /home/jakubp/Code/Studies/sp/list11/polynomialsGF2.scala[0m
2022.05.21 23:41:46 WARN  no build target for: /home/jakubp/Code/Studies/sp/list11/polynomialsGF2.scala[0m
2022.05.21 23:42:03 WARN  no build target for: /home/jakubp/Code/Studies/sp/list11/polynomialsGF2.scala[0m
2022.05.21 23:42:22 WARN  no build target for: /home/jakubp/Code/Studies/sp/list11/polynomialsGF2.scala[0m
2022.05.21 23:42:40 WARN  no build target for: /home/jakubp/Code/Studies/sp/list11/polynomialsGF2.scala[0m
2022.05.21 23:43:07 WARN  no build target for: /home/jakubp/Code/Studies/sp/list11/polynomialsGF2.scala[0m
2022.05.21 23:43:17 WARN  no build target for: /home/jakubp/Code/Studies/sp/list11/polynomialsGF2.scala[0m
2022.05.21 23:43:48 WARN  no build target for: /home/jakubp/Code/Studies/sp/list11/polynomialsGF2.scala[0m
2022.05.21 23:43:50 WARN  no build target for: /home/jakubp/Code/Studies/sp/list11/polynomialsGF2.scala[0m
2022.05.21 23:44:04 WARN  no build target for: /home/jakubp/Code/Studies/sp/list11/polynomialsGF2.scala[0m
2022.05.21 23:44:27 WARN  no build target for: /home/jakubp/Code/Studies/sp/list11/polynomialsGF2.scala[0m
2022.05.21 23:44:42 WARN  no build target for: /home/jakubp/Code/Studies/sp/list11/polynomialsGF2.scala[0m
2022.05.21 23:44:54 WARN  no build target for: /home/jakubp/Code/Studies/sp/list11/polynomialsGF2.scala[0m
2022.05.21 23:45:15 WARN  no build target for: /home/jakubp/Code/Studies/sp/list11/polynomialsGF2.scala[0m
2022.05.21 23:45:18 WARN  no build target for: /home/jakubp/Code/Studies/sp/list11/polynomialsGF2.scala[0m
2022.05.21 23:47:39 WARN  no build target for: /home/jakubp/Code/Studies/sp/list11/polynomialsGF2.scala[0m
2022.05.21 23:48:00 WARN  no build target for: /home/jakubp/Code/Studies/sp/list11/polynomialsGF2.scala[0m
2022.05.21 23:48:15 WARN  no build target for: /home/jakubp/Code/Studies/sp/list11/polynomialsGF2.scala[0m
2022.05.21 23:48:27 WARN  no build target for: /home/jakubp/Code/Studies/sp/list11/polynomialsGF2.scala[0m
2022.05.21 23:48:55 WARN  no build target for: /home/jakubp/Code/Studies/sp/list11/polynomialsGF2.scala[0m
2022.05.21 23:49:35 WARN  no build target for: /home/jakubp/Code/Studies/sp/list11/polynomialsGF2.scala[0m
2022.05.21 23:49:56 WARN  no build target for: /home/jakubp/Code/Studies/sp/list11/polynomialsGF2.scala[0m
2022.05.21 23:50:40 WARN  no build target for: /home/jakubp/Code/Studies/sp/list11/polynomialsGF2.scala[0m
2022.05.21 23:50:47 WARN  no build target for: /home/jakubp/Code/Studies/sp/list11/polynomialsGF2.scala[0m
2022.05.21 23:50:53 WARN  no build target for: /home/jakubp/Code/Studies/sp/list11/polynomialsGF2.scala[0m
2022.05.21 23:52:11 WARN  no build target for: /home/jakubp/Code/Studies/sp/list11/polynomialsGF2.scala[0m
2022.05.21 23:52:34 WARN  no build target for: /home/jakubp/Code/Studies/sp/list11/polynomialsGF2.scala[0m
2022.05.21 23:53:50 WARN  no build target for: /home/jakubp/Code/Studies/sp/list11/polynomialsGF2.scala[0m
2022.05.21 23:55:07 WARN  no build target for: /home/jakubp/Code/Studies/sp/list11/polynomialsGF2.scala[0m
2022.05.21 23:55:11 WARN  no build target for: /home/jakubp/Code/Studies/sp/list11/polynomialsGF2.scala[0m
2022.05.21 23:55:11 WARN  no build target for: /home/jakubp/Code/Studies/sp/list11/polynomialsGF2.scala[0m
2022.05.21 23:55:22 WARN  no build target for: /home/jakubp/Code/Studies/sp/list11/polynomialsGF2.scala[0m
2022.05.21 23:56:51 WARN  no build target for: /home/jakubp/Code/Studies/sp/list11/polynomialsGF2.scala[0m
2022.05.21 23:57:39 WARN  no build target for: /home/jakubp/Code/Studies/sp/list11/polynomialsGF2.scala[0m
2022.05.21 23:58:24 WARN  no build target for: /home/jakubp/Code/Studies/sp/list11/polynomialsGF2.scala[0m
2022.05.21 23:58:59 WARN  no build target for: /home/jakubp/Code/Studies/sp/list11/polynomialsGF2.scala[0m
2022.05.21 23:59:21 WARN  no build target for: /home/jakubp/Code/Studies/sp/list11/polynomialsGF2.scala[0m
2022.05.21 23:59:47 WARN  no build target for: /home/jakubp/Code/Studies/sp/list11/polynomialsGF2.scala[0m
2022.05.22 00:00:21 WARN  no build target for: /home/jakubp/Code/Studies/sp/list11/polynomialsGF2.scala[0m
2022.05.22 00:00:43 WARN  no build target for: /home/jakubp/Code/Studies/sp/list11/polynomialsGF2.scala[0m
2022.05.22 00:01:24 WARN  no build target for: /home/jakubp/Code/Studies/sp/list11/polynomialsGF2.scala[0m
2022.05.22 00:01:30 WARN  no build target for: /home/jakubp/Code/Studies/sp/list11/polynomialsGF2.scala[0m
2022.05.22 00:01:36 WARN  no build target for: /home/jakubp/Code/Studies/sp/list11/polynomialsGF2.scala[0m
2022.05.22 00:02:19 WARN  no build target for: /home/jakubp/Code/Studies/sp/list11/polynomialsGF2.scala[0m
2022.05.22 00:02:33 WARN  no build target for: /home/jakubp/Code/Studies/sp/list11/polynomialsGF2.scala[0m
2022.05.22 00:02:55 WARN  no build target for: /home/jakubp/Code/Studies/sp/list11/polynomialsGF2.scala[0m
2022.05.22 00:03:18 WARN  no build target for: /home/jakubp/Code/Studies/sp/list11/polynomialsGF2.scala[0m
2022.05.22 00:03:41 WARN  no build target for: /home/jakubp/Code/Studies/sp/list11/polynomialsGF2.scala[0m
2022.05.22 00:04:24 WARN  no build target for: /home/jakubp/Code/Studies/sp/list11/polynomialsGF2.scala[0m
2022.05.22 00:04:34 WARN  no build target for: /home/jakubp/Code/Studies/sp/list11/polynomialsGF2.scala[0m
2022.05.22 00:04:50 WARN  no build target for: /home/jakubp/Code/Studies/sp/list11/polynomialsGF2.scala[0m
2022.05.22 00:05:28 WARN  no build target for: /home/jakubp/Code/Studies/sp/list11/polynomialsGF2.scala[0m
2022.05.22 00:07:18 WARN  no build target for: /home/jakubp/Code/Studies/sp/list11/polynomialsGF2.scala[0m
2022.05.22 00:07:44 WARN  no build target for: /home/jakubp/Code/Studies/sp/list11/polynomialsGF2.scala[0m
2022.05.22 00:08:02 WARN  no build target for: /home/jakubp/Code/Studies/sp/list11/codewords2.scala[0m
2022.05.22 00:08:39 WARN  no build target for: /home/jakubp/Code/Studies/sp/list11/codewords2.scala[0m
2022.05.22 00:08:42 WARN  no build target for: /home/jakubp/Code/Studies/sp/list11/codewords2.scala[0m
2022.05.22 00:09:30 WARN  no build target for: /home/jakubp/Code/Studies/sp/list11/codewords2.scala[0m
2022.05.22 00:09:34 WARN  no build target for: /home/jakubp/Code/Studies/sp/list11/codewords2.scala[0m
2022.05.22 00:10:12 WARN  no build target for: /home/jakubp/Code/Studies/sp/list11/codewords2.scala[0m
2022.05.22 00:10:18 INFO  shutting down Metals[0m
2022.05.22 11:57:07 INFO  tracing is disabled for protocol LSP, to enable tracing of incoming and outgoing JSON messages create an empty file at /home/jakubp/Code/Studies/sp/list11/.metals/lsp.trace.json or /home/jakubp/.cache/metals/lsp.trace.json[0m
2022.05.22 11:57:08 INFO  logging to file /home/jakubp/Code/Studies/sp/list11/.metals/metals.log[0m
2022.05.22 11:57:08 INFO  Started: Metals version 0.11.5 in workspace '/home/jakubp/Code/Studies/sp/list11' for client Visual Studio Code 1.67.2.[0m
2022.05.22 11:57:10 INFO  time: initialize in 2.4s[0m
2022.05.22 11:57:10 WARN  Flyway upgrade recommended: H2 2.1.212 is newer than this version of Flyway and support has not been tested. The latest supported version of H2 is 2.1.210.[0m
2022.05.22 11:57:10 WARN  Build server is not auto-connectable.[0m
2022.05.22 11:57:10 WARN  no build tool detected in workspace '/home/jakubp/Code/Studies/sp/list11'. The most common cause for this problem is that the editor was opened in the wrong working directory, for example if you use sbt then the workspace directory should contain build.sbt. [0m
2022.05.22 11:57:12 WARN  no build target for: /home/jakubp/Code/Studies/sp/list11/codewords2.scala[0m
2022.05.22 11:57:15 INFO  no build target found for /home/jakubp/Code/Studies/sp/list11/codewords2.scala. Using presentation compiler with project's scala-library version: 3.1.2[0m
2022.05.22 11:57:17 INFO  time: code lens generation in 4.5s[0m
2022.05.22 12:09:40 WARN  no build target for: /home/jakubp/Code/Studies/sp/list11/codewords2.scala[0m
2022.05.22 12:09:41 WARN  no build target for: /home/jakubp/Code/Studies/sp/list11/codewords2.scala[0m
2022.05.22 12:10:01 WARN  no build target for: /home/jakubp/Code/Studies/sp/list11/codewords2.scala[0m
2022.05.22 12:10:21 WARN  no build target for: /home/jakubp/Code/Studies/sp/list11/codewords2.scala[0m
2022.05.22 12:10:49 WARN  no build target for: /home/jakubp/Code/Studies/sp/list11/codewords2.scala[0m
2022.05.22 12:11:00 WARN  no build target for: /home/jakubp/Code/Studies/sp/list11/codewords2.scala[0m
2022.05.22 12:11:13 WARN  no build target for: /home/jakubp/Code/Studies/sp/list11/codewords2.scala[0m
2022.05.22 12:12:00 WARN  no build target for: /home/jakubp/Code/Studies/sp/list11/codewords2.scala[0m
2022.05.22 12:12:30 WARN  no build target for: /home/jakubp/Code/Studies/sp/list11/codewords2.scala[0m
2022.05.22 12:13:24 WARN  no build target for: /home/jakubp/Code/Studies/sp/list11/polynomialsGF2.scala[0m
2022.05.22 12:13:25 WARN  no build target for: /home/jakubp/Code/Studies/sp/list11/polynomialsGF2.scala[0m
2022.05.22 12:13:45 WARN  no build target for: /home/jakubp/Code/Studies/sp/list11/polynomialsGF2.scala[0m
2022.05.22 12:13:52 WARN  no build target for: /home/jakubp/Code/Studies/sp/list11/polynomialsGF2.scala[0m
2022.05.22 12:14:12 WARN  no build target for: /home/jakubp/Code/Studies/sp/list11/polynomialsGF2.scala[0m
2022.05.22 12:14:41 WARN  no build target for: /home/jakubp/Code/Studies/sp/list11/polynomialsGF2.scala[0m
2022.05.22 12:18:12 INFO  shutting down Metals[0m
