2022.05.12 18:24:26 INFO  tracing is disabled for protocol LSP, to enable tracing of incoming and outgoing JSON messages create an empty file at /home/jakubp/Code/Studies/sp/list10/.metals/lsp.trace.json or /home/jakubp/.cache/metals/lsp.trace.json[0m
2022.05.12 18:24:26 INFO  logging to file /home/jakubp/Code/Studies/sp/list10/.metals/metals.log[0m
2022.05.12 18:24:26 INFO  Started: Metals version 0.11.5 in workspace '/home/jakubp/Code/Studies/sp/list10' for client Visual Studio Code 1.67.1.[0m
2022.05.12 18:24:29 INFO  time: initialize in 2.5s[0m
2022.05.12 18:24:29 WARN  Flyway upgrade recommended: H2 2.1.212 is newer than this version of Flyway and support has not been tested. The latest supported version of H2 is 2.1.210.[0m
2022.05.12 18:24:29 WARN  Build server is not auto-connectable.[0m
2022.05.12 18:24:29 WARN  no build tool detected in workspace '/home/jakubp/Code/Studies/sp/list10'. The most common cause for this problem is that the editor was opened in the wrong working directory, for example if you use sbt then the workspace directory should contain build.sbt. [0m
2022.05.12 18:24:31 WARN  no build target for: /home/jakubp/Code/Studies/sp/list10/AMS.scala[0m
2022.05.12 18:24:33 INFO  no build target found for /home/jakubp/Code/Studies/sp/list10/AMS.scala. Using presentation compiler with project's scala-library version: 3.1.2[0m
2022.05.12 18:24:35 INFO  time: code lens generation in 3.96s[0m
2022.05.12 18:29:49 WARN  no build target for: /home/jakubp/Code/Studies/sp/list10/AMS.scala[0m
2022.05.12 18:29:50 INFO  time: code lens generation in 1.14s[0m
2022.05.12 18:34:35 WARN  no build target for: /home/jakubp/Code/Studies/sp/list10/AMS.scala[0m
2022.05.12 18:34:35 WARN  no build target for: /home/jakubp/Code/Studies/sp/list10/AMS.scala[0m
2022.05.12 18:34:44 WARN  no build target for: /home/jakubp/Code/Studies/sp/list10/AMS.scala[0m
May 12, 2022 6:35:16 PM org.eclipse.lsp4j.jsonrpc.RemoteEndpoint fallbackResponseError
SEVERE: Internal error: org.scalameta.invariants.InvariantFailedException: invariant failed:
when verifying scala.meta.internal.trees.`package`.XtensionTreesType(tpe).isConstructable
found that scala.meta.internal.trees.`package`.XtensionTreesType(tpe).isConstructable is false
where tpe = (m, k)
java.util.concurrent.CompletionException: org.scalameta.invariants.InvariantFailedException: invariant failed:
when verifying scala.meta.internal.trees.`package`.XtensionTreesType(tpe).isConstructable
found that scala.meta.internal.trees.`package`.XtensionTreesType(tpe).isConstructable is false
where tpe = (m, k)
	at java.base/java.util.concurrent.CompletableFuture.encodeThrowable(CompletableFuture.java:331)
	at java.base/java.util.concurrent.CompletableFuture.completeThrowable(CompletableFuture.java:346)
	at java.base/java.util.concurrent.CompletableFuture$UniAccept.tryFire(CompletableFuture.java:704)
	at java.base/java.util.concurrent.CompletableFuture.postComplete(CompletableFuture.java:506)
	at java.base/java.util.concurrent.CompletableFuture.completeExceptionally(CompletableFuture.java:2088)
	at scala.meta.internal.metals.CancelTokens$.$anonfun$future$1(CancelTokens.scala:40)
	at scala.meta.internal.metals.CancelTokens$.$anonfun$future$1$adapted(CancelTokens.scala:38)
	at scala.concurrent.impl.Promise$Transformation.run(Promise.scala:484)
	at java.base/java.util.concurrent.ThreadPoolExecutor.runWorker(ThreadPoolExecutor.java:1128)
	at java.base/java.util.concurrent.ThreadPoolExecutor$Worker.run(ThreadPoolExecutor.java:628)
	at java.base/java.lang.Thread.run(Thread.java:829)
Caused by: org.scalameta.invariants.InvariantFailedException: invariant failed:
when verifying scala.meta.internal.trees.`package`.XtensionTreesType(tpe).isConstructable
found that scala.meta.internal.trees.`package`.XtensionTreesType(tpe).isConstructable is false
where tpe = (m, k)
	at org.scalameta.invariants.InvariantFailedException$.raise(Exceptions.scala:19)
	at scala.meta.Init$.internal$265(Trees.scala:494)
	at scala.meta.Init$.apply(Trees.scala:493)
	at scala.meta.internal.parsers.ScalametaParser.$anonfun$initRest$1(ScalametaParser.scala:3821)
	at scala.meta.internal.parsers.ScalametaParser.atPos(ScalametaParser.scala:296)
	at scala.meta.internal.parsers.ScalametaParser.autoPos(ScalametaParser.scala:337)
	at scala.meta.internal.parsers.ScalametaParser.initRest(ScalametaParser.scala:3799)
	at scala.meta.internal.parsers.ScalametaParser.initInsideTemplate(ScalametaParser.scala:3787)
	at scala.meta.internal.parsers.ScalametaParser.init(ScalametaParser.scala:3878)
	at scala.meta.internal.parsers.ScalametaParser.templateParents(ScalametaParser.scala:3888)
	at scala.meta.internal.parsers.ScalametaParser.$anonfun$template$1(ScalametaParser.scala:3936)
	at scala.meta.internal.parsers.ScalametaParser.atPos(ScalametaParser.scala:296)
	at scala.meta.internal.parsers.ScalametaParser.autoPos(ScalametaParser.scala:337)
	at scala.meta.internal.parsers.ScalametaParser.template(ScalametaParser.scala:3924)
	at scala.meta.internal.parsers.ScalametaParser.$anonfun$simpleExpr0$4(ScalametaParser.scala:2077)
	at scala.meta.internal.parsers.ScalametaParser.atPos(ScalametaParser.scala:296)
	at scala.meta.internal.parsers.ScalametaParser.autoPos(ScalametaParser.scala:337)
	at scala.meta.internal.parsers.ScalametaParser.$anonfun$simpleExpr0$1(ScalametaParser.scala:2075)
	at scala.meta.internal.parsers.ScalametaParser.atPosTry(ScalametaParser.scala:334)
	at scala.meta.internal.parsers.ScalametaParser.autoPosTry(ScalametaParser.scala:344)
	at scala.meta.internal.parsers.ScalametaParser.simpleExpr0(ScalametaParser.scala:2043)
	at scala.meta.internal.parsers.ScalametaParser.simpleExpr(ScalametaParser.scala:2041)
	at scala.meta.internal.parsers.ScalametaParser.prefixExpr(ScalametaParser.scala:2025)
	at scala.meta.internal.parsers.ScalametaParser.postfixExpr(ScalametaParser.scala:2007)
	at scala.meta.internal.parsers.ScalametaParser.$anonfun$expr$2(ScalametaParser.scala:1568)
	at scala.meta.internal.parsers.ScalametaParser.atPos(ScalametaParser.scala:296)
	at scala.meta.internal.parsers.ScalametaParser.autoPos(ScalametaParser.scala:337)
	at scala.meta.internal.parsers.ScalametaParser.expr(ScalametaParser.scala:1457)
	at scala.meta.internal.parsers.ScalametaParser.expr(ScalametaParser.scala:1339)
	at scala.meta.internal.parsers.ScalametaParser.exprMaybeIndented(ScalametaParser.scala:1367)
	at scala.meta.internal.parsers.ScalametaParser.$anonfun$funDefRest$1(ScalametaParser.scala:3493)
	at scala.meta.internal.parsers.ScalametaParser.autoEndPos(ScalametaParser.scala:339)
	at scala.meta.internal.parsers.ScalametaParser.autoEndPos(ScalametaParser.scala:341)
	at scala.meta.internal.parsers.ScalametaParser.funDefRest(ScalametaParser.scala:3435)
	at scala.meta.internal.parsers.ScalametaParser.funDefOrDclOrExtensionOrSecondaryCtor(ScalametaParser.scala:3380)
	at scala.meta.internal.parsers.ScalametaParser.defOrDclOrSecondaryCtor(ScalametaParser.scala:3221)
	at scala.meta.internal.parsers.ScalametaParser.nonLocalDefOrDcl(ScalametaParser.scala:3200)
	at scala.meta.internal.parsers.ScalametaParser$$anonfun$templateStat$1.applyOrElse(ScalametaParser.scala:4162)
	at scala.meta.internal.parsers.ScalametaParser$$anonfun$templateStat$1.applyOrElse(ScalametaParser.scala:4156)
	at scala.PartialFunction.$anonfun$runWith$1(PartialFunction.scala:231)
	at scala.PartialFunction.$anonfun$runWith$1$adapted(PartialFunction.scala:230)
	at scala.meta.internal.parsers.ScalametaParser.statSeqBuf(ScalametaParser.scala:4108)
	at scala.meta.internal.parsers.ScalametaParser.$anonfun$templateStatSeq$1(ScalametaParser.scala:4148)
	at scala.meta.internal.parsers.ScalametaParser.$anonfun$templateStatSeq$1$adapted(ScalametaParser.scala:4147)
	at scala.meta.internal.parsers.ScalametaParser.scala$meta$internal$parsers$ScalametaParser$$listBy(ScalametaParser.scala:516)
	at scala.meta.internal.parsers.ScalametaParser.templateStatSeq(ScalametaParser.scala:4147)
	at scala.meta.internal.parsers.ScalametaParser.$anonfun$templateBody$1(ScalametaParser.scala:3993)
	at scala.meta.internal.parsers.ScalametaParser.inBracesOr(ScalametaParser.scala:231)
	at scala.meta.internal.parsers.ScalametaParser.inBraces(ScalametaParser.scala:227)
	at scala.meta.internal.parsers.ScalametaParser.templateBody(ScalametaParser.scala:3993)
	at scala.meta.internal.parsers.ScalametaParser.templateBodyOpt(ScalametaParser.scala:4001)
	at scala.meta.internal.parsers.ScalametaParser.$anonfun$templateOpt$1(ScalametaParser.scala:3982)
	at scala.meta.internal.parsers.ScalametaParser.atPos(ScalametaParser.scala:296)
	at scala.meta.internal.parsers.ScalametaParser.autoPos(ScalametaParser.scala:337)
	at scala.meta.internal.parsers.ScalametaParser.templateOpt(ScalametaParser.scala:3956)
	at scala.meta.internal.parsers.ScalametaParser.$anonfun$objectDef$1(ScalametaParser.scala:3702)
	at scala.meta.internal.parsers.ScalametaParser.autoEndPos(ScalametaParser.scala:339)
	at scala.meta.internal.parsers.ScalametaParser.autoEndPos(ScalametaParser.scala:341)
	at scala.meta.internal.parsers.ScalametaParser.objectDef(ScalametaParser.scala:3694)
	at scala.meta.internal.parsers.ScalametaParser.tmplDef(ScalametaParser.scala:3571)
	at scala.meta.internal.parsers.ScalametaParser.topLevelTmplDef(ScalametaParser.scala:3552)
	at scala.meta.internal.parsers.ScalametaParser$$anonfun$4.applyOrElse(ScalametaParser.scala:4127)
	at scala.meta.internal.parsers.ScalametaParser$$anonfun$4.applyOrElse(ScalametaParser.scala:4115)
	at scala.PartialFunction.$anonfun$runWith$1(PartialFunction.scala:231)
	at scala.PartialFunction.$anonfun$runWith$1$adapted(PartialFunction.scala:230)
	at scala.meta.internal.parsers.ScalametaParser.statSeqBuf(ScalametaParser.scala:4108)
	at scala.meta.internal.parsers.ScalametaParser.$anonfun$statSeq$1(ScalametaParser.scala:4096)
	at scala.meta.internal.parsers.ScalametaParser.$anonfun$statSeq$1$adapted(ScalametaParser.scala:4096)
	at scala.meta.internal.parsers.ScalametaParser.scala$meta$internal$parsers$ScalametaParser$$listBy(ScalametaParser.scala:516)
	at scala.meta.internal.parsers.ScalametaParser.statSeq(ScalametaParser.scala:4096)
	at scala.meta.internal.parsers.ScalametaParser.$anonfun$packageOrPackageObjectDef$3(ScalametaParser.scala:4265)
	at scala.meta.internal.parsers.ScalametaParser.inBracesOr(ScalametaParser.scala:231)
	at scala.meta.internal.parsers.ScalametaParser.inBracesOrNil(ScalametaParser.scala:260)
	at scala.meta.internal.parsers.ScalametaParser.packageBody$1(ScalametaParser.scala:4265)
	at scala.meta.internal.parsers.ScalametaParser.$anonfun$packageOrPackageObjectDef$1(ScalametaParser.scala:4267)
	at scala.meta.internal.parsers.ScalametaParser.atPos(ScalametaParser.scala:296)
	at scala.meta.internal.parsers.ScalametaParser.autoPos(ScalametaParser.scala:337)
	at scala.meta.internal.parsers.ScalametaParser.packageOrPackageObjectDef(ScalametaParser.scala:4254)
	at scala.meta.internal.parsers.ScalametaParser$$anonfun$4.applyOrElse(ScalametaParser.scala:4121)
	at scala.meta.internal.parsers.ScalametaParser$$anonfun$4.applyOrElse(ScalametaParser.scala:4115)
	at scala.PartialFunction.$anonfun$runWith$1(PartialFunction.scala:231)
	at scala.PartialFunction.$anonfun$runWith$1$adapted(PartialFunction.scala:230)
	at scala.meta.internal.parsers.ScalametaParser.statSeqBuf(ScalametaParser.scala:4108)
	at scala.meta.internal.parsers.ScalametaParser.$anonfun$batchSource$14(ScalametaParser.scala:4324)
	at scala.Option.getOrElse(Option.scala:201)
	at scala.meta.internal.parsers.ScalametaParser.$anonfun$batchSource$1(ScalametaParser.scala:4324)
	at scala.meta.internal.parsers.ScalametaParser.atPos(ScalametaParser.scala:296)
	at scala.meta.internal.parsers.ScalametaParser.autoPos(ScalametaParser.scala:337)
	at scala.meta.internal.parsers.ScalametaParser.batchSource(ScalametaParser.scala:4279)
	at scala.meta.internal.parsers.ScalametaParser.$anonfun$source$1(ScalametaParser.scala:4272)
	at scala.meta.internal.parsers.ScalametaParser.atPos(ScalametaParser.scala:296)
	at scala.meta.internal.parsers.ScalametaParser.autoPos(ScalametaParser.scala:337)
	at scala.meta.internal.parsers.ScalametaParser.source(ScalametaParser.scala:4272)
	at scala.meta.internal.parsers.ScalametaParser.entrypointSource(ScalametaParser.scala:4277)
	at scala.meta.internal.parsers.ScalametaParser.parseSourceImpl(ScalametaParser.scala:132)
	at scala.meta.internal.parsers.ScalametaParser.$anonfun$parseSource$1(ScalametaParser.scala:129)
	at scala.meta.internal.parsers.ScalametaParser.parseRuleAfterBOF(ScalametaParser.scala:56)
	at scala.meta.internal.parsers.ScalametaParser.parseRule(ScalametaParser.scala:51)
	at scala.meta.internal.parsers.ScalametaParser.parseSource(ScalametaParser.scala:129)
	at scala.meta.parsers.Parse$.$anonfun$parseSource$1(Parse.scala:29)
	at scala.meta.parsers.Parse$$anon$1.apply(Parse.scala:36)
	at scala.meta.parsers.Api$XtensionParseDialectInput.parse(Api.scala:25)
	at scala.meta.internal.parsing.Trees.$anonfun$parse$2(Trees.scala:126)
	at scala.Option.map(Option.scala:242)
	at scala.meta.internal.parsing.Trees.parse(Trees.scala:119)
	at scala.meta.internal.parsing.Trees.didChange(Trees.scala:89)
	at scala.meta.internal.metals.MetalsLanguageServer.$anonfun$parseTreesAndPublishDiags$2(MetalsLanguageServer.scala:307)
	at scala.runtime.java8.JFunction0$mcV$sp.apply(JFunction0$mcV$sp.scala:18)
	at scala.concurrent.Future$.$anonfun$apply$1(Future.scala:678)
	at scala.concurrent.impl.Promise$Transformation.run(Promise.scala:467)
	... 3 more

2022.05.12 18:35:18 WARN  no build target for: /home/jakubp/Code/Studies/sp/list10/AMS.scala[0m
2022.05.12 18:37:27 WARN  no build target for: /home/jakubp/Code/Studies/sp/list10/AMS.scala[0m
2022.05.12 18:38:07 WARN  no build target for: /home/jakubp/Code/Studies/sp/list10/AMS.scala[0m
2022.05.12 18:39:16 WARN  no build target for: /home/jakubp/Code/Studies/sp/list10/AMS.scala[0m
2022.05.12 18:39:19 WARN  no build target for: /home/jakubp/Code/Studies/sp/list10/AMS.scala[0m
2022.05.12 18:39:37 WARN  no build target for: /home/jakubp/Code/Studies/sp/list10/AMS.scala[0m
2022.05.12 18:40:14 WARN  no build target for: /home/jakubp/Code/Studies/sp/list10/AMS.scala[0m
May 12, 2022 6:40:48 PM org.eclipse.lsp4j.jsonrpc.RemoteEndpoint fallbackResponseError
SEVERE: Internal error: java.lang.reflect.InvocationTargetException
java.lang.RuntimeException: java.lang.reflect.InvocationTargetException
	at org.eclipse.lsp4j.jsonrpc.services.GenericEndpoint.lambda$null$0(GenericEndpoint.java:67)
	at org.eclipse.lsp4j.jsonrpc.services.GenericEndpoint.request(GenericEndpoint.java:120)
	at org.eclipse.lsp4j.jsonrpc.RemoteEndpoint.handleRequest(RemoteEndpoint.java:261)
	at org.eclipse.lsp4j.jsonrpc.RemoteEndpoint.consume(RemoteEndpoint.java:190)
	at org.eclipse.lsp4j.jsonrpc.json.StreamMessageProducer.handleMessage(StreamMessageProducer.java:194)
	at org.eclipse.lsp4j.jsonrpc.json.StreamMessageProducer.listen(StreamMessageProducer.java:94)
	at org.eclipse.lsp4j.jsonrpc.json.ConcurrentMessageProcessor.run(ConcurrentMessageProcessor.java:113)
	at java.base/java.util.concurrent.Executors$RunnableAdapter.call(Executors.java:515)
	at java.base/java.util.concurrent.FutureTask.run(FutureTask.java:264)
	at java.base/java.util.concurrent.ThreadPoolExecutor.runWorker(ThreadPoolExecutor.java:1128)
	at java.base/java.util.concurrent.ThreadPoolExecutor$Worker.run(ThreadPoolExecutor.java:628)
	at java.base/java.lang.Thread.run(Thread.java:829)
Caused by: java.lang.reflect.InvocationTargetException
	at jdk.internal.reflect.GeneratedMethodAccessor3.invoke(Unknown Source)
	at java.base/jdk.internal.reflect.DelegatingMethodAccessorImpl.invoke(DelegatingMethodAccessorImpl.java:43)
	at java.base/java.lang.reflect.Method.invoke(Method.java:566)
	at org.eclipse.lsp4j.jsonrpc.services.GenericEndpoint.lambda$null$0(GenericEndpoint.java:65)
	... 11 more
Caused by: java.lang.IllegalArgumentException: 66 is not a valid line number, allowed [0..8]
	at scala.meta.internal.inputs.InternalInput.lineToOffset(InternalInput.scala:37)
	at scala.meta.internal.inputs.InternalInput.lineToOffset$(InternalInput.scala:32)
	at scala.meta.inputs.Input$VirtualFile.lineToOffset(Input.scala:80)
	at scala.meta.inputs.Position$Range$.apply(Position.scala:59)
	at scala.meta.internal.mtags.MtagsEnrichments$XtensionPositionLspInverse.toMeta(MtagsEnrichments.scala:179)
	at scala.meta.internal.parsing.Trees.$anonfun$findLastEnclosingAt$4(Trees.scala:76)
	at scala.Option.flatMap(Option.scala:283)
	at scala.meta.internal.parsing.Trees.findLastEnclosingAt(Trees.scala:75)
	at scala.meta.internal.metals.codeactions.PatternMatchRefactor.contribute(PatternMatchRefactor.scala:96)
	at scala.meta.internal.metals.CodeActionProvider$$anonfun$1.applyOrElse(CodeActionProvider.scala:64)
	at scala.meta.internal.metals.CodeActionProvider$$anonfun$1.applyOrElse(CodeActionProvider.scala:63)
	at scala.collection.immutable.List.collect(List.scala:275)
	at scala.meta.internal.metals.CodeActionProvider.codeActions(CodeActionProvider.scala:63)
	at scala.meta.internal.metals.MetalsLanguageServer.$anonfun$codeAction$1(MetalsLanguageServer.scala:1639)
	at scala.meta.internal.metals.CancelTokens$.future(CancelTokens.scala:38)
	at scala.meta.internal.metals.MetalsLanguageServer.codeAction(MetalsLanguageServer.scala:1638)
	... 15 more

May 12, 2022 6:40:49 PM org.eclipse.lsp4j.jsonrpc.RemoteEndpoint fallbackResponseError
SEVERE: Internal error: java.lang.reflect.InvocationTargetException
java.lang.RuntimeException: java.lang.reflect.InvocationTargetException
	at org.eclipse.lsp4j.jsonrpc.services.GenericEndpoint.lambda$null$0(GenericEndpoint.java:67)
	at org.eclipse.lsp4j.jsonrpc.services.GenericEndpoint.request(GenericEndpoint.java:120)
	at org.eclipse.lsp4j.jsonrpc.RemoteEndpoint.handleRequest(RemoteEndpoint.java:261)
	at org.eclipse.lsp4j.jsonrpc.RemoteEndpoint.consume(RemoteEndpoint.java:190)
	at org.eclipse.lsp4j.jsonrpc.json.StreamMessageProducer.handleMessage(StreamMessageProducer.java:194)
	at org.eclipse.lsp4j.jsonrpc.json.StreamMessageProducer.listen(StreamMessageProducer.java:94)
	at org.eclipse.lsp4j.jsonrpc.json.ConcurrentMessageProcessor.run(ConcurrentMessageProcessor.java:113)
	at java.base/java.util.concurrent.Executors$RunnableAdapter.call(Executors.java:515)
	at java.base/java.util.concurrent.FutureTask.run(FutureTask.java:264)
	at java.base/java.util.concurrent.ThreadPoolExecutor.runWorker(ThreadPoolExecutor.java:1128)
	at java.base/java.util.concurrent.ThreadPoolExecutor$Worker.run(ThreadPoolExecutor.java:628)
	at java.base/java.lang.Thread.run(Thread.java:829)
Caused by: java.lang.reflect.InvocationTargetException
	at jdk.internal.reflect.GeneratedMethodAccessor3.invoke(Unknown Source)
	at java.base/jdk.internal.reflect.DelegatingMethodAccessorImpl.invoke(DelegatingMethodAccessorImpl.java:43)
	at java.base/java.lang.reflect.Method.invoke(Method.java:566)
	at org.eclipse.lsp4j.jsonrpc.services.GenericEndpoint.lambda$null$0(GenericEndpoint.java:65)
	... 11 more
Caused by: java.lang.IllegalArgumentException: 43 is not a valid line number, allowed [0..8]
	at scala.meta.internal.inputs.InternalInput.lineToOffset(InternalInput.scala:37)
	at scala.meta.internal.inputs.InternalInput.lineToOffset$(InternalInput.scala:32)
	at scala.meta.inputs.Input$VirtualFile.lineToOffset(Input.scala:80)
	at scala.meta.inputs.Position$Range$.apply(Position.scala:59)
	at scala.meta.internal.mtags.MtagsEnrichments$XtensionPositionLspInverse.toMeta(MtagsEnrichments.scala:179)
	at scala.meta.internal.parsing.Trees.$anonfun$findLastEnclosingAt$4(Trees.scala:76)
	at scala.Option.flatMap(Option.scala:283)
	at scala.meta.internal.parsing.Trees.findLastEnclosingAt(Trees.scala:75)
	at scala.meta.internal.metals.codeactions.PatternMatchRefactor.contribute(PatternMatchRefactor.scala:96)
	at scala.meta.internal.metals.CodeActionProvider$$anonfun$1.applyOrElse(CodeActionProvider.scala:64)
	at scala.meta.internal.metals.CodeActionProvider$$anonfun$1.applyOrElse(CodeActionProvider.scala:63)
	at scala.collection.immutable.List.collect(List.scala:275)
	at scala.meta.internal.metals.CodeActionProvider.codeActions(CodeActionProvider.scala:63)
	at scala.meta.internal.metals.MetalsLanguageServer.$anonfun$codeAction$1(MetalsLanguageServer.scala:1639)
	at scala.meta.internal.metals.CancelTokens$.future(CancelTokens.scala:38)
	at scala.meta.internal.metals.MetalsLanguageServer.codeAction(MetalsLanguageServer.scala:1638)
	... 15 more

2022.05.12 18:41:02 WARN  no build target for: /home/jakubp/Code/Studies/sp/list10/AMS.scala[0m
2022.05.12 18:41:06 WARN  no build target for: /home/jakubp/Code/Studies/sp/list10/AMS.scala[0m
2022.05.12 18:41:19 WARN  no build target for: /home/jakubp/Code/Studies/sp/list10/AMS.scala[0m
2022.05.12 18:44:56 WARN  no build target for: /home/jakubp/Code/Studies/sp/list10/AMS.scala[0m
2022.05.12 18:46:58 WARN  no build target for: /home/jakubp/Code/Studies/sp/list10/AMS.scala[0m
2022.05.12 18:47:35 WARN  no build target for: /home/jakubp/Code/Studies/sp/list10/AMS.scala[0m
2022.05.12 18:47:45 WARN  no build target for: /home/jakubp/Code/Studies/sp/list10/AMS.scala[0m
2022.05.12 18:47:52 WARN  no build target for: /home/jakubp/Code/Studies/sp/list10/AMS.scala[0m
May 12, 2022 6:55:06 PM org.eclipse.lsp4j.jsonrpc.RemoteEndpoint handleCancellation
WARNING: Unmatched cancel notification for request id 1355
2022.05.12 18:56:54 WARN  no build target for: /home/jakubp/Code/Studies/sp/list10/AMS.scala[0m
2022.05.12 18:58:21 WARN  no build target for: /home/jakubp/Code/Studies/sp/list10/AMS.scala[0m
2022.05.12 19:03:30 WARN  no build target for: /home/jakubp/Code/Studies/sp/list10/AMS.scala[0m
2022.05.12 19:05:02 WARN  no build target for: /home/jakubp/Code/Studies/sp/list10/AMS.scala[0m
2022.05.12 19:15:21 WARN  no build target for: /home/jakubp/Code/Studies/sp/list10/AMS.scala[0m
2022.05.12 19:15:42 WARN  no build target for: /home/jakubp/Code/Studies/sp/list10/AMS.scala[0m
2022.05.12 19:15:50 WARN  no build target for: /home/jakubp/Code/Studies/sp/list10/AMS.scala[0m
2022.05.12 19:16:55 WARN  no build target for: /home/jakubp/Code/Studies/sp/list10/AMS.scala[0m
2022.05.12 19:17:09 WARN  no build target for: /home/jakubp/Code/Studies/sp/list10/AMS.scala[0m
2022.05.12 19:17:26 WARN  no build target for: /home/jakubp/Code/Studies/sp/list10/AMS.scala[0m
2022.05.12 19:19:12 WARN  no build target for: /home/jakubp/Code/Studies/sp/list10/AMS.scala[0m
2022.05.12 19:19:35 WARN  no build target for: /home/jakubp/Code/Studies/sp/list10/AMS.scala[0m
2022.05.12 19:19:50 WARN  no build target for: /home/jakubp/Code/Studies/sp/list10/AMS.scala[0m
2022.05.12 19:20:20 WARN  no build target for: /home/jakubp/Code/Studies/sp/list10/AMS.scala[0m
2022.05.12 19:20:21 WARN  no build target for: /home/jakubp/Code/Studies/sp/list10/AMS.scala[0m
2022.05.12 19:20:22 WARN  no build target for: /home/jakubp/Code/Studies/sp/list10/AMS.scala[0m
2022.05.12 19:20:58 WARN  no build target for: /home/jakubp/Code/Studies/sp/list10/AMS.scala[0m
2022.05.12 19:21:22 WARN  no build target for: /home/jakubp/Code/Studies/sp/list10/AMS.scala[0m
2022.05.12 19:23:24 WARN  no build target for: /home/jakubp/Code/Studies/sp/list10/AMS.scala[0m
2022.05.12 19:23:38 WARN  no build target for: /home/jakubp/Code/Studies/sp/list10/AMS.scala[0m
2022.05.12 19:23:42 WARN  no build target for: /home/jakubp/Code/Studies/sp/list10/AMS.scala[0m
2022.05.12 19:23:51 WARN  no build target for: /home/jakubp/Code/Studies/sp/list10/AMS.scala[0m
2022.05.12 19:26:10 WARN  no build target for: /home/jakubp/Code/Studies/sp/list10/AMS.scala[0m
2022.05.12 19:28:13 WARN  no build target for: /home/jakubp/Code/Studies/sp/list10/AMS.scala[0m
2022.05.12 19:29:34 WARN  no build target for: /home/jakubp/Code/Studies/sp/list10/AMS.scala[0m
2022.05.12 19:29:42 WARN  no build target for: /home/jakubp/Code/Studies/sp/list10/AMS.scala[0m
2022.05.12 19:30:14 WARN  no build target for: /home/jakubp/Code/Studies/sp/list10/AMS.scala[0m
2022.05.12 19:30:45 WARN  no build target for: /home/jakubp/Code/Studies/sp/list10/AMS.scala[0m
2022.05.12 19:30:59 WARN  no build target for: /home/jakubp/Code/Studies/sp/list10/AMS.scala[0m
2022.05.12 19:31:02 WARN  no build target for: /home/jakubp/Code/Studies/sp/list10/AMS.scala[0m
2022.05.12 19:31:33 WARN  no build target for: /home/jakubp/Code/Studies/sp/list10/AMS.scala[0m
2022.05.12 19:31:46 WARN  no build target for: /home/jakubp/Code/Studies/sp/list10/AMS.scala[0m
2022.05.12 19:31:57 WARN  no build target for: /home/jakubp/Code/Studies/sp/list10/AMS.scala[0m
2022.05.12 19:32:28 WARN  no build target for: /home/jakubp/Code/Studies/sp/list10/AMS.scala[0m
2022.05.12 19:32:42 WARN  no build target for: /home/jakubp/Code/Studies/sp/list10/AMS.scala[0m
2022.05.12 19:33:32 WARN  no build target for: /home/jakubp/Code/Studies/sp/list10/AMS.scala[0m
2022.05.12 19:34:00 WARN  no build target for: /home/jakubp/Code/Studies/sp/list10/AMS.scala[0m
2022.05.12 19:34:13 WARN  no build target for: /home/jakubp/Code/Studies/sp/list10/AMS.scala[0m
2022.05.12 19:42:37 WARN  no build target for: /home/jakubp/Code/Studies/sp/list10/AMS.scala[0m
2022.05.12 19:48:06 WARN  no build target for: /home/jakubp/Code/Studies/sp/list10/GMI.scala[0m
2022.05.12 19:48:06 WARN  no build target for: /home/jakubp/Code/Studies/sp/list10/GMI.scala[0m
2022.05.12 19:48:22 WARN  no build target for: /home/jakubp/Code/Studies/sp/list10/GMI.scala[0m
2022.05.12 19:48:31 WARN  no build target for: /home/jakubp/Code/Studies/sp/list10/GMI.scala[0m
2022.05.12 19:48:58 WARN  no build target for: /home/jakubp/Code/Studies/sp/list10/GMI.scala[0m
2022.05.12 19:50:07 WARN  no build target for: /home/jakubp/Code/Studies/sp/list10/GMI.scala[0m
2022.05.12 19:51:16 WARN  no build target for: /home/jakubp/Code/Studies/sp/list10/GMI.scala[0m
2022.05.12 19:51:20 WARN  no build target for: /home/jakubp/Code/Studies/sp/list10/GMI.scala[0m
2022.05.12 19:51:42 WARN  no build target for: /home/jakubp/Code/Studies/sp/list10/GMI.scala[0m
2022.05.12 19:51:49 WARN  no build target for: /home/jakubp/Code/Studies/sp/list10/GMI.scala[0m
2022.05.12 19:53:01 WARN  no build target for: /home/jakubp/Code/Studies/sp/list10/GMI.scala[0m
2022.05.12 19:53:14 WARN  no build target for: /home/jakubp/Code/Studies/sp/list10/GMI.scala[0m
2022.05.12 20:21:46 WARN  no build target for: /home/jakubp/Code/Studies/sp/list10/GMI.scala[0m
2022.05.12 20:22:31 WARN  no build target for: /home/jakubp/Code/Studies/sp/list10/GMI.scala[0m
2022.05.12 20:23:34 WARN  no build target for: /home/jakubp/Code/Studies/sp/list10/GMI.scala[0m
2022.05.12 20:23:49 WARN  no build target for: /home/jakubp/Code/Studies/sp/list10/GMI.scala[0m
2022.05.12 20:24:00 WARN  no build target for: /home/jakubp/Code/Studies/sp/list10/GMI.scala[0m
2022.05.12 20:24:13 WARN  no build target for: /home/jakubp/Code/Studies/sp/list10/GMI.scala[0m
2022.05.12 20:24:47 WARN  no build target for: /home/jakubp/Code/Studies/sp/list10/GMI.scala[0m
2022.05.12 20:25:43 WARN  no build target for: /home/jakubp/Code/Studies/sp/list10/GMI.scala[0m
2022.05.12 20:25:48 WARN  no build target for: /home/jakubp/Code/Studies/sp/list10/GMI.scala[0m
2022.05.12 20:26:05 WARN  no build target for: /home/jakubp/Code/Studies/sp/list10/GMI.scala[0m
2022.05.12 20:26:32 WARN  no build target for: /home/jakubp/Code/Studies/sp/list10/GMI.scala[0m
2022.05.12 20:26:47 WARN  no build target for: /home/jakubp/Code/Studies/sp/list10/GMI.scala[0m
2022.05.12 20:27:14 WARN  no build target for: /home/jakubp/Code/Studies/sp/list10/GMI.scala[0m
2022.05.12 20:27:15 WARN  no build target for: /home/jakubp/Code/Studies/sp/list10/GMI.scala[0m
2022.05.12 20:28:15 WARN  no build target for: /home/jakubp/Code/Studies/sp/list10/GMI.scala[0m
2022.05.12 20:28:26 WARN  no build target for: /home/jakubp/Code/Studies/sp/list10/GMI.scala[0m
2022.05.12 20:29:28 WARN  no build target for: /home/jakubp/Code/Studies/sp/list10/GMI.scala[0m
2022.05.12 20:29:39 WARN  no build target for: /home/jakubp/Code/Studies/sp/list10/GMI.scala[0m
2022.05.12 20:29:40 WARN  no build target for: /home/jakubp/Code/Studies/sp/list10/GMI.scala[0m
2022.05.12 20:30:02 WARN  no build target for: /home/jakubp/Code/Studies/sp/list10/GMI.scala[0m
2022.05.12 20:30:28 WARN  no build target for: /home/jakubp/Code/Studies/sp/list10/GMI.scala[0m
2022.05.12 20:30:30 WARN  no build target for: /home/jakubp/Code/Studies/sp/list10/GMI.scala[0m
2022.05.12 20:31:01 WARN  no build target for: /home/jakubp/Code/Studies/sp/list10/GMI.scala[0m
2022.05.12 20:31:16 WARN  no build target for: /home/jakubp/Code/Studies/sp/list10/GMI.scala[0m
2022.05.12 20:31:24 WARN  no build target for: /home/jakubp/Code/Studies/sp/list10/GMI.scala[0m
2022.05.12 20:32:10 WARN  no build target for: /home/jakubp/Code/Studies/sp/list10/GMI.scala[0m
2022.05.12 20:32:25 WARN  no build target for: /home/jakubp/Code/Studies/sp/list10/GMI.scala[0m
2022.05.12 20:34:07 WARN  no build target for: /home/jakubp/Code/Studies/sp/list10/GMI.scala[0m
2022.05.12 20:34:11 WARN  no build target for: /home/jakubp/Code/Studies/sp/list10/GMI.scala[0m
2022.05.12 20:34:46 WARN  no build target for: /home/jakubp/Code/Studies/sp/list10/GMI.scala[0m
2022.05.12 20:35:06 WARN  no build target for: /home/jakubp/Code/Studies/sp/list10/GMI.scala[0m
2022.05.12 20:35:44 WARN  no build target for: /home/jakubp/Code/Studies/sp/list10/GMI.scala[0m
2022.05.12 20:36:28 WARN  no build target for: /home/jakubp/Code/Studies/sp/list10/bcInequality.scala[0m
2022.05.12 20:36:28 WARN  no build target for: /home/jakubp/Code/Studies/sp/list10/bcInequality.scala[0m
2022.05.12 20:36:55 WARN  no build target for: /home/jakubp/Code/Studies/sp/list10/BienaymeChebyshev.scala[0m
2022.05.12 20:37:30 WARN  no build target for: /home/jakubp/Code/Studies/sp/list10/BienaymeChebyshev.scala[0m
2022.05.12 20:45:10 WARN  no build target for: /home/jakubp/Code/Studies/sp/list10/BienaymeChebyshev.scala[0m
2022.05.12 20:45:13 WARN  no build target for: /home/jakubp/Code/Studies/sp/list10/BienaymeChebyshev.scala[0m
2022.05.12 20:46:22 WARN  no build target for: /home/jakubp/Code/Studies/sp/list10/BienaymeChebyshev.scala[0m
2022.05.12 20:46:50 WARN  no build target for: /home/jakubp/Code/Studies/sp/list10/BienaymeChebyshev.scala[0m
2022.05.12 20:47:23 WARN  no build target for: /home/jakubp/Code/Studies/sp/list10/BienaymeChebyshev.scala[0m
2022.05.12 20:48:28 WARN  no build target for: /home/jakubp/Code/Studies/sp/list10/BienaymeChebyshev.scala[0m
2022.05.12 20:49:52 WARN  no build target for: /home/jakubp/Code/Studies/sp/list10/BienaymeChebyshev.scala[0m
2022.05.12 20:49:56 WARN  no build target for: /home/jakubp/Code/Studies/sp/list10/BienaymeChebyshev.scala[0m
2022.05.12 20:50:51 WARN  no build target for: /home/jakubp/Code/Studies/sp/list10/BienaymeChebyshev.scala[0m
2022.05.12 20:51:01 WARN  no build target for: /home/jakubp/Code/Studies/sp/list10/BienaymeChebyshev.scala[0m
2022.05.12 20:51:11 WARN  no build target for: /home/jakubp/Code/Studies/sp/list10/BienaymeChebyshev.scala[0m
2022.05.12 20:51:21 WARN  no build target for: /home/jakubp/Code/Studies/sp/list10/BienaymeChebyshev.scala[0m
2022.05.12 20:51:24 WARN  no build target for: /home/jakubp/Code/Studies/sp/list10/BienaymeChebyshev.scala[0m
2022.05.12 20:51:56 WARN  no build target for: /home/jakubp/Code/Studies/sp/list10/BienaymeChebyshev.scala[0m
2022.05.12 20:52:09 WARN  no build target for: /home/jakubp/Code/Studies/sp/list10/BienaymeChebyshev.scala[0m
2022.05.12 20:52:19 WARN  no build target for: /home/jakubp/Code/Studies/sp/list10/BienaymeChebyshev.scala[0m
2022.05.12 20:56:12 WARN  no build target for: /home/jakubp/Code/Studies/sp/list10/BienaymeChebyshev.scala[0m
2022.05.12 20:59:03 WARN  no build target for: /home/jakubp/Code/Studies/sp/list10/Chernoff.scala[0m
2022.05.12 20:59:03 WARN  no build target for: /home/jakubp/Code/Studies/sp/list10/Chernoff.scala[0m
2022.05.12 21:00:26 WARN  no build target for: /home/jakubp/Code/Studies/sp/list10/Chernoff.scala[0m
2022.05.12 21:00:32 WARN  no build target for: /home/jakubp/Code/Studies/sp/list10/Chernoff.scala[0m
2022.05.12 21:00:57 WARN  no build target for: /home/jakubp/Code/Studies/sp/list10/Chernoff.scala[0m
2022.05.12 21:02:07 WARN  no build target for: /home/jakubp/Code/Studies/sp/list10/Chernoff.scala[0m
2022.05.12 21:03:30 WARN  no build target for: /home/jakubp/Code/Studies/sp/list10/Chernoff.scala[0m
2022.05.12 21:04:06 WARN  no build target for: /home/jakubp/Code/Studies/sp/list10/Chernoff.scala[0m
2022.05.12 21:04:35 WARN  no build target for: /home/jakubp/Code/Studies/sp/list10/Chernoff.scala[0m
2022.05.12 21:05:45 WARN  no build target for: /home/jakubp/Code/Studies/sp/list10/Chernoff.scala[0m
2022.05.12 21:23:40 WARN  no build target for: /home/jakubp/Code/Studies/sp/list10/Chernoff.scala[0m
2022.05.12 21:23:58 WARN  no build target for: /home/jakubp/Code/Studies/sp/list10/Chernoff.scala[0m
2022.05.12 21:24:59 WARN  no build target for: /home/jakubp/Code/Studies/sp/list10/Chernoff.scala[0m
2022.05.12 21:27:00 WARN  no build target for: /home/jakubp/Code/Studies/sp/list10/Chernoff.scala[0m
2022.05.12 21:27:07 ERROR scalafmt: /home/jakubp/Code/Studies/sp/list10/Chernoff.scala:4: error: [dialect scala213] illegal start of definition def
def sumOfBernoullis(n: Int) : Int = {
^[0m
2022.05.12 21:27:12 ERROR scalafmt: /home/jakubp/Code/Studies/sp/list10/Chernoff.scala:4: error: [dialect scala213] illegal start of definition def
def sumOfBernoullis(n: Int) : Int = {
^[0m
2022.05.12 21:27:14 ERROR scalafmt: /home/jakubp/Code/Studies/sp/list10/Chernoff.scala:4: error: [dialect scala213] illegal start of definition def
def sumOfBernoullis(n: Int) : Int = {
^[0m
2022.05.12 21:27:14 ERROR scalafmt: /home/jakubp/Code/Studies/sp/list10/Chernoff.scala:4: error: [dialect scala213] illegal start of definition def
def sumOfBernoullis(n: Int) : Int = {
^[0m
2022.05.12 21:27:14 ERROR scalafmt: /home/jakubp/Code/Studies/sp/list10/Chernoff.scala:4: error: [dialect scala213] illegal start of definition def
def sumOfBernoullis(n: Int) : Int = {
^[0m
2022.05.12 21:27:18 WARN  no build target for: /home/jakubp/Code/Studies/sp/list10/Chernoff.scala[0m
2022.05.12 21:27:35 WARN  no build target for: /home/jakubp/Code/Studies/sp/list10/Chernoff.scala[0m
2022.05.12 21:27:42 WARN  no build target for: /home/jakubp/Code/Studies/sp/list10/Chernoff.scala[0m
2022.05.12 21:27:58 WARN  no build target for: /home/jakubp/Code/Studies/sp/list10/Chernoff.scala[0m
2022.05.12 21:28:08 WARN  no build target for: /home/jakubp/Code/Studies/sp/list10/Chernoff.scala[0m
2022.05.12 21:28:10 WARN  no build target for: /home/jakubp/Code/Studies/sp/list10/Chernoff.scala[0m
2022.05.12 21:28:49 WARN  no build target for: /home/jakubp/Code/Studies/sp/list10/Chernoff.scala[0m
2022.05.12 21:28:50 WARN  no build target for: /home/jakubp/Code/Studies/sp/list10/Chernoff.scala[0m
2022.05.12 21:29:04 WARN  no build target for: /home/jakubp/Code/Studies/sp/list10/Chernoff.scala[0m
2022.05.12 21:29:05 WARN  no build target for: /home/jakubp/Code/Studies/sp/list10/Chernoff.scala[0m
2022.05.12 21:29:05 WARN  no build target for: /home/jakubp/Code/Studies/sp/list10/Chernoff.scala[0m
2022.05.12 21:29:10 WARN  no build target for: /home/jakubp/Code/Studies/sp/list10/Chernoff.scala[0m
2022.05.12 21:29:48 WARN  no build target for: /home/jakubp/Code/Studies/sp/list10/Chernoff.scala[0m
2022.05.12 21:30:01 WARN  no build target for: /home/jakubp/Code/Studies/sp/list10/Chernoff.scala[0m
2022.05.12 21:30:11 WARN  no build target for: /home/jakubp/Code/Studies/sp/list10/Chernoff.scala[0m
2022.05.12 21:30:18 WARN  no build target for: /home/jakubp/Code/Studies/sp/list10/Chernoff.scala[0m
2022.05.12 21:34:41 WARN  no build target for: /home/jakubp/Code/Studies/sp/list10/Chernoff.scala[0m
2022.05.12 21:35:03 WARN  no build target for: /home/jakubp/Code/Studies/sp/list10/Chernoff.scala[0m
2022.05.12 21:35:07 WARN  no build target for: /home/jakubp/Code/Studies/sp/list10/Chernoff.scala[0m
2022.05.12 21:36:15 WARN  no build target for: /home/jakubp/Code/Studies/sp/list10/Chernoff.scala[0m
2022.05.12 21:36:54 WARN  no build target for: /home/jakubp/Code/Studies/sp/list10/Chernoff.scala[0m
2022.05.12 21:37:12 WARN  no build target for: /home/jakubp/Code/Studies/sp/list10/Chernoff.scala[0m
Exception in thread "pool-3-thread-1" java.lang.AssertionError: NoDenotation.owner
	at dotty.tools.dotc.core.SymDenotations$NoDenotation$.owner(SymDenotations.scala:2495)
	at scala.meta.internal.pc.SemanticdbSymbols$.addSymName(SemanticdbSymbols.scala:136)
	at scala.meta.internal.pc.SemanticdbSymbols$.symbolName(SemanticdbSymbols.scala:79)
	at scala.meta.internal.pc.PcDefinitionProvider.semanticSymbolsSorted$$anonfun$1(PcDefinitionProvider.scala:106)
	at scala.collection.immutable.List.map(List.scala:246)
	at scala.meta.internal.pc.PcDefinitionProvider.semanticSymbolsSorted(PcDefinitionProvider.scala:106)
	at scala.meta.internal.pc.PcDefinitionProvider.findDefinitions(PcDefinitionProvider.scala:82)
	at scala.meta.internal.pc.PcDefinitionProvider.definitions(PcDefinitionProvider.scala:51)
	at scala.meta.internal.pc.ScalaPresentationCompiler.definition$$anonfun$1(ScalaPresentationCompiler.scala:113)
	at scala.meta.internal.pc.CompilerAccess.withSharedCompiler(CompilerAccess.scala:137)
	at scala.meta.internal.pc.CompilerAccess.withNonInterruptableCompiler$$anonfun$1(CompilerAccess.scala:125)
	at scala.meta.internal.pc.CompilerAccess.onCompilerJobQueue$$anonfun$1(CompilerAccess.scala:197)
	at scala.meta.internal.pc.CompilerJobQueue$Job.run(CompilerJobQueue.scala:139)
	at java.base/java.util.concurrent.ThreadPoolExecutor.runWorker(ThreadPoolExecutor.java:1128)
	at java.base/java.util.concurrent.ThreadPoolExecutor$Worker.run(ThreadPoolExecutor.java:628)
	at java.base/java.lang.Thread.run(Thread.java:829)
2022.05.12 21:37:39 WARN  no build target for: /home/jakubp/Code/Studies/sp/list10/Chernoff.scala[0m
2022.05.12 21:38:02 WARN  no build target for: /home/jakubp/Code/Studies/sp/list10/Chernoff.scala[0m
2022.05.12 21:38:54 WARN  no build target for: /home/jakubp/Code/Studies/sp/list10/Chernoff.scala[0m
2022.05.12 21:39:06 WARN  no build target for: /home/jakubp/Code/Studies/sp/list10/Chernoff.scala[0m
2022.05.12 21:39:09 WARN  no build target for: /home/jakubp/Code/Studies/sp/list10/Chernoff.scala[0m
2022.05.12 21:39:20 WARN  no build target for: /home/jakubp/Code/Studies/sp/list10/Chernoff.scala[0m
2022.05.12 21:39:38 WARN  no build target for: /home/jakubp/Code/Studies/sp/list10/Chernoff.scala[0m
2022.05.12 21:40:36 WARN  no build target for: /home/jakubp/Code/Studies/sp/list10/sumAndMedian.scala[0m
2022.05.12 21:40:36 WARN  no build target for: /home/jakubp/Code/Studies/sp/list10/sumAndMedian.scala[0m
2022.05.12 21:40:51 WARN  no build target for: /home/jakubp/Code/Studies/sp/list10/sumAndMedian.scala[0m
2022.05.12 21:40:56 WARN  no build target for: /home/jakubp/Code/Studies/sp/list10/sumAndMedian.scala[0m
2022.05.12 21:54:01 WARN  no build target for: /home/jakubp/Code/Studies/sp/list10/sumAndMedian.scala[0m
2022.05.12 21:55:03 WARN  no build target for: /home/jakubp/Code/Studies/sp/list10/sumAndMedian.scala[0m
2022.05.12 21:55:04 WARN  no build target for: /home/jakubp/Code/Studies/sp/list10/sumAndMedian.scala[0m
2022.05.12 21:55:15 ERROR scalafmt: /home/jakubp/Code/Studies/sp/list10/sumAndMedian.scala:26: error: [dialect scala213] illegal start of simple expression
  }
  ^[0m
2022.05.12 21:55:15 ERROR scalafmt: /home/jakubp/Code/Studies/sp/list10/sumAndMedian.scala:26: error: [dialect scala213] illegal start of simple expression
  }
  ^[0m
2022.05.12 21:55:26 WARN  no build target for: /home/jakubp/Code/Studies/sp/list10/sumAndMedian.scala[0m
2022.05.12 21:55:27 WARN  no build target for: /home/jakubp/Code/Studies/sp/list10/sumAndMedian.scala[0m
2022.05.12 21:56:59 WARN  no build target for: /home/jakubp/Code/Studies/sp/list10/sumAndMedian.scala[0m
2022.05.12 21:57:13 WARN  no build target for: /home/jakubp/Code/Studies/sp/list10/sumAndMedian.scala[0m
2022.05.12 21:57:42 WARN  no build target for: /home/jakubp/Code/Studies/sp/list10/sumAndMedian.scala[0m
2022.05.12 21:58:04 WARN  no build target for: /home/jakubp/Code/Studies/sp/list10/sumAndMedian.scala[0m
2022.05.12 21:58:20 WARN  no build target for: /home/jakubp/Code/Studies/sp/list10/sumAndMedian.scala[0m
2022.05.12 21:58:29 WARN  no build target for: /home/jakubp/Code/Studies/sp/list10/sumAndMedian.scala[0m
2022.05.12 21:58:33 WARN  no build target for: /home/jakubp/Code/Studies/sp/list10/sumAndMedian.scala[0m
2022.05.12 21:59:27 WARN  no build target for: /home/jakubp/Code/Studies/sp/list10/sumAndMedian.scala[0m
2022.05.12 22:00:10 WARN  no build target for: /home/jakubp/Code/Studies/sp/list10/sumAndMedian.scala[0m
2022.05.12 22:00:18 WARN  no build target for: /home/jakubp/Code/Studies/sp/list10/sumAndMedian.scala[0m
2022.05.12 22:00:18 WARN  no build target for: /home/jakubp/Code/Studies/sp/list10/sumAndMedian.scala[0m
2022.05.12 22:00:51 WARN  no build target for: /home/jakubp/Code/Studies/sp/list10/sumAndMedian.scala[0m
2022.05.12 22:01:25 WARN  no build target for: /home/jakubp/Code/Studies/sp/list10/sumAndMedian.scala[0m
2022.05.12 22:01:56 WARN  no build target for: /home/jakubp/Code/Studies/sp/list10/sumAndMedian.scala[0m
2022.05.12 22:02:14 WARN  no build target for: /home/jakubp/Code/Studies/sp/list10/sumAndMedian.scala[0m
2022.05.12 22:02:21 WARN  no build target for: /home/jakubp/Code/Studies/sp/list10/sumAndMedian.scala[0m
2022.05.12 22:02:44 WARN  no build target for: /home/jakubp/Code/Studies/sp/list10/sumAndMedian.scala[0m
2022.05.12 22:03:25 WARN  no build target for: /home/jakubp/Code/Studies/sp/list10/sumAndMedian.scala[0m
2022.05.12 22:03:35 WARN  no build target for: /home/jakubp/Code/Studies/sp/list10/sumAndMedian.scala[0m
2022.05.12 22:04:41 WARN  no build target for: /home/jakubp/Code/Studies/sp/list10/sumAndMedian.scala[0m
2022.05.12 22:06:17 WARN  no build target for: /home/jakubp/Code/Studies/sp/list10/sumAndMedian.scala[0m
2022.05.12 22:06:54 WARN  no build target for: /home/jakubp/Code/Studies/sp/list10/sumAndMedian.scala[0m
Exception in thread "pool-3-thread-2" java.lang.AssertionError: NoDenotation.owner
	at dotty.tools.dotc.core.SymDenotations$NoDenotation$.owner(SymDenotations.scala:2495)
	at scala.meta.internal.pc.SemanticdbSymbols$.addSymName(SemanticdbSymbols.scala:136)
	at scala.meta.internal.pc.SemanticdbSymbols$.symbolName(SemanticdbSymbols.scala:79)
	at scala.meta.internal.pc.PcDefinitionProvider.semanticSymbolsSorted$$anonfun$1(PcDefinitionProvider.scala:106)
	at scala.collection.immutable.List.map(List.scala:246)
	at scala.meta.internal.pc.PcDefinitionProvider.semanticSymbolsSorted(PcDefinitionProvider.scala:106)
	at scala.meta.internal.pc.PcDefinitionProvider.findDefinitions(PcDefinitionProvider.scala:82)
	at scala.meta.internal.pc.PcDefinitionProvider.definitions(PcDefinitionProvider.scala:51)
	at scala.meta.internal.pc.ScalaPresentationCompiler.definition$$anonfun$1(ScalaPresentationCompiler.scala:113)
	at scala.meta.internal.pc.CompilerAccess.withSharedCompiler(CompilerAccess.scala:137)
	at scala.meta.internal.pc.CompilerAccess.withNonInterruptableCompiler$$anonfun$1(CompilerAccess.scala:125)
	at scala.meta.internal.pc.CompilerAccess.onCompilerJobQueue$$anonfun$1(CompilerAccess.scala:197)
	at scala.meta.internal.pc.CompilerJobQueue$Job.run(CompilerJobQueue.scala:139)
	at java.base/java.util.concurrent.ThreadPoolExecutor.runWorker(ThreadPoolExecutor.java:1128)
	at java.base/java.util.concurrent.ThreadPoolExecutor$Worker.run(ThreadPoolExecutor.java:628)
	at java.base/java.lang.Thread.run(Thread.java:829)
2022.05.12 22:07:05 WARN  no build target for: /home/jakubp/Code/Studies/sp/list10/sumAndMedian.scala[0m
2022.05.12 22:07:08 WARN  no build target for: /home/jakubp/Code/Studies/sp/list10/sumAndMedian.scala[0m
2022.05.12 22:07:30 WARN  no build target for: /home/jakubp/Code/Studies/sp/list10/sumAndMedian.scala[0m
2022.05.12 22:07:34 WARN  no build target for: /home/jakubp/Code/Studies/sp/list10/sumAndMedian.scala[0m
2022.05.12 22:08:31 WARN  no build target for: /home/jakubp/Code/Studies/sp/list10/sumAndMedian.scala[0m
2022.05.12 22:09:05 WARN  no build target for: /home/jakubp/Code/Studies/sp/list10/sumAndMedian.scala[0m
2022.05.12 22:09:36 WARN  no build target for: /home/jakubp/Code/Studies/sp/list10/sumAndMedian.scala[0m
2022.05.12 22:14:14 WARN  no build target for: /home/jakubp/Code/Studies/sp/list10/sumAndMedian.scala[0m
2022.05.12 22:14:24 WARN  no build target for: /home/jakubp/Code/Studies/sp/list10/sumAndMedian.scala[0m
2022.05.12 22:17:13 WARN  no build target for: /home/jakubp/Code/Studies/sp/list10/sumAndMedian.scala[0m
2022.05.12 22:18:39 WARN  no build target for: /home/jakubp/Code/Studies/sp/list10/sumAndMedian.scala[0m
2022.05.12 22:19:11 WARN  no build target for: /home/jakubp/Code/Studies/sp/list10/sumAndMedian.scala[0m
2022.05.12 22:20:38 WARN  no build target for: /home/jakubp/Code/Studies/sp/list10/sumAndMedian.scala[0m
2022.05.12 22:20:54 WARN  no build target for: /home/jakubp/Code/Studies/sp/list10/sumAndMedian.scala[0m
2022.05.12 22:21:01 WARN  no build target for: /home/jakubp/Code/Studies/sp/list10/sumAndMedian.scala[0m
2022.05.12 22:21:02 WARN  no build target for: /home/jakubp/Code/Studies/sp/list10/Chernoff.scala[0m
2022.05.12 22:21:05 WARN  no build target for: /home/jakubp/Code/Studies/sp/list10/Chernoff.scala[0m
2022.05.12 22:21:09 WARN  no build target for: /home/jakubp/Code/Studies/sp/list10/sumAndMedian.scala[0m
2022.05.12 22:21:41 WARN  no build target for: /home/jakubp/Code/Studies/sp/list10/sumAndMedian.scala[0m
2022.05.12 22:21:52 WARN  no build target for: /home/jakubp/Code/Studies/sp/list10/sumAndMedian.scala[0m
2022.05.12 22:22:33 WARN  no build target for: /home/jakubp/Code/Studies/sp/list10/sumAndMedian.scala[0m
2022.05.12 22:24:54 WARN  no build target for: /home/jakubp/Code/Studies/sp/list10/sumAndMedian.scala[0m
2022.05.12 22:25:28 WARN  no build target for: /home/jakubp/Code/Studies/sp/list10/sumAndMedian.scala[0m
2022.05.12 22:25:39 WARN  no build target for: /home/jakubp/Code/Studies/sp/list10/sumAndMedian.scala[0m
2022.05.12 22:25:48 WARN  no build target for: /home/jakubp/Code/Studies/sp/list10/sumAndMedian.scala[0m
2022.05.12 22:26:01 WARN  no build target for: /home/jakubp/Code/Studies/sp/list10/sumAndMedian.scala[0m
2022.05.12 22:26:21 WARN  no build target for: /home/jakubp/Code/Studies/sp/list10/sumAndMedian.scala[0m
2022.05.12 22:27:07 WARN  no build target for: /home/jakubp/Code/Studies/sp/list10/sumAndMedian.scala[0m
2022.05.12 22:27:20 WARN  no build target for: /home/jakubp/Code/Studies/sp/list10/sumAndMedian.scala[0m
2022.05.12 22:27:27 WARN  no build target for: /home/jakubp/Code/Studies/sp/list10/sumAndMedian.scala[0m
2022.05.12 22:27:30 WARN  no build target for: /home/jakubp/Code/Studies/sp/list10/sumAndMedian.scala[0m
2022.05.12 22:30:54 WARN  no build target for: /home/jakubp/Code/Studies/sp/list10/sumAndMedian.scala[0m
2022.05.12 22:31:50 WARN  no build target for: /home/jakubp/Code/Studies/sp/list10/sumAndMedian.scala[0m
2022.05.12 22:38:13 WARN  no build target for: /home/jakubp/Code/Studies/sp/list10/sumAndMedian.scala[0m
2022.05.12 22:39:54 WARN  no build target for: /home/jakubp/Code/Studies/sp/list10/sumAndMedian.scala[0m
2022.05.12 22:40:25 WARN  no build target for: /home/jakubp/Code/Studies/sp/list10/sumAndMedian.scala[0m
2022.05.12 22:40:25 WARN  no build target for: /home/jakubp/Code/Studies/sp/list10/sumAndMedian.scala[0m
2022.05.12 22:40:29 WARN  no build target for: /home/jakubp/Code/Studies/sp/list10/sumAndMedian.scala[0m
2022.05.12 22:40:55 WARN  no build target for: /home/jakubp/Code/Studies/sp/list10/sumAndMedian.scala[0m
2022.05.12 22:43:25 WARN  no build target for: /home/jakubp/Code/Studies/sp/list10/sumAndMedian.scala[0m
2022.05.12 22:49:50 WARN  no build target for: /home/jakubp/Code/Studies/sp/list10/sumAndMedian.scala[0m
2022.05.12 22:49:51 WARN  no build target for: /home/jakubp/Code/Studies/sp/list10/sumAndMedian.scala[0m
2022.05.12 22:49:58 WARN  no build target for: /home/jakubp/Code/Studies/sp/list10/sumAndMedian.scala[0m
2022.05.12 22:50:00 WARN  no build target for: /home/jakubp/Code/Studies/sp/list10/sumAndMedian.scala[0m
2022.05.12 22:50:15 WARN  no build target for: /home/jakubp/Code/Studies/sp/list10/sumAndMedian.scala[0m
2022.05.12 22:50:33 WARN  no build target for: /home/jakubp/Code/Studies/sp/list10/sumAndMedian.scala[0m
2022.05.12 22:51:32 WARN  no build target for: /home/jakubp/Code/Studies/sp/list10/sumAndMedian.scala[0m
2022.05.12 22:52:01 WARN  no build target for: /home/jakubp/Code/Studies/sp/list10/sumAndMedian.scala[0m
2022.05.12 22:52:04 WARN  no build target for: /home/jakubp/Code/Studies/sp/list10/sumAndMedian.scala[0m
2022.05.12 22:52:24 INFO  shutting down Metals[0m
2022.05.13 19:51:56 INFO  tracing is disabled for protocol LSP, to enable tracing of incoming and outgoing JSON messages create an empty file at /home/jakubp/Code/Studies/sp/list10/.metals/lsp.trace.json or /home/jakubp/.cache/metals/lsp.trace.json[0m
2022.05.13 19:51:57 INFO  logging to file /home/jakubp/Code/Studies/sp/list10/.metals/metals.log[0m
2022.05.13 19:51:57 INFO  Started: Metals version 0.11.5 in workspace '/home/jakubp/Code/Studies/sp/list10' for client Visual Studio Code 1.67.1.[0m
2022.05.13 19:52:00 INFO  time: initialize in 3.04s[0m
2022.05.13 19:52:00 WARN  Flyway upgrade recommended: H2 2.1.212 is newer than this version of Flyway and support has not been tested. The latest supported version of H2 is 2.1.210.[0m
2022.05.13 19:52:00 WARN  Build server is not auto-connectable.[0m
2022.05.13 19:52:00 WARN  no build tool detected in workspace '/home/jakubp/Code/Studies/sp/list10'. The most common cause for this problem is that the editor was opened in the wrong working directory, for example if you use sbt then the workspace directory should contain build.sbt. [0m
2022.05.13 19:52:06 WARN  no build target for: /home/jakubp/Code/Studies/sp/list10/Task5.scala[0m
2022.05.13 19:52:06 WARN  no build target for: /home/jakubp/Code/Studies/sp/list10/Task5.scala[0m
May 13, 2022 7:52:07 PM org.eclipse.lsp4j.jsonrpc.RemoteEndpoint fallbackResponseError
SEVERE: Internal error: java.lang.reflect.InvocationTargetException
java.lang.RuntimeException: java.lang.reflect.InvocationTargetException
	at org.eclipse.lsp4j.jsonrpc.services.GenericEndpoint.lambda$null$0(GenericEndpoint.java:67)
	at org.eclipse.lsp4j.jsonrpc.services.GenericEndpoint.request(GenericEndpoint.java:120)
	at org.eclipse.lsp4j.jsonrpc.RemoteEndpoint.handleRequest(RemoteEndpoint.java:261)
	at org.eclipse.lsp4j.jsonrpc.RemoteEndpoint.consume(RemoteEndpoint.java:190)
	at org.eclipse.lsp4j.jsonrpc.json.StreamMessageProducer.handleMessage(StreamMessageProducer.java:194)
	at org.eclipse.lsp4j.jsonrpc.json.StreamMessageProducer.listen(StreamMessageProducer.java:94)
	at org.eclipse.lsp4j.jsonrpc.json.ConcurrentMessageProcessor.run(ConcurrentMessageProcessor.java:113)
	at java.base/java.util.concurrent.Executors$RunnableAdapter.call(Executors.java:515)
	at java.base/java.util.concurrent.FutureTask.run(FutureTask.java:264)
	at java.base/java.util.concurrent.ThreadPoolExecutor.runWorker(ThreadPoolExecutor.java:1128)
	at java.base/java.util.concurrent.ThreadPoolExecutor$Worker.run(ThreadPoolExecutor.java:628)
	at java.base/java.lang.Thread.run(Thread.java:829)
Caused by: java.lang.reflect.InvocationTargetException
	at java.base/jdk.internal.reflect.NativeMethodAccessorImpl.invoke0(Native Method)
	at java.base/jdk.internal.reflect.NativeMethodAccessorImpl.invoke(NativeMethodAccessorImpl.java:62)
	at java.base/jdk.internal.reflect.DelegatingMethodAccessorImpl.invoke(DelegatingMethodAccessorImpl.java:43)
	at java.base/java.lang.reflect.Method.invoke(Method.java:566)
	at org.eclipse.lsp4j.jsonrpc.services.GenericEndpoint.lambda$null$0(GenericEndpoint.java:65)
	... 11 more
Caused by: java.lang.IllegalArgumentException: 72 is not a valid line number, allowed [0..0]
	at scala.meta.internal.inputs.InternalInput.lineToOffset(InternalInput.scala:37)
	at scala.meta.internal.inputs.InternalInput.lineToOffset$(InternalInput.scala:32)
	at scala.meta.inputs.Input$VirtualFile.lineToOffset(Input.scala:80)
	at scala.meta.inputs.Position$Range$.apply(Position.scala:59)
	at scala.meta.internal.mtags.MtagsEnrichments$XtensionPositionLspInverse.toMeta(MtagsEnrichments.scala:179)
	at scala.meta.internal.parsing.Trees.$anonfun$findLastEnclosingAt$4(Trees.scala:76)
	at scala.Option.flatMap(Option.scala:283)
	at scala.meta.internal.parsing.Trees.findLastEnclosingAt(Trees.scala:75)
	at scala.meta.internal.metals.codeactions.PatternMatchRefactor.contribute(PatternMatchRefactor.scala:96)
	at scala.meta.internal.metals.CodeActionProvider$$anonfun$1.applyOrElse(CodeActionProvider.scala:64)
	at scala.meta.internal.metals.CodeActionProvider$$anonfun$1.applyOrElse(CodeActionProvider.scala:63)
	at scala.collection.immutable.List.collect(List.scala:275)
	at scala.meta.internal.metals.CodeActionProvider.codeActions(CodeActionProvider.scala:63)
	at scala.meta.internal.metals.MetalsLanguageServer.$anonfun$codeAction$1(MetalsLanguageServer.scala:1639)
	at scala.meta.internal.metals.CancelTokens$.future(CancelTokens.scala:38)
	at scala.meta.internal.metals.MetalsLanguageServer.codeAction(MetalsLanguageServer.scala:1638)
	... 16 more

2022.05.13 19:52:09 INFO  no build target found for /home/jakubp/Code/Studies/sp/list10/Task5.scala. Using presentation compiler with project's scala-library version: 3.1.2[0m
2022.05.13 19:52:10 INFO  time: code lens generation in 4.08s[0m
2022.05.13 19:52:10 INFO  time: code lens generation in 3.4s[0m
2022.05.13 19:52:30 WARN  no build target for: /home/jakubp/Code/Studies/sp/list10/Task5.scala[0m
2022.05.13 19:52:44 WARN  no build target for: /home/jakubp/Code/Studies/sp/list10/Task5.scala[0m
2022.05.13 19:53:16 WARN  no build target for: /home/jakubp/Code/Studies/sp/list10/sumAndMedian.scala[0m
2022.05.13 19:59:11 WARN  no build target for: /home/jakubp/Code/Studies/sp/list10/sumAndMedian.scala[0m
2022.05.13 19:59:33 WARN  no build target for: /home/jakubp/Code/Studies/sp/list10/sumAndMedian.scala[0m
2022.05.13 20:00:22 WARN  no build target for: /home/jakubp/Code/Studies/sp/list10/sumAndMedian.scala[0m
2022.05.13 20:01:06 WARN  no build target for: /home/jakubp/Code/Studies/sp/list10/sumAndMedian.scala[0m
2022.05.13 20:01:30 WARN  no build target for: /home/jakubp/Code/Studies/sp/list10/sumAndMedian.scala[0m
2022.05.13 20:01:45 WARN  no build target for: /home/jakubp/Code/Studies/sp/list10/sumAndMedian.scala[0m
May 13, 2022 8:01:55 PM org.eclipse.lsp4j.jsonrpc.RemoteEndpoint handleCancellation
WARNING: Unmatched cancel notification for request id 353
2022.05.13 20:01:59 WARN  no build target for: /home/jakubp/Code/Studies/sp/list10/sumAndMedian.scala[0m
2022.05.13 20:02:23 WARN  no build target for: /home/jakubp/Code/Studies/sp/list10/sumAndMedian.scala[0m
2022.05.13 20:02:40 WARN  no build target for: /home/jakubp/Code/Studies/sp/list10/sumAndMedian.scala[0m
2022.05.13 20:02:54 WARN  no build target for: /home/jakubp/Code/Studies/sp/list10/sumAndMedian.scala[0m
2022.05.13 20:03:01 WARN  no build target for: /home/jakubp/Code/Studies/sp/list10/sumAndMedian.scala[0m
2022.05.13 20:07:45 WARN  no build target for: /home/jakubp/Code/Studies/sp/list10/Task5.scala[0m
2022.05.13 20:09:44 WARN  no build target for: /home/jakubp/Code/Studies/sp/list10/sumAndMedian.scala[0m
2022.05.13 20:10:13 WARN  no build target for: /home/jakubp/Code/Studies/sp/list10/sumAndMedian.scala[0m
2022.05.13 20:10:43 WARN  no build target for: /home/jakubp/Code/Studies/sp/list10/sumAndMedian.scala[0m
2022.05.13 20:16:50 WARN  no build target for: /home/jakubp/Code/Studies/sp/list10/sumAndMedian.scala[0m
2022.05.13 20:16:59 WARN  no build target for: /home/jakubp/Code/Studies/sp/list10/sumAndMedian.scala[0m
2022.05.13 20:17:17 WARN  no build target for: /home/jakubp/Code/Studies/sp/list10/sumAndMedian.scala[0m
2022.05.13 20:18:36 WARN  no build target for: /home/jakubp/Code/Studies/sp/list10/sumAndMedian.scala[0m
2022.05.13 20:18:57 INFO  shutting down Metals[0m
2022.05.13 20:19:46 INFO  tracing is disabled for protocol LSP, to enable tracing of incoming and outgoing JSON messages create an empty file at /home/jakubp/Code/Studies/sp/list10/.metals/lsp.trace.json or /home/jakubp/.cache/metals/lsp.trace.json[0m
2022.05.13 20:19:46 INFO  logging to file /home/jakubp/Code/Studies/sp/list10/.metals/metals.log[0m
2022.05.13 20:19:46 INFO  Started: Metals version 0.11.5 in workspace '/home/jakubp/Code/Studies/sp/list10' for client Visual Studio Code 1.67.1.[0m
2022.05.13 20:19:49 INFO  time: initialize in 2.24s[0m
2022.05.13 20:19:49 WARN  Flyway upgrade recommended: H2 2.1.212 is newer than this version of Flyway and support has not been tested. The latest supported version of H2 is 2.1.210.[0m
2022.05.13 20:19:49 WARN  Build server is not auto-connectable.[0m
2022.05.13 20:19:49 WARN  no build tool detected in workspace '/home/jakubp/Code/Studies/sp/list10'. The most common cause for this problem is that the editor was opened in the wrong working directory, for example if you use sbt then the workspace directory should contain build.sbt. [0m
2022.05.13 20:19:51 WARN  no build target for: /home/jakubp/Code/Studies/sp/list10/sumAndMedian.scala[0m
2022.05.13 20:19:51 WARN  no build target for: /home/jakubp/Code/Studies/sp/list10/AMS.scala[0m
May 13, 2022 8:19:51 PM org.eclipse.lsp4j.jsonrpc.RemoteEndpoint handleCancellation
WARNING: Unmatched cancel notification for request id 1
May 13, 2022 8:19:52 PM org.eclipse.lsp4j.jsonrpc.RemoteEndpoint handleCancellation
WARNING: Unmatched cancel notification for request id 4
May 13, 2022 8:19:52 PM org.eclipse.lsp4j.jsonrpc.RemoteEndpoint handleCancellation
WARNING: Unmatched cancel notification for request id 7
2022.05.13 20:19:53 INFO  no build target found for /home/jakubp/Code/Studies/sp/list10/sumAndMedian.scala. Using presentation compiler with project's scala-library version: 3.1.2[0m
2022.05.13 20:19:56 INFO  time: code lens generation in 4.72s[0m
2022.05.13 20:19:56 INFO  time: code lens generation in 4.66s[0m
2022.05.13 20:20:43 WARN  no build target for: /home/jakubp/Code/Studies/sp/list10/AMS.scala[0m
2022.05.13 20:20:59 WARN  no build target for: /home/jakubp/Code/Studies/sp/list10/AMS.scala[0m
2022.05.13 20:21:15 WARN  no build target for: /home/jakubp/Code/Studies/sp/list10/AMS.scala[0m
2022.05.13 20:21:29 WARN  no build target for: /home/jakubp/Code/Studies/sp/list10/AMS.scala[0m
2022.05.13 20:25:13 WARN  no build target for: /home/jakubp/Code/Studies/sp/list10/AMS.scala[0m
2022.05.13 21:09:28 WARN  no build target for: /home/jakubp/Code/Studies/sp/list10/AMS.scala[0m
2022.05.13 21:09:32 INFO  shutting down Metals[0m
2022.05.15 14:38:44 INFO  tracing is disabled for protocol LSP, to enable tracing of incoming and outgoing JSON messages create an empty file at /home/jakubp/Code/Studies/sp/list10/.metals/lsp.trace.json or /home/jakubp/.cache/metals/lsp.trace.json[0m
2022.05.15 14:38:45 INFO  logging to file /home/jakubp/Code/Studies/sp/list10/.metals/metals.log[0m
2022.05.15 14:38:45 INFO  Started: Metals version 0.11.5 in workspace '/home/jakubp/Code/Studies/sp/list10' for client Visual Studio Code 1.67.1.[0m
2022.05.15 14:38:47 INFO  time: initialize in 2.7s[0m
2022.05.15 14:38:47 WARN  Flyway upgrade recommended: H2 2.1.212 is newer than this version of Flyway and support has not been tested. The latest supported version of H2 is 2.1.210.[0m
2022.05.15 14:38:47 WARN  Build server is not auto-connectable.[0m
2022.05.15 14:38:47 WARN  no build tool detected in workspace '/home/jakubp/Code/Studies/sp/list10'. The most common cause for this problem is that the editor was opened in the wrong working directory, for example if you use sbt then the workspace directory should contain build.sbt. [0m
2022.05.15 14:38:50 WARN  no build target for: /home/jakubp/Code/Studies/sp/list10/AMS.scala[0m
2022.05.15 14:38:53 INFO  no build target found for /home/jakubp/Code/Studies/sp/list10/AMS.scala. Using presentation compiler with project's scala-library version: 3.1.2[0m
2022.05.15 14:38:55 INFO  time: code lens generation in 5.5s[0m
2022.05.15 14:40:36 WARN  no build target for: /home/jakubp/Code/Studies/sp/list10/GMI.scala[0m
2022.05.15 14:42:16 WARN  no build target for: /home/jakubp/Code/Studies/sp/list10/AMS.scala[0m
2022.05.15 14:42:19 WARN  no build target for: /home/jakubp/Code/Studies/sp/list10/AMS.scala[0m
2022.05.15 14:42:24 WARN  no build target for: /home/jakubp/Code/Studies/sp/list10/AMS.scala[0m
2022.05.15 14:43:35 WARN  no build target for: /home/jakubp/Code/Studies/sp/list10/GMI.scala[0m
2022.05.15 14:43:38 WARN  no build target for: /home/jakubp/Code/Studies/sp/list10/GMI.scala[0m
2022.05.15 14:44:26 WARN  no build target for: /home/jakubp/Code/Studies/sp/list10/GMI.scala[0m
2022.05.15 14:44:26 WARN  no build target for: /home/jakubp/Code/Studies/sp/list10/GMI.scala[0m
2022.05.15 14:45:05 WARN  no build target for: /home/jakubp/Code/Studies/sp/list10/BienaymeChebyshev.scala[0m
2022.05.15 14:45:20 WARN  no build target for: /home/jakubp/Code/Studies/sp/list10/BienaymeChebyshev.scala[0m
2022.05.15 14:46:22 WARN  no build target for: /home/jakubp/Code/Studies/sp/list10/Chernoff.scala[0m
2022.05.15 14:46:24 WARN  no build target for: /home/jakubp/Code/Studies/sp/list10/Chernoff.scala[0m
2022.05.15 14:46:58 WARN  no build target for: /home/jakubp/Code/Studies/sp/list10/sumAndMedian.scala[0m
2022.05.15 14:47:00 WARN  no build target for: /home/jakubp/Code/Studies/sp/list10/sumAndMedian.scala[0m
2022.05.15 14:48:07 WARN  no build target for: /home/jakubp/Code/Studies/sp/list10/sumAndMedian.scala[0m
2022.05.15 14:48:33 INFO  shutting down Metals[0m
2022.05.15 16:43:47 INFO  tracing is disabled for protocol LSP, to enable tracing of incoming and outgoing JSON messages create an empty file at /home/jakubp/Code/Studies/sp/list10/.metals/lsp.trace.json or /home/jakubp/.cache/metals/lsp.trace.json[0m
2022.05.15 16:43:48 INFO  logging to file /home/jakubp/Code/Studies/sp/list10/.metals/metals.log[0m
2022.05.15 16:43:48 INFO  Started: Metals version 0.11.5 in workspace '/home/jakubp/Code/Studies/sp/list10' for client Visual Studio Code 1.67.1.[0m
2022.05.15 16:43:50 INFO  time: initialize in 2.06s[0m
2022.05.15 16:43:50 WARN  Flyway upgrade recommended: H2 2.1.212 is newer than this version of Flyway and support has not been tested. The latest supported version of H2 is 2.1.210.[0m
2022.05.15 16:43:50 WARN  Build server is not auto-connectable.[0m
2022.05.15 16:43:50 WARN  no build tool detected in workspace '/home/jakubp/Code/Studies/sp/list10'. The most common cause for this problem is that the editor was opened in the wrong working directory, for example if you use sbt then the workspace directory should contain build.sbt. [0m
2022.05.15 16:43:52 WARN  no build target for: /home/jakubp/Code/Studies/sp/list10/sumAndMedian.scala[0m
2022.05.15 16:43:53 WARN  no build target for: /home/jakubp/Code/Studies/sp/list10/GMI.scala[0m
2022.05.15 16:43:55 INFO  no build target found for /home/jakubp/Code/Studies/sp/list10/sumAndMedian.scala. Using presentation compiler with project's scala-library version: 3.1.2[0m
2022.05.15 16:43:57 INFO  time: code lens generation in 3.99s[0m
2022.05.15 16:43:57 INFO  time: code lens generation in 4.65s[0m
2022.05.15 16:46:09 INFO  shutting down Metals[0m
2022.05.15 22:15:30 INFO  tracing is disabled for protocol LSP, to enable tracing of incoming and outgoing JSON messages create an empty file at /home/jakubp/Code/Studies/sp/list10/.metals/lsp.trace.json or /home/jakubp/.cache/metals/lsp.trace.json[0m
2022.05.15 22:15:31 INFO  logging to file /home/jakubp/Code/Studies/sp/list10/.metals/metals.log[0m
2022.05.15 22:15:31 INFO  Started: Metals version 0.11.5 in workspace '/home/jakubp/Code/Studies/sp/list10' for client Visual Studio Code 1.67.1.[0m
2022.05.15 22:15:33 INFO  time: initialize in 2.14s[0m
2022.05.15 22:15:33 WARN  Flyway upgrade recommended: H2 2.1.212 is newer than this version of Flyway and support has not been tested. The latest supported version of H2 is 2.1.210.[0m
2022.05.15 22:15:33 WARN  Build server is not auto-connectable.[0m
2022.05.15 22:15:33 WARN  no build tool detected in workspace '/home/jakubp/Code/Studies/sp/list10'. The most common cause for this problem is that the editor was opened in the wrong working directory, for example if you use sbt then the workspace directory should contain build.sbt. [0m
2022.05.15 22:15:35 WARN  no build target for: /home/jakubp/Code/Studies/sp/list10/GMI.scala[0m
2022.05.15 22:15:35 WARN  no build target for: /home/jakubp/Code/Studies/sp/list10/sumAndMedian.scala[0m
2022.05.15 22:15:37 INFO  no build target found for /home/jakubp/Code/Studies/sp/list10/sumAndMedian.scala. Using presentation compiler with project's scala-library version: 3.1.2[0m
2022.05.15 22:15:39 INFO  time: code lens generation in 3.79s[0m
2022.05.15 22:18:32 WARN  no build target for: /home/jakubp/Code/Studies/sp/list10/sumAndMedian.scala[0m
2022.05.15 22:18:47 WARN  no build target for: /home/jakubp/Code/Studies/sp/list10/sumAndMedian.scala[0m
2022.05.15 22:19:33 WARN  no build target for: /home/jakubp/Code/Studies/sp/list10/AMS.scala[0m
2022.05.15 22:19:39 WARN  no build target for: /home/jakubp/Code/Studies/sp/list10/BienaymeChebyshev.scala[0m
2022.05.15 22:19:41 WARN  no build target for: /home/jakubp/Code/Studies/sp/list10/Chernoff.scala[0m
2022.05.15 22:24:43 INFO  shutting down Metals[0m
2022.05.17 22:18:07 INFO  tracing is disabled for protocol LSP, to enable tracing of incoming and outgoing JSON messages create an empty file at /home/jakubp/Code/Studies/sp/list10/.metals/lsp.trace.json or /home/jakubp/.cache/metals/lsp.trace.json[0m
2022.05.17 22:18:08 INFO  logging to file /home/jakubp/Code/Studies/sp/list10/.metals/metals.log[0m
2022.05.17 22:18:08 INFO  Started: Metals version 0.11.5 in workspace '/home/jakubp/Code/Studies/sp/list10' for client Visual Studio Code 1.67.1.[0m
2022.05.17 22:18:10 INFO  time: initialize in 2.28s[0m
2022.05.17 22:18:10 WARN  Flyway upgrade recommended: H2 2.1.212 is newer than this version of Flyway and support has not been tested. The latest supported version of H2 is 2.1.210.[0m
2022.05.17 22:18:10 WARN  Build server is not auto-connectable.[0m
2022.05.17 22:18:10 WARN  no build tool detected in workspace '/home/jakubp/Code/Studies/sp/list10'. The most common cause for this problem is that the editor was opened in the wrong working directory, for example if you use sbt then the workspace directory should contain build.sbt. [0m
2022.05.17 22:18:13 WARN  no build target for: /home/jakubp/Code/Studies/sp/list10/Chernoff.scala[0m
2022.05.17 22:18:13 WARN  no build target for: /home/jakubp/Code/Studies/sp/list10/Chernoff.scala[0m
May 17, 2022 10:18:14 PM org.eclipse.lsp4j.jsonrpc.RemoteEndpoint handleCancellation
WARNING: Unmatched cancel notification for request id 1
2022.05.17 22:18:16 INFO  no build target found for /home/jakubp/Code/Studies/sp/list10/Chernoff.scala. Using presentation compiler with project's scala-library version: 3.1.2[0m
2022.05.17 22:18:19 INFO  time: code lens generation in 2.1s[0m
2022.05.17 22:18:19 INFO  time: code lens generation in 5.16s[0m
2022.05.17 22:18:19 INFO  time: code lens generation in 2.3s[0m
2022.05.17 22:18:19 INFO  time: code lens generation in 5.22s[0m
2022.05.17 22:18:19 INFO  time: code lens generation in 1.3s[0m
2022.05.17 22:18:24 WARN  no build target for: /home/jakubp/Code/Studies/sp/list10/Chernoff.scala[0m
2022.05.17 22:18:45 WARN  no build target for: /home/jakubp/Code/Studies/sp/list10/Chernoff.scala[0m
2022.05.17 22:18:47 INFO  shutting down Metals[0m
