2022.04.06 16:49:47 INFO  tracing is disabled for protocol LSP, to enable tracing of incoming and outgoing JSON messages create an empty file at /home/jakubp/Code/Studies/sp/list7/.metals/lsp.trace.json or /home/jakubp/.cache/metals/lsp.trace.json[0m
2022.04.06 16:49:47 INFO  logging to file /home/jakubp/Code/Studies/sp/list7/.metals/metals.log[0m
2022.04.06 16:49:47 INFO  Started: Metals version 0.11.2 in workspace '/home/jakubp/Code/Studies/sp/list7' for client Visual Studio Code 1.66.0.[0m
2022.04.06 16:49:47 INFO  Parse release: 11.0.14.1[0m
2022.04.06 16:49:49 INFO  time: initialize in 2.06s[0m
2022.04.06 16:49:49 WARN  Build server is not auto-connectable.[0m
2022.04.06 16:49:49 WARN  no build tool detected in workspace '/home/jakubp/Code/Studies/sp/list7'. The most common cause for this problem is that the editor was opened in the wrong working directory, for example if you use sbt then the workspace directory should contain build.sbt. [0m
2022.04.06 16:49:51 WARN  no build target for: /home/jakubp/Code/Studies/sp/list7/Element.scala[0m
2022.04.06 16:49:54 INFO  no build target found for /home/jakubp/Code/Studies/sp/list7/Element.scala. Using presentation compiler with project's scala-library version: 3.1.1[0m
2022.04.06 16:49:56 INFO  time: code lens generation in 4.44s[0m
2022.04.06 16:51:14 WARN  no build target for: /home/jakubp/Code/Studies/sp/list7/Rational.scala[0m
2022.04.06 16:51:17 WARN  no build target for: /home/jakubp/Code/Studies/sp/list7/Spiral.scala[0m
2022.04.06 16:51:18 WARN  no build target for: /home/jakubp/Code/Studies/sp/list7/UseRational.scala[0m
2022.04.06 16:51:28 WARN  no build target for: /home/jakubp/Code/Studies/sp/list7/Spiral.scala[0m
2022.04.06 16:53:17 WARN  no build target for: /home/jakubp/Code/Studies/sp/list7/Spiral.scala[0m
2022.04.06 16:53:38 WARN  no build target for: /home/jakubp/Code/Studies/sp/list7/Rectangle.scala[0m
2022.04.06 16:53:38 WARN  no build target for: /home/jakubp/Code/Studies/sp/list7/Rectangle.scala[0m
2022.04.06 16:53:40 WARN  no build target for: /home/jakubp/Code/Studies/sp/list7/Rectangle.scala[0m
2022.04.06 16:53:49 WARN  no build target for: /home/jakubp/Code/Studies/sp/list7/Rectangle.scala[0m
2022.04.06 16:54:37 WARN  no build target for: /home/jakubp/Code/Studies/sp/list7/Rectangle.scala[0m
2022.04.06 16:54:46 WARN  no build target for: /home/jakubp/Code/Studies/sp/list7/Rectangle.scala[0m
2022.04.06 16:55:23 WARN  no build target for: /home/jakubp/Code/Studies/sp/list7/Spiral.scala[0m
2022.04.06 16:56:19 WARN  no build target for: /home/jakubp/Code/Studies/sp/list7/Spiral.scala[0m
2022.04.06 16:56:35 WARN  no build target for: /home/jakubp/Code/Studies/sp/list7/Rectangle.scala[0m
2022.04.06 16:56:39 WARN  no build target for: /home/jakubp/Code/Studies/sp/list7/Rectangle.scala[0m
2022.04.06 16:56:42 WARN  no build target for: /home/jakubp/Code/Studies/sp/list7/Element.scala[0m
2022.04.06 16:58:32 WARN  no build target for: /home/jakubp/Code/Studies/sp/list7/Rectangle.scala[0m
2022.04.06 17:09:33 WARN  no build target for: /home/jakubp/Code/Studies/sp/list7/Rectangle.scala[0m
2022.04.06 17:09:43 WARN  no build target for: /home/jakubp/Code/Studies/sp/list7/Rectangle.scala[0m
2022.04.06 17:12:39 WARN  no build target for: /home/jakubp/Code/Studies/sp/list7/Rectangle.scala[0m
2022.04.06 17:13:22 WARN  no build target for: /home/jakubp/Code/Studies/sp/list7/Rectangle.scala[0m
2022.04.06 17:13:34 WARN  no build target for: /home/jakubp/Code/Studies/sp/list7/Rectangle.scala[0m
2022.04.06 17:14:41 WARN  no build target for: /home/jakubp/Code/Studies/sp/list7/Rectangle.scala[0m
2022.04.06 17:15:11 WARN  no build target for: /home/jakubp/Code/Studies/sp/list7/Rectangle.scala[0m
2022.04.06 17:16:42 WARN  no build target for: /home/jakubp/Code/Studies/sp/list7/Rectangle.scala[0m
2022.04.06 17:17:40 WARN  no build target for: /home/jakubp/Code/Studies/sp/list7/Rectangle.scala[0m
2022.04.06 17:26:12 WARN  no build target for: /home/jakubp/Code/Studies/sp/list7/Rectangle.scala[0m
2022.04.06 17:26:14 WARN  no build target for: /home/jakubp/Code/Studies/sp/list7/Rectangle.scala[0m
2022.04.06 17:26:47 WARN  no build target for: /home/jakubp/Code/Studies/sp/list7/Rectangle.scala[0m
2022.04.06 17:27:56 WARN  no build target for: /home/jakubp/Code/Studies/sp/list7/Rectangle.scala[0m
2022.04.06 17:28:49 WARN  no build target for: /home/jakubp/Code/Studies/sp/list7/Spiral.scala[0m
2022.04.06 17:29:06 WARN  no build target for: /home/jakubp/Code/Studies/sp/list7/Rectangle.scala[0m
2022.04.06 17:30:17 WARN  no build target for: /home/jakubp/Code/Studies/sp/list7/Rectangle.scala[0m
2022.04.06 17:30:27 WARN  no build target for: /home/jakubp/Code/Studies/sp/list7/Rectangle.scala[0m
2022.04.06 17:30:27 WARN  no build target for: /home/jakubp/Code/Studies/sp/list7/Rectangle.scala[0m
2022.04.06 17:30:31 WARN  no build target for: /home/jakubp/Code/Studies/sp/list7/Rectangle.scala[0m
2022.04.06 17:30:40 WARN  no build target for: /home/jakubp/Code/Studies/sp/list7/Rectangle.scala[0m
2022.04.06 17:31:04 WARN  no build target for: /home/jakubp/Code/Studies/sp/list7/Rectangle.scala[0m
2022.04.06 17:31:15 WARN  no build target for: /home/jakubp/Code/Studies/sp/list7/Rectangle.scala[0m
2022.04.06 17:32:08 WARN  no build target for: /home/jakubp/Code/Studies/sp/list7/Rectangle.scala[0m
2022.04.06 17:32:10 WARN  no build target for: /home/jakubp/Code/Studies/sp/list7/Rectangle.scala[0m
2022.04.06 17:32:30 WARN  no build target for: /home/jakubp/Code/Studies/sp/list7/Rectangle.scala[0m
Apr 06, 2022 5:34:40 PM org.eclipse.lsp4j.jsonrpc.RemoteEndpoint fallbackResponseError
SEVERE: Internal error: java.lang.reflect.InvocationTargetException
java.lang.RuntimeException: java.lang.reflect.InvocationTargetException
	at org.eclipse.lsp4j.jsonrpc.services.GenericEndpoint.lambda$null$0(GenericEndpoint.java:67)
	at org.eclipse.lsp4j.jsonrpc.services.GenericEndpoint.request(GenericEndpoint.java:120)
	at org.eclipse.lsp4j.jsonrpc.RemoteEndpoint.handleRequest(RemoteEndpoint.java:261)
	at org.eclipse.lsp4j.jsonrpc.RemoteEndpoint.consume(RemoteEndpoint.java:190)
	at org.eclipse.lsp4j.jsonrpc.json.StreamMessageProducer.handleMessage(StreamMessageProducer.java:194)
	at org.eclipse.lsp4j.jsonrpc.json.StreamMessageProducer.listen(StreamMessageProducer.java:94)
	at org.eclipse.lsp4j.jsonrpc.json.ConcurrentMessageProcessor.run(ConcurrentMessageProcessor.java:113)
	at java.base/java.util.concurrent.Executors$RunnableAdapter.call(Executors.java:515)
	at java.base/java.util.concurrent.FutureTask.run(FutureTask.java:264)
	at java.base/java.util.concurrent.ThreadPoolExecutor.runWorker(ThreadPoolExecutor.java:1128)
	at java.base/java.util.concurrent.ThreadPoolExecutor$Worker.run(ThreadPoolExecutor.java:628)
	at java.base/java.lang.Thread.run(Thread.java:829)
Caused by: java.lang.reflect.InvocationTargetException
	at jdk.internal.reflect.GeneratedMethodAccessor6.invoke(Unknown Source)
	at java.base/jdk.internal.reflect.DelegatingMethodAccessorImpl.invoke(DelegatingMethodAccessorImpl.java:43)
	at java.base/java.lang.reflect.Method.invoke(Method.java:566)
	at org.eclipse.lsp4j.jsonrpc.services.GenericEndpoint.lambda$null$0(GenericEndpoint.java:65)
	... 11 more
Caused by: java.lang.IllegalArgumentException: 24 is not a valid line number, allowed [0..23]
	at scala.meta.internal.inputs.InternalInput.lineToOffset(InternalInput.scala:37)
	at scala.meta.internal.inputs.InternalInput.lineToOffset$(InternalInput.scala:32)
	at scala.meta.inputs.Input$VirtualFile.lineToOffset(Input.scala:80)
	at scala.meta.inputs.Position$Range$.apply(Position.scala:59)
	at scala.meta.internal.mtags.MtagsEnrichments$XtensionPositionLspInverse.toMeta(MtagsEnrichments.scala:143)
	at scala.meta.internal.parsing.Trees.$anonfun$findLastEnclosingAt$4(Trees.scala:78)
	at scala.Option.flatMap(Option.scala:271)
	at scala.meta.internal.parsing.Trees.findLastEnclosingAt(Trees.scala:77)
	at scala.meta.internal.metals.codeactions.PatternMatchRefactor.contribute(PatternMatchRefactor.scala:96)
	at scala.meta.internal.metals.CodeActionProvider$$anonfun$1.applyOrElse(CodeActionProvider.scala:64)
	at scala.meta.internal.metals.CodeActionProvider$$anonfun$1.applyOrElse(CodeActionProvider.scala:63)
	at scala.collection.immutable.List.collect(List.scala:323)
	at scala.meta.internal.metals.CodeActionProvider.codeActions(CodeActionProvider.scala:63)
	at scala.meta.internal.metals.MetalsLanguageServer.$anonfun$codeAction$1(MetalsLanguageServer.scala:1615)
	at scala.meta.internal.metals.CancelTokens$.future(CancelTokens.scala:38)
	at scala.meta.internal.metals.MetalsLanguageServer.codeAction(MetalsLanguageServer.scala:1614)
	... 15 more

Apr 06, 2022 5:34:47 PM org.eclipse.lsp4j.jsonrpc.RemoteEndpoint fallbackResponseError
SEVERE: Internal error: java.lang.reflect.InvocationTargetException
java.lang.RuntimeException: java.lang.reflect.InvocationTargetException
	at org.eclipse.lsp4j.jsonrpc.services.GenericEndpoint.lambda$null$0(GenericEndpoint.java:67)
	at org.eclipse.lsp4j.jsonrpc.services.GenericEndpoint.request(GenericEndpoint.java:120)
	at org.eclipse.lsp4j.jsonrpc.RemoteEndpoint.handleRequest(RemoteEndpoint.java:261)
	at org.eclipse.lsp4j.jsonrpc.RemoteEndpoint.consume(RemoteEndpoint.java:190)
	at org.eclipse.lsp4j.jsonrpc.json.StreamMessageProducer.handleMessage(StreamMessageProducer.java:194)
	at org.eclipse.lsp4j.jsonrpc.json.StreamMessageProducer.listen(StreamMessageProducer.java:94)
	at org.eclipse.lsp4j.jsonrpc.json.ConcurrentMessageProcessor.run(ConcurrentMessageProcessor.java:113)
	at java.base/java.util.concurrent.Executors$RunnableAdapter.call(Executors.java:515)
	at java.base/java.util.concurrent.FutureTask.run(FutureTask.java:264)
	at java.base/java.util.concurrent.ThreadPoolExecutor.runWorker(ThreadPoolExecutor.java:1128)
	at java.base/java.util.concurrent.ThreadPoolExecutor$Worker.run(ThreadPoolExecutor.java:628)
	at java.base/java.lang.Thread.run(Thread.java:829)
Caused by: java.lang.reflect.InvocationTargetException
	at jdk.internal.reflect.GeneratedMethodAccessor6.invoke(Unknown Source)
	at java.base/jdk.internal.reflect.DelegatingMethodAccessorImpl.invoke(DelegatingMethodAccessorImpl.java:43)
	at java.base/java.lang.reflect.Method.invoke(Method.java:566)
	at org.eclipse.lsp4j.jsonrpc.services.GenericEndpoint.lambda$null$0(GenericEndpoint.java:65)
	... 11 more
Caused by: java.lang.IllegalArgumentException: 24 is not a valid line number, allowed [0..23]
	at scala.meta.internal.inputs.InternalInput.lineToOffset(InternalInput.scala:37)
	at scala.meta.internal.inputs.InternalInput.lineToOffset$(InternalInput.scala:32)
	at scala.meta.inputs.Input$VirtualFile.lineToOffset(Input.scala:80)
	at scala.meta.inputs.Position$Range$.apply(Position.scala:59)
	at scala.meta.internal.mtags.MtagsEnrichments$XtensionPositionLspInverse.toMeta(MtagsEnrichments.scala:143)
	at scala.meta.internal.parsing.Trees.$anonfun$findLastEnclosingAt$4(Trees.scala:78)
	at scala.Option.flatMap(Option.scala:271)
	at scala.meta.internal.parsing.Trees.findLastEnclosingAt(Trees.scala:77)
	at scala.meta.internal.metals.codeactions.PatternMatchRefactor.contribute(PatternMatchRefactor.scala:96)
	at scala.meta.internal.metals.CodeActionProvider$$anonfun$1.applyOrElse(CodeActionProvider.scala:64)
	at scala.meta.internal.metals.CodeActionProvider$$anonfun$1.applyOrElse(CodeActionProvider.scala:63)
	at scala.collection.immutable.List.collect(List.scala:323)
	at scala.meta.internal.metals.CodeActionProvider.codeActions(CodeActionProvider.scala:63)
	at scala.meta.internal.metals.MetalsLanguageServer.$anonfun$codeAction$1(MetalsLanguageServer.scala:1615)
	at scala.meta.internal.metals.CancelTokens$.future(CancelTokens.scala:38)
	at scala.meta.internal.metals.MetalsLanguageServer.codeAction(MetalsLanguageServer.scala:1614)
	... 15 more

Apr 06, 2022 5:34:49 PM org.eclipse.lsp4j.jsonrpc.RemoteEndpoint fallbackResponseError
SEVERE: Internal error: java.lang.reflect.InvocationTargetException
java.lang.RuntimeException: java.lang.reflect.InvocationTargetException
	at org.eclipse.lsp4j.jsonrpc.services.GenericEndpoint.lambda$null$0(GenericEndpoint.java:67)
	at org.eclipse.lsp4j.jsonrpc.services.GenericEndpoint.request(GenericEndpoint.java:120)
	at org.eclipse.lsp4j.jsonrpc.RemoteEndpoint.handleRequest(RemoteEndpoint.java:261)
	at org.eclipse.lsp4j.jsonrpc.RemoteEndpoint.consume(RemoteEndpoint.java:190)
	at org.eclipse.lsp4j.jsonrpc.json.StreamMessageProducer.handleMessage(StreamMessageProducer.java:194)
	at org.eclipse.lsp4j.jsonrpc.json.StreamMessageProducer.listen(StreamMessageProducer.java:94)
	at org.eclipse.lsp4j.jsonrpc.json.ConcurrentMessageProcessor.run(ConcurrentMessageProcessor.java:113)
	at java.base/java.util.concurrent.Executors$RunnableAdapter.call(Executors.java:515)
	at java.base/java.util.concurrent.FutureTask.run(FutureTask.java:264)
	at java.base/java.util.concurrent.ThreadPoolExecutor.runWorker(ThreadPoolExecutor.java:1128)
	at java.base/java.util.concurrent.ThreadPoolExecutor$Worker.run(ThreadPoolExecutor.java:628)
	at java.base/java.lang.Thread.run(Thread.java:829)
Caused by: java.lang.reflect.InvocationTargetException
	at jdk.internal.reflect.GeneratedMethodAccessor6.invoke(Unknown Source)
	at java.base/jdk.internal.reflect.DelegatingMethodAccessorImpl.invoke(DelegatingMethodAccessorImpl.java:43)
	at java.base/java.lang.reflect.Method.invoke(Method.java:566)
	at org.eclipse.lsp4j.jsonrpc.services.GenericEndpoint.lambda$null$0(GenericEndpoint.java:65)
	... 11 more
Caused by: java.lang.IllegalArgumentException: 24 is not a valid line number, allowed [0..23]
	at scala.meta.internal.inputs.InternalInput.lineToOffset(InternalInput.scala:37)
	at scala.meta.internal.inputs.InternalInput.lineToOffset$(InternalInput.scala:32)
	at scala.meta.inputs.Input$VirtualFile.lineToOffset(Input.scala:80)
	at scala.meta.inputs.Position$Range$.apply(Position.scala:59)
	at scala.meta.internal.mtags.MtagsEnrichments$XtensionPositionLspInverse.toMeta(MtagsEnrichments.scala:143)
	at scala.meta.internal.parsing.Trees.$anonfun$findLastEnclosingAt$4(Trees.scala:78)
	at scala.Option.flatMap(Option.scala:271)
	at scala.meta.internal.parsing.Trees.findLastEnclosingAt(Trees.scala:77)
	at scala.meta.internal.metals.codeactions.PatternMatchRefactor.contribute(PatternMatchRefactor.scala:96)
	at scala.meta.internal.metals.CodeActionProvider$$anonfun$1.applyOrElse(CodeActionProvider.scala:64)
	at scala.meta.internal.metals.CodeActionProvider$$anonfun$1.applyOrElse(CodeActionProvider.scala:63)
	at scala.collection.immutable.List.collect(List.scala:323)
	at scala.meta.internal.metals.CodeActionProvider.codeActions(CodeActionProvider.scala:63)
	at scala.meta.internal.metals.MetalsLanguageServer.$anonfun$codeAction$1(MetalsLanguageServer.scala:1615)
	at scala.meta.internal.metals.CancelTokens$.future(CancelTokens.scala:38)
	at scala.meta.internal.metals.MetalsLanguageServer.codeAction(MetalsLanguageServer.scala:1614)
	... 15 more

2022.04.06 17:34:50 WARN  no build target for: /home/jakubp/Code/Studies/sp/list7/Rectangle.scala[0m
Apr 06, 2022 5:34:54 PM org.eclipse.lsp4j.jsonrpc.RemoteEndpoint fallbackResponseError
SEVERE: Internal error: java.lang.reflect.InvocationTargetException
java.lang.RuntimeException: java.lang.reflect.InvocationTargetException
	at org.eclipse.lsp4j.jsonrpc.services.GenericEndpoint.lambda$null$0(GenericEndpoint.java:67)
	at org.eclipse.lsp4j.jsonrpc.services.GenericEndpoint.request(GenericEndpoint.java:120)
	at org.eclipse.lsp4j.jsonrpc.RemoteEndpoint.handleRequest(RemoteEndpoint.java:261)
	at org.eclipse.lsp4j.jsonrpc.RemoteEndpoint.consume(RemoteEndpoint.java:190)
	at org.eclipse.lsp4j.jsonrpc.json.StreamMessageProducer.handleMessage(StreamMessageProducer.java:194)
	at org.eclipse.lsp4j.jsonrpc.json.StreamMessageProducer.listen(StreamMessageProducer.java:94)
	at org.eclipse.lsp4j.jsonrpc.json.ConcurrentMessageProcessor.run(ConcurrentMessageProcessor.java:113)
	at java.base/java.util.concurrent.Executors$RunnableAdapter.call(Executors.java:515)
	at java.base/java.util.concurrent.FutureTask.run(FutureTask.java:264)
	at java.base/java.util.concurrent.ThreadPoolExecutor.runWorker(ThreadPoolExecutor.java:1128)
	at java.base/java.util.concurrent.ThreadPoolExecutor$Worker.run(ThreadPoolExecutor.java:628)
	at java.base/java.lang.Thread.run(Thread.java:829)
Caused by: java.lang.reflect.InvocationTargetException
	at jdk.internal.reflect.GeneratedMethodAccessor6.invoke(Unknown Source)
	at java.base/jdk.internal.reflect.DelegatingMethodAccessorImpl.invoke(DelegatingMethodAccessorImpl.java:43)
	at java.base/java.lang.reflect.Method.invoke(Method.java:566)
	at org.eclipse.lsp4j.jsonrpc.services.GenericEndpoint.lambda$null$0(GenericEndpoint.java:65)
	... 11 more
Caused by: java.lang.IllegalArgumentException: 25 is not a valid line number, allowed [0..23]
	at scala.meta.internal.inputs.InternalInput.lineToOffset(InternalInput.scala:37)
	at scala.meta.internal.inputs.InternalInput.lineToOffset$(InternalInput.scala:32)
	at scala.meta.inputs.Input$VirtualFile.lineToOffset(Input.scala:80)
	at scala.meta.inputs.Position$Range$.apply(Position.scala:59)
	at scala.meta.internal.mtags.MtagsEnrichments$XtensionPositionLspInverse.toMeta(MtagsEnrichments.scala:143)
	at scala.meta.internal.parsing.Trees.$anonfun$findLastEnclosingAt$4(Trees.scala:78)
	at scala.Option.flatMap(Option.scala:271)
	at scala.meta.internal.parsing.Trees.findLastEnclosingAt(Trees.scala:77)
	at scala.meta.internal.metals.codeactions.PatternMatchRefactor.contribute(PatternMatchRefactor.scala:96)
	at scala.meta.internal.metals.CodeActionProvider$$anonfun$1.applyOrElse(CodeActionProvider.scala:64)
	at scala.meta.internal.metals.CodeActionProvider$$anonfun$1.applyOrElse(CodeActionProvider.scala:63)
	at scala.collection.immutable.List.collect(List.scala:323)
	at scala.meta.internal.metals.CodeActionProvider.codeActions(CodeActionProvider.scala:63)
	at scala.meta.internal.metals.MetalsLanguageServer.$anonfun$codeAction$1(MetalsLanguageServer.scala:1615)
	at scala.meta.internal.metals.CancelTokens$.future(CancelTokens.scala:38)
	at scala.meta.internal.metals.MetalsLanguageServer.codeAction(MetalsLanguageServer.scala:1614)
	... 15 more

Apr 06, 2022 5:34:54 PM org.eclipse.lsp4j.jsonrpc.RemoteEndpoint fallbackResponseError
SEVERE: Internal error: java.lang.reflect.InvocationTargetException
java.lang.RuntimeException: java.lang.reflect.InvocationTargetException
	at org.eclipse.lsp4j.jsonrpc.services.GenericEndpoint.lambda$null$0(GenericEndpoint.java:67)
	at org.eclipse.lsp4j.jsonrpc.services.GenericEndpoint.request(GenericEndpoint.java:120)
	at org.eclipse.lsp4j.jsonrpc.RemoteEndpoint.handleRequest(RemoteEndpoint.java:261)
	at org.eclipse.lsp4j.jsonrpc.RemoteEndpoint.consume(RemoteEndpoint.java:190)
	at org.eclipse.lsp4j.jsonrpc.json.StreamMessageProducer.handleMessage(StreamMessageProducer.java:194)
	at org.eclipse.lsp4j.jsonrpc.json.StreamMessageProducer.listen(StreamMessageProducer.java:94)
	at org.eclipse.lsp4j.jsonrpc.json.ConcurrentMessageProcessor.run(ConcurrentMessageProcessor.java:113)
	at java.base/java.util.concurrent.Executors$RunnableAdapter.call(Executors.java:515)
	at java.base/java.util.concurrent.FutureTask.run(FutureTask.java:264)
	at java.base/java.util.concurrent.ThreadPoolExecutor.runWorker(ThreadPoolExecutor.java:1128)
	at java.base/java.util.concurrent.ThreadPoolExecutor$Worker.run(ThreadPoolExecutor.java:628)
	at java.base/java.lang.Thread.run(Thread.java:829)
Caused by: java.lang.reflect.InvocationTargetException
	at jdk.internal.reflect.GeneratedMethodAccessor6.invoke(Unknown Source)
	at java.base/jdk.internal.reflect.DelegatingMethodAccessorImpl.invoke(DelegatingMethodAccessorImpl.java:43)
	at java.base/java.lang.reflect.Method.invoke(Method.java:566)
	at org.eclipse.lsp4j.jsonrpc.services.GenericEndpoint.lambda$null$0(GenericEndpoint.java:65)
	... 11 more
Caused by: java.lang.IllegalArgumentException: 25 is not a valid line number, allowed [0..23]
	at scala.meta.internal.inputs.InternalInput.lineToOffset(InternalInput.scala:37)
	at scala.meta.internal.inputs.InternalInput.lineToOffset$(InternalInput.scala:32)
	at scala.meta.inputs.Input$VirtualFile.lineToOffset(Input.scala:80)
	at scala.meta.inputs.Position$Range$.apply(Position.scala:59)
	at scala.meta.internal.mtags.MtagsEnrichments$XtensionPositionLspInverse.toMeta(MtagsEnrichments.scala:143)
	at scala.meta.internal.parsing.Trees.$anonfun$findLastEnclosingAt$4(Trees.scala:78)
	at scala.Option.flatMap(Option.scala:271)
	at scala.meta.internal.parsing.Trees.findLastEnclosingAt(Trees.scala:77)
	at scala.meta.internal.metals.codeactions.PatternMatchRefactor.contribute(PatternMatchRefactor.scala:96)
	at scala.meta.internal.metals.CodeActionProvider$$anonfun$1.applyOrElse(CodeActionProvider.scala:64)
	at scala.meta.internal.metals.CodeActionProvider$$anonfun$1.applyOrElse(CodeActionProvider.scala:63)
	at scala.collection.immutable.List.collect(List.scala:323)
	at scala.meta.internal.metals.CodeActionProvider.codeActions(CodeActionProvider.scala:63)
	at scala.meta.internal.metals.MetalsLanguageServer.$anonfun$codeAction$1(MetalsLanguageServer.scala:1615)
	at scala.meta.internal.metals.CancelTokens$.future(CancelTokens.scala:38)
	at scala.meta.internal.metals.MetalsLanguageServer.codeAction(MetalsLanguageServer.scala:1614)
	... 15 more

Apr 06, 2022 5:34:55 PM org.eclipse.lsp4j.jsonrpc.RemoteEndpoint fallbackResponseError
SEVERE: Internal error: java.lang.reflect.InvocationTargetException
java.lang.RuntimeException: java.lang.reflect.InvocationTargetException
	at org.eclipse.lsp4j.jsonrpc.services.GenericEndpoint.lambda$null$0(GenericEndpoint.java:67)
	at org.eclipse.lsp4j.jsonrpc.services.GenericEndpoint.request(GenericEndpoint.java:120)
	at org.eclipse.lsp4j.jsonrpc.RemoteEndpoint.handleRequest(RemoteEndpoint.java:261)
	at org.eclipse.lsp4j.jsonrpc.RemoteEndpoint.consume(RemoteEndpoint.java:190)
	at org.eclipse.lsp4j.jsonrpc.json.StreamMessageProducer.handleMessage(StreamMessageProducer.java:194)
	at org.eclipse.lsp4j.jsonrpc.json.StreamMessageProducer.listen(StreamMessageProducer.java:94)
	at org.eclipse.lsp4j.jsonrpc.json.ConcurrentMessageProcessor.run(ConcurrentMessageProcessor.java:113)
	at java.base/java.util.concurrent.Executors$RunnableAdapter.call(Executors.java:515)
	at java.base/java.util.concurrent.FutureTask.run(FutureTask.java:264)
	at java.base/java.util.concurrent.ThreadPoolExecutor.runWorker(ThreadPoolExecutor.java:1128)
	at java.base/java.util.concurrent.ThreadPoolExecutor$Worker.run(ThreadPoolExecutor.java:628)
	at java.base/java.lang.Thread.run(Thread.java:829)
Caused by: java.lang.reflect.InvocationTargetException
	at jdk.internal.reflect.GeneratedMethodAccessor6.invoke(Unknown Source)
	at java.base/jdk.internal.reflect.DelegatingMethodAccessorImpl.invoke(DelegatingMethodAccessorImpl.java:43)
	at java.base/java.lang.reflect.Method.invoke(Method.java:566)
	at org.eclipse.lsp4j.jsonrpc.services.GenericEndpoint.lambda$null$0(GenericEndpoint.java:65)
	... 11 more
Caused by: java.lang.IllegalArgumentException: 25 is not a valid line number, allowed [0..23]
	at scala.meta.internal.inputs.InternalInput.lineToOffset(InternalInput.scala:37)
	at scala.meta.internal.inputs.InternalInput.lineToOffset$(InternalInput.scala:32)
	at scala.meta.inputs.Input$VirtualFile.lineToOffset(Input.scala:80)
	at scala.meta.inputs.Position$Range$.apply(Position.scala:59)
	at scala.meta.internal.mtags.MtagsEnrichments$XtensionPositionLspInverse.toMeta(MtagsEnrichments.scala:143)
	at scala.meta.internal.parsing.Trees.$anonfun$findLastEnclosingAt$4(Trees.scala:78)
	at scala.Option.flatMap(Option.scala:271)
	at scala.meta.internal.parsing.Trees.findLastEnclosingAt(Trees.scala:77)
	at scala.meta.internal.metals.codeactions.PatternMatchRefactor.contribute(PatternMatchRefactor.scala:96)
	at scala.meta.internal.metals.CodeActionProvider$$anonfun$1.applyOrElse(CodeActionProvider.scala:64)
	at scala.meta.internal.metals.CodeActionProvider$$anonfun$1.applyOrElse(CodeActionProvider.scala:63)
	at scala.collection.immutable.List.collect(List.scala:323)
	at scala.meta.internal.metals.CodeActionProvider.codeActions(CodeActionProvider.scala:63)
	at scala.meta.internal.metals.MetalsLanguageServer.$anonfun$codeAction$1(MetalsLanguageServer.scala:1615)
	at scala.meta.internal.metals.CancelTokens$.future(CancelTokens.scala:38)
	at scala.meta.internal.metals.MetalsLanguageServer.codeAction(MetalsLanguageServer.scala:1614)
	... 15 more

Apr 06, 2022 5:34:56 PM org.eclipse.lsp4j.jsonrpc.RemoteEndpoint fallbackResponseError
SEVERE: Internal error: java.lang.reflect.InvocationTargetException
java.lang.RuntimeException: java.lang.reflect.InvocationTargetException
	at org.eclipse.lsp4j.jsonrpc.services.GenericEndpoint.lambda$null$0(GenericEndpoint.java:67)
	at org.eclipse.lsp4j.jsonrpc.services.GenericEndpoint.request(GenericEndpoint.java:120)
	at org.eclipse.lsp4j.jsonrpc.RemoteEndpoint.handleRequest(RemoteEndpoint.java:261)
	at org.eclipse.lsp4j.jsonrpc.RemoteEndpoint.consume(RemoteEndpoint.java:190)
	at org.eclipse.lsp4j.jsonrpc.json.StreamMessageProducer.handleMessage(StreamMessageProducer.java:194)
	at org.eclipse.lsp4j.jsonrpc.json.StreamMessageProducer.listen(StreamMessageProducer.java:94)
	at org.eclipse.lsp4j.jsonrpc.json.ConcurrentMessageProcessor.run(ConcurrentMessageProcessor.java:113)
	at java.base/java.util.concurrent.Executors$RunnableAdapter.call(Executors.java:515)
	at java.base/java.util.concurrent.FutureTask.run(FutureTask.java:264)
	at java.base/java.util.concurrent.ThreadPoolExecutor.runWorker(ThreadPoolExecutor.java:1128)
	at java.base/java.util.concurrent.ThreadPoolExecutor$Worker.run(ThreadPoolExecutor.java:628)
	at java.base/java.lang.Thread.run(Thread.java:829)
Caused by: java.lang.reflect.InvocationTargetException
	at jdk.internal.reflect.GeneratedMethodAccessor6.invoke(Unknown Source)
	at java.base/jdk.internal.reflect.DelegatingMethodAccessorImpl.invoke(DelegatingMethodAccessorImpl.java:43)
	at java.base/java.lang.reflect.Method.invoke(Method.java:566)
	at org.eclipse.lsp4j.jsonrpc.services.GenericEndpoint.lambda$null$0(GenericEndpoint.java:65)
	... 11 more
Caused by: java.lang.IllegalArgumentException: 25 is not a valid line number, allowed [0..23]
	at scala.meta.internal.inputs.InternalInput.lineToOffset(InternalInput.scala:37)
	at scala.meta.internal.inputs.InternalInput.lineToOffset$(InternalInput.scala:32)
	at scala.meta.inputs.Input$VirtualFile.lineToOffset(Input.scala:80)
	at scala.meta.inputs.Position$Range$.apply(Position.scala:59)
	at scala.meta.internal.mtags.MtagsEnrichments$XtensionPositionLspInverse.toMeta(MtagsEnrichments.scala:143)
	at scala.meta.internal.parsing.Trees.$anonfun$findLastEnclosingAt$4(Trees.scala:78)
	at scala.Option.flatMap(Option.scala:271)
	at scala.meta.internal.parsing.Trees.findLastEnclosingAt(Trees.scala:77)
	at scala.meta.internal.metals.codeactions.PatternMatchRefactor.contribute(PatternMatchRefactor.scala:96)
	at scala.meta.internal.metals.CodeActionProvider$$anonfun$1.applyOrElse(CodeActionProvider.scala:64)
	at scala.meta.internal.metals.CodeActionProvider$$anonfun$1.applyOrElse(CodeActionProvider.scala:63)
	at scala.collection.immutable.List.collect(List.scala:323)
	at scala.meta.internal.metals.CodeActionProvider.codeActions(CodeActionProvider.scala:63)
	at scala.meta.internal.metals.MetalsLanguageServer.$anonfun$codeAction$1(MetalsLanguageServer.scala:1615)
	at scala.meta.internal.metals.CancelTokens$.future(CancelTokens.scala:38)
	at scala.meta.internal.metals.MetalsLanguageServer.codeAction(MetalsLanguageServer.scala:1614)
	... 15 more

Apr 06, 2022 5:34:57 PM org.eclipse.lsp4j.jsonrpc.RemoteEndpoint fallbackResponseError
SEVERE: Internal error: java.lang.reflect.InvocationTargetException
java.lang.RuntimeException: java.lang.reflect.InvocationTargetException
	at org.eclipse.lsp4j.jsonrpc.services.GenericEndpoint.lambda$null$0(GenericEndpoint.java:67)
	at org.eclipse.lsp4j.jsonrpc.services.GenericEndpoint.request(GenericEndpoint.java:120)
	at org.eclipse.lsp4j.jsonrpc.RemoteEndpoint.handleRequest(RemoteEndpoint.java:261)
	at org.eclipse.lsp4j.jsonrpc.RemoteEndpoint.consume(RemoteEndpoint.java:190)
	at org.eclipse.lsp4j.jsonrpc.json.StreamMessageProducer.handleMessage(StreamMessageProducer.java:194)
	at org.eclipse.lsp4j.jsonrpc.json.StreamMessageProducer.listen(StreamMessageProducer.java:94)
	at org.eclipse.lsp4j.jsonrpc.json.ConcurrentMessageProcessor.run(ConcurrentMessageProcessor.java:113)
	at java.base/java.util.concurrent.Executors$RunnableAdapter.call(Executors.java:515)
	at java.base/java.util.concurrent.FutureTask.run(FutureTask.java:264)
	at java.base/java.util.concurrent.ThreadPoolExecutor.runWorker(ThreadPoolExecutor.java:1128)
	at java.base/java.util.concurrent.ThreadPoolExecutor$Worker.run(ThreadPoolExecutor.java:628)
	at java.base/java.lang.Thread.run(Thread.java:829)
Caused by: java.lang.reflect.InvocationTargetException
	at jdk.internal.reflect.GeneratedMethodAccessor6.invoke(Unknown Source)
	at java.base/jdk.internal.reflect.DelegatingMethodAccessorImpl.invoke(DelegatingMethodAccessorImpl.java:43)
	at java.base/java.lang.reflect.Method.invoke(Method.java:566)
	at org.eclipse.lsp4j.jsonrpc.services.GenericEndpoint.lambda$null$0(GenericEndpoint.java:65)
	... 11 more
Caused by: java.lang.IllegalArgumentException: 25 is not a valid line number, allowed [0..23]
	at scala.meta.internal.inputs.InternalInput.lineToOffset(InternalInput.scala:37)
	at scala.meta.internal.inputs.InternalInput.lineToOffset$(InternalInput.scala:32)
	at scala.meta.inputs.Input$VirtualFile.lineToOffset(Input.scala:80)
	at scala.meta.inputs.Position$Range$.apply(Position.scala:59)
	at scala.meta.internal.mtags.MtagsEnrichments$XtensionPositionLspInverse.toMeta(MtagsEnrichments.scala:143)
	at scala.meta.internal.parsing.Trees.$anonfun$findLastEnclosingAt$4(Trees.scala:78)
	at scala.Option.flatMap(Option.scala:271)
	at scala.meta.internal.parsing.Trees.findLastEnclosingAt(Trees.scala:77)
	at scala.meta.internal.metals.codeactions.PatternMatchRefactor.contribute(PatternMatchRefactor.scala:96)
	at scala.meta.internal.metals.CodeActionProvider$$anonfun$1.applyOrElse(CodeActionProvider.scala:64)
	at scala.meta.internal.metals.CodeActionProvider$$anonfun$1.applyOrElse(CodeActionProvider.scala:63)
	at scala.collection.immutable.List.collect(List.scala:323)
	at scala.meta.internal.metals.CodeActionProvider.codeActions(CodeActionProvider.scala:63)
	at scala.meta.internal.metals.MetalsLanguageServer.$anonfun$codeAction$1(MetalsLanguageServer.scala:1615)
	at scala.meta.internal.metals.CancelTokens$.future(CancelTokens.scala:38)
	at scala.meta.internal.metals.MetalsLanguageServer.codeAction(MetalsLanguageServer.scala:1614)
	... 15 more

2022.04.06 17:35:39 WARN  no build target for: /home/jakubp/Code/Studies/sp/list7/Rectangle.scala[0m
2022.04.06 17:35:59 WARN  no build target for: /home/jakubp/Code/Studies/sp/list7/Rectangle.scala[0m
2022.04.06 17:36:10 WARN  no build target for: /home/jakubp/Code/Studies/sp/list7/Rectangle.scala[0m
2022.04.06 17:36:33 WARN  no build target for: /home/jakubp/Code/Studies/sp/list7/Rectangle.scala[0m
Apr 06, 2022 5:37:01 PM org.eclipse.lsp4j.jsonrpc.RemoteEndpoint fallbackResponseError
SEVERE: Internal error: java.lang.reflect.InvocationTargetException
java.lang.RuntimeException: java.lang.reflect.InvocationTargetException
	at org.eclipse.lsp4j.jsonrpc.services.GenericEndpoint.lambda$null$0(GenericEndpoint.java:67)
	at org.eclipse.lsp4j.jsonrpc.services.GenericEndpoint.request(GenericEndpoint.java:120)
	at org.eclipse.lsp4j.jsonrpc.RemoteEndpoint.handleRequest(RemoteEndpoint.java:261)
	at org.eclipse.lsp4j.jsonrpc.RemoteEndpoint.consume(RemoteEndpoint.java:190)
	at org.eclipse.lsp4j.jsonrpc.json.StreamMessageProducer.handleMessage(StreamMessageProducer.java:194)
	at org.eclipse.lsp4j.jsonrpc.json.StreamMessageProducer.listen(StreamMessageProducer.java:94)
	at org.eclipse.lsp4j.jsonrpc.json.ConcurrentMessageProcessor.run(ConcurrentMessageProcessor.java:113)
	at java.base/java.util.concurrent.Executors$RunnableAdapter.call(Executors.java:515)
	at java.base/java.util.concurrent.FutureTask.run(FutureTask.java:264)
	at java.base/java.util.concurrent.ThreadPoolExecutor.runWorker(ThreadPoolExecutor.java:1128)
	at java.base/java.util.concurrent.ThreadPoolExecutor$Worker.run(ThreadPoolExecutor.java:628)
	at java.base/java.lang.Thread.run(Thread.java:829)
Caused by: java.lang.reflect.InvocationTargetException
	at jdk.internal.reflect.GeneratedMethodAccessor6.invoke(Unknown Source)
	at java.base/jdk.internal.reflect.DelegatingMethodAccessorImpl.invoke(DelegatingMethodAccessorImpl.java:43)
	at java.base/java.lang.reflect.Method.invoke(Method.java:566)
	at org.eclipse.lsp4j.jsonrpc.services.GenericEndpoint.lambda$null$0(GenericEndpoint.java:65)
	... 11 more
Caused by: java.lang.IllegalArgumentException: 25 is not a valid line number, allowed [0..23]
	at scala.meta.internal.inputs.InternalInput.lineToOffset(InternalInput.scala:37)
	at scala.meta.internal.inputs.InternalInput.lineToOffset$(InternalInput.scala:32)
	at scala.meta.inputs.Input$VirtualFile.lineToOffset(Input.scala:80)
	at scala.meta.inputs.Position$Range$.apply(Position.scala:59)
	at scala.meta.internal.mtags.MtagsEnrichments$XtensionPositionLspInverse.toMeta(MtagsEnrichments.scala:143)
	at scala.meta.internal.parsing.Trees.$anonfun$findLastEnclosingAt$4(Trees.scala:78)
	at scala.Option.flatMap(Option.scala:271)
	at scala.meta.internal.parsing.Trees.findLastEnclosingAt(Trees.scala:77)
	at scala.meta.internal.metals.codeactions.PatternMatchRefactor.contribute(PatternMatchRefactor.scala:96)
	at scala.meta.internal.metals.CodeActionProvider$$anonfun$1.applyOrElse(CodeActionProvider.scala:64)
	at scala.meta.internal.metals.CodeActionProvider$$anonfun$1.applyOrElse(CodeActionProvider.scala:63)
	at scala.collection.immutable.List.collect(List.scala:323)
	at scala.meta.internal.metals.CodeActionProvider.codeActions(CodeActionProvider.scala:63)
	at scala.meta.internal.metals.MetalsLanguageServer.$anonfun$codeAction$1(MetalsLanguageServer.scala:1615)
	at scala.meta.internal.metals.CancelTokens$.future(CancelTokens.scala:38)
	at scala.meta.internal.metals.MetalsLanguageServer.codeAction(MetalsLanguageServer.scala:1614)
	... 15 more

2022.04.06 17:37:01 WARN  no build target for: /home/jakubp/Code/Studies/sp/list7/Rectangle.scala[0m
Apr 06, 2022 5:37:01 PM org.eclipse.lsp4j.jsonrpc.RemoteEndpoint fallbackResponseError
SEVERE: Internal error: java.lang.reflect.InvocationTargetException
java.lang.RuntimeException: java.lang.reflect.InvocationTargetException
	at org.eclipse.lsp4j.jsonrpc.services.GenericEndpoint.lambda$null$0(GenericEndpoint.java:67)
	at org.eclipse.lsp4j.jsonrpc.services.GenericEndpoint.request(GenericEndpoint.java:120)
	at org.eclipse.lsp4j.jsonrpc.RemoteEndpoint.handleRequest(RemoteEndpoint.java:261)
	at org.eclipse.lsp4j.jsonrpc.RemoteEndpoint.consume(RemoteEndpoint.java:190)
	at org.eclipse.lsp4j.jsonrpc.json.StreamMessageProducer.handleMessage(StreamMessageProducer.java:194)
	at org.eclipse.lsp4j.jsonrpc.json.StreamMessageProducer.listen(StreamMessageProducer.java:94)
	at org.eclipse.lsp4j.jsonrpc.json.ConcurrentMessageProcessor.run(ConcurrentMessageProcessor.java:113)
	at java.base/java.util.concurrent.Executors$RunnableAdapter.call(Executors.java:515)
	at java.base/java.util.concurrent.FutureTask.run(FutureTask.java:264)
	at java.base/java.util.concurrent.ThreadPoolExecutor.runWorker(ThreadPoolExecutor.java:1128)
	at java.base/java.util.concurrent.ThreadPoolExecutor$Worker.run(ThreadPoolExecutor.java:628)
	at java.base/java.lang.Thread.run(Thread.java:829)
Caused by: java.lang.reflect.InvocationTargetException
	at jdk.internal.reflect.GeneratedMethodAccessor6.invoke(Unknown Source)
	at java.base/jdk.internal.reflect.DelegatingMethodAccessorImpl.invoke(DelegatingMethodAccessorImpl.java:43)
	at java.base/java.lang.reflect.Method.invoke(Method.java:566)
	at org.eclipse.lsp4j.jsonrpc.services.GenericEndpoint.lambda$null$0(GenericEndpoint.java:65)
	... 11 more
Caused by: java.lang.IllegalArgumentException: 25 is not a valid line number, allowed [0..23]
	at scala.meta.internal.inputs.InternalInput.lineToOffset(InternalInput.scala:37)
	at scala.meta.internal.inputs.InternalInput.lineToOffset$(InternalInput.scala:32)
	at scala.meta.inputs.Input$VirtualFile.lineToOffset(Input.scala:80)
	at scala.meta.inputs.Position$Range$.apply(Position.scala:59)
	at scala.meta.internal.mtags.MtagsEnrichments$XtensionPositionLspInverse.toMeta(MtagsEnrichments.scala:143)
	at scala.meta.internal.parsing.Trees.$anonfun$findLastEnclosingAt$4(Trees.scala:78)
	at scala.Option.flatMap(Option.scala:271)
	at scala.meta.internal.parsing.Trees.findLastEnclosingAt(Trees.scala:77)
	at scala.meta.internal.metals.codeactions.PatternMatchRefactor.contribute(PatternMatchRefactor.scala:96)
	at scala.meta.internal.metals.CodeActionProvider$$anonfun$1.applyOrElse(CodeActionProvider.scala:64)
	at scala.meta.internal.metals.CodeActionProvider$$anonfun$1.applyOrElse(CodeActionProvider.scala:63)
	at scala.collection.immutable.List.collect(List.scala:323)
	at scala.meta.internal.metals.CodeActionProvider.codeActions(CodeActionProvider.scala:63)
	at scala.meta.internal.metals.MetalsLanguageServer.$anonfun$codeAction$1(MetalsLanguageServer.scala:1615)
	at scala.meta.internal.metals.CancelTokens$.future(CancelTokens.scala:38)
	at scala.meta.internal.metals.MetalsLanguageServer.codeAction(MetalsLanguageServer.scala:1614)
	... 15 more

2022.04.06 17:37:41 WARN  no build target for: /home/jakubp/Code/Studies/sp/list7/Rectangle.scala[0m
2022.04.06 17:38:04 WARN  no build target for: /home/jakubp/Code/Studies/sp/list7/Rectangle.scala[0m
2022.04.06 17:39:03 WARN  no build target for: /home/jakubp/Code/Studies/sp/list7/Rectangle.scala[0m
2022.04.06 17:39:13 WARN  no build target for: /home/jakubp/Code/Studies/sp/list7/Rectangle.scala[0m
2022.04.06 17:39:34 WARN  no build target for: /home/jakubp/Code/Studies/sp/list7/Rectangle.scala[0m
2022.04.06 17:39:56 WARN  no build target for: /home/jakubp/Code/Studies/sp/list7/Rectangle.scala[0m
2022.04.06 17:40:49 WARN  no build target for: /home/jakubp/Code/Studies/sp/list7/Rectangle.scala[0m
2022.04.06 17:41:28 WARN  no build target for: /home/jakubp/Code/Studies/sp/list7/Rectangle.scala[0m
2022.04.06 17:42:06 WARN  no build target for: /home/jakubp/Code/Studies/sp/list7/Rectangle.scala[0m
2022.04.06 17:42:11 WARN  no build target for: /home/jakubp/Code/Studies/sp/list7/Rectangle.scala[0m
2022.04.06 17:43:36 WARN  no build target for: /home/jakubp/Code/Studies/sp/list7/Rectangle.scala[0m
2022.04.06 17:44:43 WARN  no build target for: /home/jakubp/Code/Studies/sp/list7/ElementRational.scala[0m
2022.04.06 17:44:43 WARN  no build target for: /home/jakubp/Code/Studies/sp/list7/ElementRational.scala[0m
2022.04.06 17:44:57 WARN  no build target for: /home/jakubp/Code/Studies/sp/list7/Rational.scala[0m
2022.04.06 17:46:56 WARN  no build target for: /home/jakubp/Code/Studies/sp/list7/Element.scala[0m
2022.04.06 17:47:41 WARN  no build target for: /home/jakubp/Code/Studies/sp/list7/Element.scala[0m
2022.04.06 17:47:58 WARN  no build target for: /home/jakubp/Code/Studies/sp/list7/Element.scala[0m
2022.04.06 17:47:59 WARN  no build target for: /home/jakubp/Code/Studies/sp/list7/Element.scala[0m
2022.04.06 17:48:02 WARN  no build target for: /home/jakubp/Code/Studies/sp/list7/Element.scala[0m
2022.04.06 18:12:32 WARN  no build target for: /home/jakubp/Code/Studies/sp/list7/Element.scala[0m
2022.04.06 18:12:32 WARN  no build target for: /home/jakubp/Code/Studies/sp/list7/Element.scala[0m
2022.04.06 18:17:10 WARN  no build target for: /home/jakubp/Code/Studies/sp/list7/Element.scala[0m
2022.04.06 18:17:14 WARN  no build target for: /home/jakubp/Code/Studies/sp/list7/Element.scala[0m
2022.04.06 18:18:53 WARN  no build target for: /home/jakubp/Code/Studies/sp/list7/Element.scala[0m
2022.04.06 18:19:04 WARN  no build target for: /home/jakubp/Code/Studies/sp/list7/Element.scala[0m
2022.04.06 18:19:43 WARN  no build target for: /home/jakubp/Code/Studies/sp/list7/Element.scala[0m
Apr 06, 2022 6:19:44 PM org.eclipse.lsp4j.jsonrpc.RemoteEndpoint fallbackResponseError
SEVERE: Internal error: file:///home/jakubp/Code/Studies/sp/list7/Element.scala:7: error: file:///home/jakubp/Code/Studies/sp/list7/Element.scala:7: error: expected identifier; obtained private
  private class ArrayElement(
  ^
  private class ArrayElement(
  ^
java.util.concurrent.CompletionException: file:///home/jakubp/Code/Studies/sp/list7/Element.scala:7: error: file:///home/jakubp/Code/Studies/sp/list7/Element.scala:7: error: expected identifier; obtained private
  private class ArrayElement(
  ^
  private class ArrayElement(
  ^
	at java.base/java.util.concurrent.CompletableFuture.encodeThrowable(CompletableFuture.java:331)
	at java.base/java.util.concurrent.CompletableFuture.completeThrowable(CompletableFuture.java:346)
	at java.base/java.util.concurrent.CompletableFuture$UniAccept.tryFire(CompletableFuture.java:704)
	at java.base/java.util.concurrent.CompletableFuture.postComplete(CompletableFuture.java:506)
	at java.base/java.util.concurrent.CompletableFuture.completeExceptionally(CompletableFuture.java:2088)
	at scala.meta.internal.metals.CancelTokens$.$anonfun$future$1(CancelTokens.scala:40)
	at scala.meta.internal.metals.CancelTokens$.$anonfun$future$1$adapted(CancelTokens.scala:38)
	at scala.concurrent.impl.CallbackRunnable.run(Promise.scala:64)
	at java.base/java.util.concurrent.ThreadPoolExecutor.runWorker(ThreadPoolExecutor.java:1128)
	at java.base/java.util.concurrent.ThreadPoolExecutor$Worker.run(ThreadPoolExecutor.java:628)
	at java.base/java.lang.Thread.run(Thread.java:829)
Caused by: file:///home/jakubp/Code/Studies/sp/list7/Element.scala:7: error: file:///home/jakubp/Code/Studies/sp/list7/Element.scala:7: error: expected identifier; obtained private
  private class ArrayElement(
  ^
  private class ArrayElement(
  ^
	at scala.meta.internal.mtags.ScalaToplevelMtags.fail(ScalaToplevelMtags.scala:358)
	at scala.meta.internal.mtags.ScalaToplevelMtags.newIdentifier(ScalaToplevelMtags.scala:343)
	at scala.meta.internal.mtags.ScalaToplevelMtags.emitMember(ScalaToplevelMtags.scala:245)
	at scala.meta.internal.mtags.ScalaToplevelMtags.loop(ScalaToplevelMtags.scala:118)
	at scala.meta.internal.mtags.ScalaToplevelMtags.indexRoot(ScalaToplevelMtags.scala:50)
	at scala.meta.internal.mtags.MtagsIndexer.index(MtagsIndexer.scala:19)
	at scala.meta.internal.mtags.MtagsIndexer.index$(MtagsIndexer.scala:18)
	at scala.meta.internal.mtags.ScalaToplevelMtags.index(ScalaToplevelMtags.scala:40)
	at scala.meta.internal.mtags.Mtags$.allToplevels(Mtags.scala:96)
	at scala.meta.internal.metals.DefinitionProvider.fromMtags(DefinitionProvider.scala:232)
	at scala.meta.internal.metals.DefinitionProvider.$anonfun$positionOccurrence$3(DefinitionProvider.scala:193)
	at scala.Option.orElse(Option.scala:447)
	at scala.meta.internal.metals.DefinitionProvider.$anonfun$positionOccurrence$1(DefinitionProvider.scala:193)
	at scala.Option.flatMap(Option.scala:271)
	at scala.meta.internal.metals.DefinitionProvider.positionOccurrence(DefinitionProvider.scala:188)
	at scala.meta.internal.metals.DocumentHighlightProvider.$anonfun$documentHighlight$1(DocumentHighlightProvider.scala:33)
	at scala.collection.immutable.List.map(List.scala:293)
	at scala.meta.internal.metals.DocumentHighlightProvider.documentHighlight(DocumentHighlightProvider.scala:29)
	at scala.meta.internal.metals.MetalsLanguageServer.$anonfun$documentHighlights$1(MetalsLanguageServer.scala:1451)
	at scala.meta.internal.metals.CancelTokens$.$anonfun$apply$2(CancelTokens.scala:26)
	at scala.concurrent.Future$.$anonfun$apply$1(Future.scala:659)
	at scala.util.Success.$anonfun$map$1(Try.scala:255)
	at scala.util.Success.map(Try.scala:213)
	at scala.concurrent.Future.$anonfun$map$1(Future.scala:292)
	at scala.concurrent.impl.Promise.liftedTree1$1(Promise.scala:33)
	at scala.concurrent.impl.Promise.$anonfun$transform$1(Promise.scala:33)
	... 4 more

2022.04.06 18:20:15 WARN  no build target for: /home/jakubp/Code/Studies/sp/list7/Element.scala[0m
2022.04.06 18:20:18 WARN  no build target for: /home/jakubp/Code/Studies/sp/list7/Element.scala[0m
2022.04.06 18:21:29 WARN  no build target for: /home/jakubp/Code/Studies/sp/list7/Element.scala[0m
2022.04.06 18:24:59 WARN  no build target for: /home/jakubp/Code/Studies/sp/list7/Element.scala[0m
2022.04.06 18:27:46 WARN  no build target for: /home/jakubp/Code/Studies/sp/list7/Element.scala[0m
2022.04.06 18:28:37 WARN  no build target for: /home/jakubp/Code/Studies/sp/list7/Element.scala[0m
2022.04.06 18:28:43 WARN  no build target for: /home/jakubp/Code/Studies/sp/list7/Element.scala[0m
2022.04.06 18:28:57 WARN  no build target for: /home/jakubp/Code/Studies/sp/list7/UseRational.scala[0m
2022.04.06 18:29:05 WARN  no build target for: /home/jakubp/Code/Studies/sp/list7/UseRational.scala[0m
2022.04.06 18:29:13 WARN  no build target for: /home/jakubp/Code/Studies/sp/list7/UseRational.scala[0m
2022.04.06 18:31:32 WARN  no build target for: /home/jakubp/Code/Studies/sp/list7/Element.scala[0m
2022.04.06 18:32:07 WARN  no build target for: /home/jakubp/Code/Studies/sp/list7/Element.scala[0m
2022.04.06 18:32:09 INFO  shutting down Metals[0m
2022.04.06 22:10:34 INFO  tracing is disabled for protocol LSP, to enable tracing of incoming and outgoing JSON messages create an empty file at /home/jakubp/Code/Studies/sp/list7/.metals/lsp.trace.json or /home/jakubp/.cache/metals/lsp.trace.json[0m
2022.04.06 22:10:35 INFO  logging to file /home/jakubp/Code/Studies/sp/list7/.metals/metals.log[0m
2022.04.06 22:10:35 INFO  Started: Metals version 0.11.2 in workspace '/home/jakubp/Code/Studies/sp/list7' for client Visual Studio Code 1.66.0.[0m
2022.04.06 22:10:35 INFO  Parse release: 11.0.14.1[0m
2022.04.06 22:10:37 INFO  time: initialize in 2.22s[0m
2022.04.06 22:10:38 WARN  Build server is not auto-connectable.[0m
2022.04.06 22:10:38 WARN  no build tool detected in workspace '/home/jakubp/Code/Studies/sp/list7'. The most common cause for this problem is that the editor was opened in the wrong working directory, for example if you use sbt then the workspace directory should contain build.sbt. [0m
2022.04.06 22:10:39 WARN  no build target for: /home/jakubp/Code/Studies/sp/list7/Element.scala[0m
2022.04.06 22:10:42 INFO  no build target found for /home/jakubp/Code/Studies/sp/list7/Element.scala. Using presentation compiler with project's scala-library version: 3.1.1[0m
2022.04.06 22:10:44 INFO  time: code lens generation in 3.97s[0m
2022.04.06 22:22:48 WARN  no build target for: /home/jakubp/Code/Studies/sp/list7/ElementRational.scala[0m
2022.04.06 22:22:58 WARN  no build target for: /home/jakubp/Code/Studies/sp/list7/UseRational.scala[0m
2022.04.06 22:23:14 WARN  no build target for: /home/jakubp/Code/Studies/sp/list7/Rectangle.scala[0m
2022.04.06 22:23:26 WARN  no build target for: /home/jakubp/Code/Studies/sp/list7/Rectangle.scala[0m
2022.04.06 22:24:12 WARN  no build target for: /home/jakubp/Code/Studies/sp/list7/Rectangle.scala[0m
2022.04.06 22:26:01 WARN  no build target for: /home/jakubp/Code/Studies/sp/list7/Rectangle.scala[0m
2022.04.06 22:26:15 WARN  no build target for: /home/jakubp/Code/Studies/sp/list7/Rectangle.scala[0m
2022.04.06 22:27:06 WARN  no build target for: /home/jakubp/Code/Studies/sp/list7/Rectangle.scala[0m
2022.04.06 22:28:38 WARN  no build target for: /home/jakubp/Code/Studies/sp/list7/Rectangle.scala[0m
2022.04.06 22:29:47 WARN  no build target for: /home/jakubp/Code/Studies/sp/list7/Rectangle.scala[0m
2022.04.06 22:30:35 WARN  no build target for: /home/jakubp/Code/Studies/sp/list7/Rectangle.scala[0m
2022.04.06 22:30:42 WARN  no build target for: /home/jakubp/Code/Studies/sp/list7/Rectangle.scala[0m
2022.04.06 22:33:43 WARN  no build target for: /home/jakubp/Code/Studies/sp/list7/Rectangle.scala[0m
2022.04.06 22:33:46 WARN  no build target for: /home/jakubp/Code/Studies/sp/list7/Rectangle.scala[0m
2022.04.06 22:34:13 INFO  shutting down Metals[0m
2022.04.06 22:34:24 INFO  tracing is disabled for protocol LSP, to enable tracing of incoming and outgoing JSON messages create an empty file at /home/jakubp/Code/Studies/sp/list7/.metals/lsp.trace.json or /home/jakubp/.cache/metals/lsp.trace.json[0m
2022.04.06 22:34:25 INFO  logging to file /home/jakubp/Code/Studies/sp/list7/.metals/metals.log[0m
2022.04.06 22:34:25 INFO  Started: Metals version 0.11.2 in workspace '/home/jakubp/Code/Studies/sp/list7' for client Visual Studio Code 1.66.0.[0m
2022.04.06 22:34:25 INFO  Parse release: 11.0.14.1[0m
2022.04.06 22:34:28 INFO  time: initialize in 2.48s[0m
2022.04.06 22:34:28 WARN  Build server is not auto-connectable.[0m
2022.04.06 22:34:28 WARN  no build tool detected in workspace '/home/jakubp/Code/Studies/sp/list7'. The most common cause for this problem is that the editor was opened in the wrong working directory, for example if you use sbt then the workspace directory should contain build.sbt. [0m
2022.04.06 22:34:30 WARN  no build target for: /home/jakubp/Code/Studies/sp/list7/Rectangle.scala[0m
Apr 06, 2022 10:34:30 PM org.eclipse.lsp4j.jsonrpc.RemoteEndpoint handleCancellation
WARNING: Unmatched cancel notification for request id 2
2022.04.06 22:34:32 INFO  no build target found for /home/jakubp/Code/Studies/sp/list7/Rectangle.scala. Using presentation compiler with project's scala-library version: 3.1.1[0m
2022.04.06 22:34:34 INFO  time: code lens generation in 3.87s[0m
2022.04.06 22:35:54 WARN  no build target for: /home/jakubp/Code/Studies/sp/list7/Rectangle.scala[0m
2022.04.06 22:35:54 WARN  no build target for: /home/jakubp/Code/Studies/sp/list7/Rectangle.scala[0m
2022.04.06 22:36:03 ERROR scalafmt: /home/jakubp/Code/Studies/sp/list7/Rectangle.scala:32: error: [dialect scala213] ; expected but else found
    } else {
      ^[0m
2022.04.06 22:36:10 WARN  no build target for: /home/jakubp/Code/Studies/sp/list7/Rectangle.scala[0m
2022.04.06 22:39:52 WARN  no build target for: /home/jakubp/Code/Studies/sp/list7/Rectangle.scala[0m
2022.04.06 22:40:31 WARN  no build target for: /home/jakubp/Code/Studies/sp/list7/Rectangle.scala[0m
2022.04.06 22:40:45 WARN  no build target for: /home/jakubp/Code/Studies/sp/list7/ElementRational.scala[0m
2022.04.06 22:40:46 WARN  no build target for: /home/jakubp/Code/Studies/sp/list7/UseRational.scala[0m
2022.04.06 22:40:47 WARN  no build target for: /home/jakubp/Code/Studies/sp/list7/Element.scala[0m
2022.04.06 22:41:16 WARN  no build target for: /home/jakubp/Code/Studies/sp/list7/Element.scala[0m
2022.04.06 22:42:38 WARN  no build target for: /home/jakubp/Code/Studies/sp/list7/Element.scala[0m
2022.04.06 22:42:48 WARN  no build target for: /home/jakubp/Code/Studies/sp/list7/Element.scala[0m
2022.04.06 22:42:54 WARN  no build target for: /home/jakubp/Code/Studies/sp/list7/Rational.scala[0m
2022.04.06 22:42:55 WARN  no build target for: /home/jakubp/Code/Studies/sp/list7/Rational.scala[0m
2022.04.06 22:43:03 WARN  no build target for: /home/jakubp/Code/Studies/sp/list7/ElementRational.scala[0m
2022.04.06 22:43:33 WARN  no build target for: /home/jakubp/Code/Studies/sp/list7/Element.scala[0m
2022.04.06 22:46:29 WARN  no build target for: /home/jakubp/Code/Studies/sp/list7/Element.scala[0m
2022.04.06 22:46:44 WARN  no build target for: /home/jakubp/Code/Studies/sp/list7/Element.scala[0m
2022.04.06 22:47:58 WARN  no build target for: /home/jakubp/Code/Studies/sp/list7/Element.scala[0m
2022.04.06 22:48:15 WARN  no build target for: /home/jakubp/Code/Studies/sp/list7/Element.scala[0m
Apr 06, 2022 10:48:22 PM org.eclipse.lsp4j.jsonrpc.RemoteEndpoint handleCancellation
WARNING: Unmatched cancel notification for request id 1530
2022.04.06 22:48:33 WARN  no build target for: /home/jakubp/Code/Studies/sp/list7/Element.scala[0m
2022.04.06 22:49:06 WARN  no build target for: /home/jakubp/Code/Studies/sp/list7/Element.scala[0m
2022.04.06 22:49:09 WARN  no build target for: /home/jakubp/Code/Studies/sp/list7/Element.scala[0m
2022.04.06 22:49:23 WARN  no build target for: /home/jakubp/Code/Studies/sp/list7/Element.scala[0m
2022.04.06 22:49:23 WARN  no build target for: /home/jakubp/Code/Studies/sp/list7/Element.scala[0m
2022.04.06 22:50:00 WARN  no build target for: /home/jakubp/Code/Studies/sp/list7/Element.scala[0m
2022.04.06 22:50:21 WARN  no build target for: /home/jakubp/Code/Studies/sp/list7/Element.scala[0m
2022.04.06 22:50:53 WARN  no build target for: /home/jakubp/Code/Studies/sp/list7/Element.scala[0m
2022.04.06 22:51:08 WARN  no build target for: /home/jakubp/Code/Studies/sp/list7/Element.scala[0m
2022.04.06 22:51:35 WARN  no build target for: /home/jakubp/Code/Studies/sp/list7/Element.scala[0m
2022.04.06 22:51:50 WARN  no build target for: /home/jakubp/Code/Studies/sp/list7/Element.scala[0m
2022.04.06 22:52:00 WARN  no build target for: /home/jakubp/Code/Studies/sp/list7/UseRational.scala[0m
2022.04.06 22:52:01 WARN  no build target for: /home/jakubp/Code/Studies/sp/list7/UseRational.scala[0m
2022.04.06 22:52:26 WARN  no build target for: /home/jakubp/Code/Studies/sp/list7/UseRational.scala[0m
2022.04.06 22:52:36 WARN  no build target for: /home/jakubp/Code/Studies/sp/list7/UseRational.scala[0m
2022.04.06 22:53:00 WARN  no build target for: /home/jakubp/Code/Studies/sp/list7/UseRational.scala[0m
2022.04.06 22:53:24 WARN  no build target for: /home/jakubp/Code/Studies/sp/list7/UseRational.scala[0m
2022.04.06 22:53:33 WARN  no build target for: /home/jakubp/Code/Studies/sp/list7/UseRational.scala[0m
2022.04.06 22:54:12 WARN  no build target for: /home/jakubp/Code/Studies/sp/list7/UseRational.scala[0m
2022.04.06 22:54:43 WARN  no build target for: /home/jakubp/Code/Studies/sp/list7/Element.scala[0m
2022.04.06 22:55:04 WARN  no build target for: /home/jakubp/Code/Studies/sp/list7/Element.scala[0m
2022.04.06 22:55:44 WARN  no build target for: /home/jakubp/Code/Studies/sp/list7/UseRational.scala[0m
2022.04.06 22:55:47 WARN  no build target for: /home/jakubp/Code/Studies/sp/list7/UseRational.scala[0m
2022.04.06 22:56:58 WARN  no build target for: /home/jakubp/Code/Studies/sp/list7/Element.scala[0m
2022.04.06 22:57:33 WARN  no build target for: /home/jakubp/Code/Studies/sp/list7/UseRational.scala[0m
2022.04.06 22:57:51 WARN  no build target for: /home/jakubp/Code/Studies/sp/list7/UseRational.scala[0m
2022.04.06 22:57:59 WARN  no build target for: /home/jakubp/Code/Studies/sp/list7/UseRational.scala[0m
2022.04.06 22:58:20 WARN  no build target for: /home/jakubp/Code/Studies/sp/list7/Rational.scala[0m
2022.04.06 22:59:04 WARN  no build target for: /home/jakubp/Code/Studies/sp/list7/UseRational.scala[0m
2022.04.06 23:00:11 WARN  no build target for: /home/jakubp/Code/Studies/sp/list7/UseRational.scala[0m
2022.04.06 23:00:15 WARN  no build target for: /home/jakubp/Code/Studies/sp/list7/UseRational.scala[0m
2022.04.06 23:00:31 WARN  no build target for: /home/jakubp/Code/Studies/sp/list7/UseRational.scala[0m
2022.04.06 23:01:09 WARN  no build target for: /home/jakubp/Code/Studies/sp/list7/Rational.scala[0m
2022.04.06 23:01:28 WARN  no build target for: /home/jakubp/Code/Studies/sp/list7/Element.scala[0m
2022.04.06 23:01:38 WARN  no build target for: /home/jakubp/Code/Studies/sp/list7/UseRational.scala[0m
2022.04.06 23:02:02 WARN  no build target for: /home/jakubp/Code/Studies/sp/list7/UseRational.scala[0m
2022.04.06 23:02:18 WARN  no build target for: /home/jakubp/Code/Studies/sp/list7/Element.scala[0m
2022.04.06 23:02:30 WARN  no build target for: /home/jakubp/Code/Studies/sp/list7/Element.scala[0m
2022.04.06 23:03:18 WARN  no build target for: /home/jakubp/Code/Studies/sp/list7/Element.scala[0m
2022.04.06 23:04:34 WARN  no build target for: /home/jakubp/Code/Studies/sp/list7/UseRational.scala[0m
2022.04.06 23:04:38 WARN  no build target for: /home/jakubp/Code/Studies/sp/list7/UseRational.scala[0m
2022.04.06 23:04:40 WARN  no build target for: /home/jakubp/Code/Studies/sp/list7/UseRational.scala[0m
2022.04.06 23:05:15 WARN  no build target for: /home/jakubp/Code/Studies/sp/list7/Element.scala[0m
2022.04.06 23:05:18 WARN  no build target for: /home/jakubp/Code/Studies/sp/list7/UseRational.scala[0m
2022.04.06 23:05:21 WARN  no build target for: /home/jakubp/Code/Studies/sp/list7/UseRational.scala[0m
2022.04.06 23:05:54 WARN  no build target for: /home/jakubp/Code/Studies/sp/list7/UseRational.scala[0m
2022.04.06 23:06:48 WARN  no build target for: /home/jakubp/Code/Studies/sp/list7/UseRational.scala[0m
2022.04.06 23:07:04 WARN  no build target for: /home/jakubp/Code/Studies/sp/list7/Element.scala[0m
2022.04.06 23:07:16 WARN  no build target for: /home/jakubp/Code/Studies/sp/list7/Element.scala[0m
2022.04.06 23:07:31 WARN  no build target for: /home/jakubp/Code/Studies/sp/list7/Element.scala[0m
2022.04.06 23:07:53 WARN  no build target for: /home/jakubp/Code/Studies/sp/list7/Element.scala[0m
2022.04.06 23:07:57 WARN  no build target for: /home/jakubp/Code/Studies/sp/list7/Element.scala[0m
2022.04.06 23:08:43 WARN  no build target for: /home/jakubp/Code/Studies/sp/list7/UseRational.scala[0m
2022.04.06 23:08:49 WARN  no build target for: /home/jakubp/Code/Studies/sp/list7/UseRational.scala[0m
2022.04.06 23:09:23 WARN  no build target for: /home/jakubp/Code/Studies/sp/list7/Element.scala[0m
2022.04.06 23:09:51 WARN  no build target for: /home/jakubp/Code/Studies/sp/list7/UseRational.scala[0m
2022.04.06 23:09:53 WARN  no build target for: /home/jakubp/Code/Studies/sp/list7/Rectangle.scala[0m
2022.04.06 23:10:14 WARN  no build target for: /home/jakubp/Code/Studies/sp/list7/UseRational.scala[0m
2022.04.06 23:10:36 WARN  no build target for: /home/jakubp/Code/Studies/sp/list7/UseRational.scala[0m
2022.04.06 23:11:05 WARN  no build target for: /home/jakubp/Code/Studies/sp/list7/UseRational.scala[0m
2022.04.06 23:11:19 WARN  no build target for: /home/jakubp/Code/Studies/sp/list7/UseRational.scala[0m
2022.04.06 23:11:37 WARN  no build target for: /home/jakubp/Code/Studies/sp/list7/UseRational.scala[0m
2022.04.06 23:11:53 WARN  no build target for: /home/jakubp/Code/Studies/sp/list7/UseRational.scala[0m
2022.04.06 23:12:25 WARN  no build target for: /home/jakubp/Code/Studies/sp/list7/UseRational.scala[0m
2022.04.06 23:12:35 WARN  no build target for: /home/jakubp/Code/Studies/sp/list7/UseRational.scala[0m
2022.04.06 23:12:39 WARN  no build target for: /home/jakubp/Code/Studies/sp/list7/UseRational.scala[0m
2022.04.06 23:12:59 WARN  no build target for: /home/jakubp/Code/Studies/sp/list7/UseRational.scala[0m
2022.04.06 23:13:03 WARN  no build target for: /home/jakubp/Code/Studies/sp/list7/UseRational.scala[0m
2022.04.06 23:13:38 WARN  no build target for: /home/jakubp/Code/Studies/sp/list7/UseRational.scala[0m
2022.04.06 23:13:41 WARN  no build target for: /home/jakubp/Code/Studies/sp/list7/UseRational.scala[0m
2022.04.06 23:14:17 WARN  no build target for: /home/jakubp/Code/Studies/sp/list7/UseRational.scala[0m
2022.04.06 23:15:38 WARN  no build target for: /home/jakubp/Code/Studies/sp/list7/Element.scala[0m
2022.04.06 23:16:26 ERROR scalafmt: /home/jakubp/Code/Studies/sp/list7/Element.scala:10: error: [dialect scala213] illegal start of simple expression
        val den    =.toString
                    ^[0m
2022.04.06 23:16:42 WARN  no build target for: /home/jakubp/Code/Studies/sp/list7/Element.scala[0m
2022.04.06 23:17:02 WARN  no build target for: /home/jakubp/Code/Studies/sp/list7/Element.scala[0m
2022.04.06 23:18:03 ERROR scalafmt: /home/jakubp/Code/Studies/sp/list7/Element.scala:17: error: [dialect scala213] this expected but def found
      def contents = {
      ^[0m
Apr 06, 2022 11:18:16 PM org.eclipse.lsp4j.jsonrpc.RemoteEndpoint handleCancellation
WARNING: Unmatched cancel notification for request id 5250
2022.04.06 23:18:16 WARN  no build target for: /home/jakubp/Code/Studies/sp/list7/Element.scala[0m
2022.04.06 23:18:22 WARN  no build target for: /home/jakubp/Code/Studies/sp/list7/Element.scala[0m
2022.04.06 23:18:58 ERROR scalafmt: /home/jakubp/Code/Studies/sp/list7/Element.scala:52: error: [dialect scala213] expected class or object definition def
  def elem(contents: Array[String]): Element =
  ^[0m
2022.04.06 23:19:06 WARN  no build target for: /home/jakubp/Code/Studies/sp/list7/Element.scala[0m
2022.04.06 23:20:35 WARN  no build target for: /home/jakubp/Code/Studies/sp/list7/Element.scala[0m
2022.04.06 23:20:55 WARN  no build target for: /home/jakubp/Code/Studies/sp/list7/Element.scala[0m
2022.04.06 23:21:07 WARN  no build target for: /home/jakubp/Code/Studies/sp/list7/Element.scala[0m
2022.04.06 23:21:47 WARN  no build target for: /home/jakubp/Code/Studies/sp/list7/UseRational.scala[0m
2022.04.06 23:21:57 WARN  no build target for: /home/jakubp/Code/Studies/sp/list7/Element.scala[0m
2022.04.06 23:23:01 WARN  no build target for: /home/jakubp/Code/Studies/sp/list7/UseRational.scala[0m
2022.04.06 23:23:28 WARN  no build target for: /home/jakubp/Code/Studies/sp/list7/UseRational.scala[0m
2022.04.06 23:24:59 WARN  no build target for: /home/jakubp/Code/Studies/sp/list7/BetterStochasticCounter.scala[0m
2022.04.06 23:24:59 WARN  no build target for: /home/jakubp/Code/Studies/sp/list7/BetterStochasticCounter.scala[0m
2022.04.06 23:25:16 WARN  no build target for: /home/jakubp/Code/Studies/sp/list7/betterStochasticCounter.scala[0m
2022.04.06 23:25:27 WARN  no build target for: /home/jakubp/Code/Studies/sp/list7/betterStochasticCounter.scala[0m
2022.04.06 23:26:02 WARN  no build target for: /home/jakubp/Code/Studies/sp/list7/betterStochasticCounter.scala[0m
2022.04.06 23:26:45 WARN  no build target for: /home/jakubp/Code/Studies/sp/list7/betterStochasticCounter.scala[0m
2022.04.06 23:28:08 WARN  no build target for: /home/jakubp/Code/Studies/sp/list7/betterStochasticCounter.scala[0m
2022.04.06 23:30:08 WARN  no build target for: /home/jakubp/Code/Studies/sp/list7/betterStochasticCounter.scala[0m
2022.04.06 23:31:49 WARN  no build target for: /home/jakubp/Code/Studies/sp/list7/betterStochasticCounter.scala[0m
2022.04.06 23:32:49 WARN  no build target for: /home/jakubp/Code/Studies/sp/list7/betterStochasticCounter.scala[0m
2022.04.06 23:37:37 WARN  no build target for: /home/jakubp/Code/Studies/sp/list7/betterStochasticCounter.scala[0m
2022.04.06 23:38:02 WARN  no build target for: /home/jakubp/Code/Studies/sp/list7/betterStochasticCounter.scala[0m
2022.04.06 23:38:02 WARN  no build target for: /home/jakubp/Code/Studies/sp/list7/betterStochasticCounter.scala[0m
2022.04.06 23:44:52 WARN  no build target for: /home/jakubp/Code/Studies/sp/list7/betterStochasticCounter.scala[0m
2022.04.06 23:47:54 WARN  no build target for: /home/jakubp/Code/Studies/sp/list7/betterStochasticCounter.scala[0m
2022.04.06 23:48:02 INFO  shutting down Metals[0m
2022.04.07 09:12:06 INFO  tracing is disabled for protocol LSP, to enable tracing of incoming and outgoing JSON messages create an empty file at /home/jakubp/Code/Studies/sp/list7/.metals/lsp.trace.json or /home/jakubp/.cache/metals/lsp.trace.json[0m
2022.04.07 09:12:07 INFO  logging to file /home/jakubp/Code/Studies/sp/list7/.metals/metals.log[0m
2022.04.07 09:12:07 INFO  Started: Metals version 0.11.2 in workspace '/home/jakubp/Code/Studies/sp/list7' for client Visual Studio Code 1.66.0.[0m
2022.04.07 09:12:07 INFO  Parse release: 11.0.14.1[0m
2022.04.07 09:12:09 INFO  time: initialize in 2.21s[0m
2022.04.07 09:12:09 WARN  Build server is not auto-connectable.[0m
2022.04.07 09:12:09 WARN  no build tool detected in workspace '/home/jakubp/Code/Studies/sp/list7'. The most common cause for this problem is that the editor was opened in the wrong working directory, for example if you use sbt then the workspace directory should contain build.sbt. [0m
2022.04.07 09:12:11 WARN  no build target for: /home/jakubp/Code/Studies/sp/list7/betterStochasticCounter.scala[0m
Apr 07, 2022 9:12:12 AM org.eclipse.lsp4j.jsonrpc.RemoteEndpoint handleCancellation
WARNING: Unmatched cancel notification for request id 5
Apr 07, 2022 9:12:12 AM org.eclipse.lsp4j.jsonrpc.RemoteEndpoint handleCancellation
WARNING: Unmatched cancel notification for request id 8
Apr 07, 2022 9:12:12 AM org.eclipse.lsp4j.jsonrpc.RemoteEndpoint handleCancellation
WARNING: Unmatched cancel notification for request id 6
Apr 07, 2022 9:12:12 AM org.eclipse.lsp4j.jsonrpc.RemoteEndpoint handleCancellation
WARNING: Unmatched cancel notification for request id 11
2022.04.07 09:12:14 INFO  no build target found for /home/jakubp/Code/Studies/sp/list7/betterStochasticCounter.scala. Using presentation compiler with project's scala-library version: 3.1.1[0m
2022.04.07 09:12:15 INFO  time: code lens generation in 3.77s[0m
2022.04.07 09:12:15 INFO  time: code lens generation in 2.46s[0m
2022.04.07 09:12:15 INFO  time: code lens generation in 1.11s[0m
2022.04.07 09:12:15 INFO  time: code lens generation in 3.69s[0m
2022.04.07 09:12:15 INFO  time: code lens generation in 2.88s[0m
2022.04.07 09:12:15 INFO  time: code lens generation in 3.73s[0m
2022.04.07 09:12:15 INFO  time: code lens generation in 3.37s[0m
2022.04.07 09:16:20 WARN  no build target for: /home/jakubp/Code/Studies/sp/list7/betterStochasticCounter.scala[0m
2022.04.07 09:16:27 WARN  no build target for: /home/jakubp/Code/Studies/sp/list7/betterStochasticCounter.scala[0m
2022.04.07 09:18:19 WARN  no build target for: /home/jakubp/Code/Studies/sp/list7/betterStochasticCounter.scala[0m
2022.04.07 09:18:42 WARN  no build target for: /home/jakubp/Code/Studies/sp/list7/betterStochasticCounter.scala[0m
2022.04.07 09:22:53 WARN  no build target for: /home/jakubp/Code/Studies/sp/list7/betterStochasticCounter.scala[0m
2022.04.07 09:31:25 WARN  no build target for: /home/jakubp/Code/Studies/sp/list7/betterStochasticCounter.scala[0m
2022.04.07 09:32:18 WARN  no build target for: /home/jakubp/Code/Studies/sp/list7/betterStochasticCounter.scala[0m
2022.04.07 09:36:49 WARN  no build target for: /home/jakubp/Code/Studies/sp/list7/betterStochasticCounter.scala[0m
2022.04.07 09:38:42 WARN  no build target for: /home/jakubp/Code/Studies/sp/list7/betterStochasticCounter.scala[0m
2022.04.07 09:38:54 WARN  no build target for: /home/jakubp/Code/Studies/sp/list7/betterStochasticCounter.scala[0m
2022.04.07 09:39:13 WARN  no build target for: /home/jakubp/Code/Studies/sp/list7/betterStochasticCounter.scala[0m
2022.04.07 09:39:40 WARN  no build target for: /home/jakubp/Code/Studies/sp/list7/betterStochasticCounter.scala[0m
2022.04.07 09:39:49 WARN  no build target for: /home/jakubp/Code/Studies/sp/list7/betterStochasticCounter.scala[0m
2022.04.07 09:40:20 WARN  no build target for: /home/jakubp/Code/Studies/sp/list7/betterStochasticCounter.scala[0m
2022.04.07 09:40:43 WARN  no build target for: /home/jakubp/Code/Studies/sp/list7/betterStochasticCounter.scala[0m
2022.04.07 09:41:11 WARN  no build target for: /home/jakubp/Code/Studies/sp/list7/betterStochasticCounter.scala[0m
2022.04.07 09:41:23 WARN  no build target for: /home/jakubp/Code/Studies/sp/list7/betterStochasticCounter.scala[0m
2022.04.07 09:42:34 WARN  no build target for: /home/jakubp/Code/Studies/sp/list7/betterStochasticCounter.scala[0m
2022.04.07 09:44:08 WARN  no build target for: /home/jakubp/Code/Studies/sp/list7/betterStochasticCounter.scala[0m
2022.04.07 09:44:26 WARN  no build target for: /home/jakubp/Code/Studies/sp/list7/betterStochasticCounter.scala[0m
2022.04.07 09:44:48 WARN  no build target for: /home/jakubp/Code/Studies/sp/list7/betterStochasticCounter.scala[0m
2022.04.07 09:45:16 WARN  no build target for: /home/jakubp/Code/Studies/sp/list7/betterStochasticCounter.scala[0m
2022.04.07 09:45:43 WARN  no build target for: /home/jakubp/Code/Studies/sp/list7/betterStochasticCounter.scala[0m
2022.04.07 09:45:50 WARN  no build target for: /home/jakubp/Code/Studies/sp/list7/betterStochasticCounter.scala[0m
2022.04.07 09:57:06 INFO  shutting down Metals[0m
2022.04.07 20:26:29 INFO  tracing is disabled for protocol LSP, to enable tracing of incoming and outgoing JSON messages create an empty file at /home/jakubp/Code/Studies/sp/list7/.metals/lsp.trace.json or /home/jakubp/.cache/metals/lsp.trace.json[0m
2022.04.07 20:26:29 INFO  logging to file /home/jakubp/Code/Studies/sp/list7/.metals/metals.log[0m
2022.04.07 20:26:29 INFO  Started: Metals version 0.11.2 in workspace '/home/jakubp/Code/Studies/sp/list7' for client Visual Studio Code 1.66.0.[0m
2022.04.07 20:26:29 INFO  Parse release: 11.0.14.1[0m
2022.04.07 20:26:32 INFO  time: initialize in 2.66s[0m
2022.04.07 20:26:32 WARN  Build server is not auto-connectable.[0m
2022.04.07 20:26:32 WARN  no build tool detected in workspace '/home/jakubp/Code/Studies/sp/list7'. The most common cause for this problem is that the editor was opened in the wrong working directory, for example if you use sbt then the workspace directory should contain build.sbt. [0m
2022.04.07 20:26:34 WARN  no build target for: /home/jakubp/Code/Studies/sp/list7/betterStochasticCounter.scala[0m
Apr 07, 2022 8:26:35 PM org.eclipse.lsp4j.jsonrpc.RemoteEndpoint handleCancellation
WARNING: Unmatched cancel notification for request id 2
2022.04.07 20:26:37 INFO  no build target found for /home/jakubp/Code/Studies/sp/list7/betterStochasticCounter.scala. Using presentation compiler with project's scala-library version: 3.1.1[0m
2022.04.07 20:26:39 INFO  time: code lens generation in 3.68s[0m
2022.04.07 20:26:39 INFO  time: code lens generation in 4.38s[0m
2022.04.07 20:27:00 WARN  no build target for: /home/jakubp/Code/Studies/sp/list7/betterStochasticCounter.scala[0m
2022.04.07 20:28:20 WARN  no build target for: /home/jakubp/Code/Studies/sp/list7/betterStochasticCounter.scala[0m
2022.04.07 20:29:01 WARN  no build target for: /home/jakubp/Code/Studies/sp/list7/betterStochasticCounter.scala[0m
2022.04.07 20:29:22 WARN  no build target for: /home/jakubp/Code/Studies/sp/list7/betterStochasticCounter.scala[0m
2022.04.07 20:30:04 WARN  no build target for: /home/jakubp/Code/Studies/sp/list7/betterStochasticCounter.scala[0m
2022.04.07 20:30:08 WARN  no build target for: /home/jakubp/Code/Studies/sp/list7/betterStochasticCounter.scala[0m
2022.04.07 20:30:14 WARN  no build target for: /home/jakubp/Code/Studies/sp/list7/betterStochasticCounter.scala[0m
2022.04.07 20:30:42 WARN  no build target for: /home/jakubp/Code/Studies/sp/list7/betterStochasticCounter.scala[0m
2022.04.07 20:31:07 WARN  no build target for: /home/jakubp/Code/Studies/sp/list7/betterStochasticCounter.scala[0m
2022.04.07 20:31:07 WARN  no build target for: /home/jakubp/Code/Studies/sp/list7/betterStochasticCounter.scala[0m
2022.04.07 20:31:44 WARN  no build target for: /home/jakubp/Code/Studies/sp/list7/betterStochasticCounter.scala[0m
2022.04.07 20:31:56 WARN  no build target for: /home/jakubp/Code/Studies/sp/list7/betterStochasticCounter.scala[0m
2022.04.07 20:34:21 WARN  no build target for: /home/jakubp/Code/Studies/sp/list7/betterStochasticCounter.scala[0m
Apr 07, 2022 8:38:19 PM org.eclipse.lsp4j.jsonrpc.RemoteEndpoint handleCancellation
WARNING: Unmatched cancel notification for request id 1053
2022.04.07 20:38:38 WARN  no build target for: /home/jakubp/Code/Studies/sp/list7/betterStochasticCounter.scala[0m
2022.04.07 20:40:13 WARN  no build target for: /home/jakubp/Code/Studies/sp/list7/betterStochasticCounter.scala[0m
2022.04.07 20:41:28 WARN  no build target for: /home/jakubp/Code/Studies/sp/list7/betterStochasticCounter.scala[0m
2022.04.07 20:41:46 WARN  no build target for: /home/jakubp/Code/Studies/sp/list7/betterStochasticCounter.scala[0m
2022.04.07 20:41:54 WARN  no build target for: /home/jakubp/Code/Studies/sp/list7/betterStochasticCounter.scala[0m
2022.04.07 20:42:17 WARN  no build target for: /home/jakubp/Code/Studies/sp/list7/betterStochasticCounter.scala[0m
2022.04.07 20:43:22 WARN  no build target for: /home/jakubp/Code/Studies/sp/list7/betterStochasticCounter.scala[0m
2022.04.07 20:43:25 WARN  no build target for: /home/jakubp/Code/Studies/sp/list7/betterStochasticCounter.scala[0m
2022.04.07 20:44:10 WARN  no build target for: /home/jakubp/Code/Studies/sp/list7/betterStochasticCounter.scala[0m
2022.04.07 20:45:49 WARN  no build target for: /home/jakubp/Code/Studies/sp/list7/betterStochasticCounter.scala[0m
2022.04.07 20:47:05 WARN  no build target for: /home/jakubp/Code/Studies/sp/list7/betterStochasticCounter.scala[0m
2022.04.07 20:47:33 WARN  no build target for: /home/jakubp/Code/Studies/sp/list7/betterStochasticCounter.scala[0m
2022.04.07 20:48:01 WARN  no build target for: /home/jakubp/Code/Studies/sp/list7/betterStochasticCounter.scala[0m
2022.04.07 20:48:19 WARN  no build target for: /home/jakubp/Code/Studies/sp/list7/betterStochasticCounter.scala[0m
2022.04.07 21:17:08 WARN  no build target for: /home/jakubp/Code/Studies/sp/list7/betterStochasticCounter.scala[0m
2022.04.07 21:17:21 WARN  no build target for: /home/jakubp/Code/Studies/sp/list7/betterStochasticCounter.scala[0m
2022.04.07 21:17:56 WARN  no build target for: /home/jakubp/Code/Studies/sp/list7/betterStochasticCounter.scala[0m
2022.04.07 21:18:48 WARN  no build target for: /home/jakubp/Code/Studies/sp/list7/betterStochasticCounter.scala[0m
2022.04.07 21:18:53 WARN  no build target for: /home/jakubp/Code/Studies/sp/list7/betterStochasticCounter.scala[0m
2022.04.07 21:20:21 WARN  no build target for: /home/jakubp/Code/Studies/sp/list7/betterStochasticCounter.scala[0m
2022.04.07 21:20:25 WARN  no build target for: /home/jakubp/Code/Studies/sp/list7/betterStochasticCounter.scala[0m
2022.04.07 21:20:49 WARN  no build target for: /home/jakubp/Code/Studies/sp/list7/betterStochasticCounter.scala[0m
2022.04.07 21:21:22 WARN  no build target for: /home/jakubp/Code/Studies/sp/list7/betterStochasticCounter.scala[0m
2022.04.07 21:31:57 WARN  no build target for: /home/jakubp/Code/Studies/sp/list7/betterStochasticCounter.scala[0m
2022.04.07 21:32:01 WARN  no build target for: /home/jakubp/Code/Studies/sp/list7/betterStochasticCounter.scala[0m
2022.04.07 21:32:09 WARN  no build target for: /home/jakubp/Code/Studies/sp/list7/betterStochasticCounter.scala[0m
2022.04.07 21:32:35 WARN  no build target for: /home/jakubp/Code/Studies/sp/list7/betterStochasticCounter.scala[0m
2022.04.07 21:33:00 WARN  no build target for: /home/jakubp/Code/Studies/sp/list7/betterStochasticCounter.scala[0m
2022.04.07 21:33:37 WARN  no build target for: /home/jakubp/Code/Studies/sp/list7/betterStochasticCounter.scala[0m
2022.04.07 21:34:45 WARN  no build target for: /home/jakubp/Code/Studies/sp/list7/betterStochasticCounter.scala[0m
2022.04.07 21:34:49 WARN  no build target for: /home/jakubp/Code/Studies/sp/list7/betterStochasticCounter.scala[0m
2022.04.07 21:35:10 WARN  no build target for: /home/jakubp/Code/Studies/sp/list7/betterStochasticCounter.scala[0m
2022.04.07 21:36:16 WARN  no build target for: /home/jakubp/Code/Studies/sp/list7/betterStochasticCounter.scala[0m
2022.04.07 21:37:01 WARN  no build target for: /home/jakubp/Code/Studies/sp/list7/betterStochasticCounter.scala[0m
2022.04.07 21:38:03 WARN  no build target for: /home/jakubp/Code/Studies/sp/list7/betterStochasticCounter.scala[0m
2022.04.07 21:38:07 WARN  no build target for: /home/jakubp/Code/Studies/sp/list7/betterStochasticCounter.scala[0m
2022.04.07 21:38:20 WARN  no build target for: /home/jakubp/Code/Studies/sp/list7/betterStochasticCounter.scala[0m
2022.04.07 21:38:53 WARN  no build target for: /home/jakubp/Code/Studies/sp/list7/betterStochasticCounter.scala[0m
2022.04.07 21:39:01 WARN  no build target for: /home/jakubp/Code/Studies/sp/list7/betterStochasticCounter.scala[0m
Apr 07, 2022 9:39:51 PM org.eclipse.lsp4j.jsonrpc.services.GenericEndpoint notify
INFO: Unsupported notification method: $/setTrace
2022.04.07 21:40:25 WARN  no build target for: /home/jakubp/Code/Studies/sp/list7/betterStochasticCounter.scala[0m
2022.04.07 21:41:44 WARN  no build target for: /home/jakubp/Code/Studies/sp/list7/betterStochasticCounter.scala[0m
2022.04.07 21:44:55 WARN  no build target for: /home/jakubp/Code/Studies/sp/list7/betterStochasticCounter.scala[0m
2022.04.07 21:45:09 WARN  no build target for: /home/jakubp/Code/Studies/sp/list7/betterStochasticCounter.scala[0m
2022.04.07 21:45:19 WARN  no build target for: /home/jakubp/Code/Studies/sp/list7/betterStochasticCounter.scala[0m
2022.04.07 21:45:25 WARN  no build target for: /home/jakubp/Code/Studies/sp/list7/betterStochasticCounter.scala[0m
2022.04.07 21:46:34 WARN  no build target for: /home/jakubp/Code/Studies/sp/list7/betterStochasticCounter.scala[0m
2022.04.07 21:47:08 WARN  no build target for: /home/jakubp/Code/Studies/sp/list7/betterStochasticCounter.scala[0m
2022.04.07 21:50:58 WARN  no build target for: /home/jakubp/Code/Studies/sp/list7/betterStochasticCounter.scala[0m
2022.04.07 21:52:04 WARN  no build target for: /home/jakubp/Code/Studies/sp/list7/betterStochasticCounter.scala[0m
2022.04.07 21:54:03 WARN  no build target for: /home/jakubp/Code/Studies/sp/list7/betterStochasticCounter.scala[0m
2022.04.07 21:54:10 WARN  no build target for: /home/jakubp/Code/Studies/sp/list7/betterStochasticCounter.scala[0m
2022.04.07 21:54:33 WARN  no build target for: /home/jakubp/Code/Studies/sp/list7/betterStochasticCounter.scala[0m
2022.04.07 21:55:51 WARN  no build target for: /home/jakubp/Code/Studies/sp/list7/betterStochasticCounter.scala[0m
2022.04.07 21:56:04 WARN  no build target for: /home/jakubp/Code/Studies/sp/list7/betterStochasticCounter.scala[0m
2022.04.07 21:56:11 WARN  no build target for: /home/jakubp/Code/Studies/sp/list7/betterStochasticCounter.scala[0m
2022.04.07 21:56:57 WARN  no build target for: /home/jakubp/Code/Studies/sp/list7/betterStochasticCounter.scala[0m
2022.04.07 21:57:15 WARN  no build target for: /home/jakubp/Code/Studies/sp/list7/betterStochasticCounter.scala[0m
2022.04.07 21:57:26 WARN  no build target for: /home/jakubp/Code/Studies/sp/list7/betterStochasticCounter.scala[0m
2022.04.07 21:58:17 WARN  no build target for: /home/jakubp/Code/Studies/sp/list7/betterStochasticCounter.scala[0m
2022.04.07 21:58:38 WARN  no build target for: /home/jakubp/Code/Studies/sp/list7/betterStochasticCounter.scala[0m
2022.04.07 21:59:07 WARN  no build target for: /home/jakubp/Code/Studies/sp/list7/UseRational.scala[0m
2022.04.07 21:59:11 WARN  no build target for: /home/jakubp/Code/Studies/sp/list7/UseRational.scala[0m
2022.04.07 22:00:36 WARN  no build target for: /home/jakubp/Code/Studies/sp/list7/UseRational.scala[0m
2022.04.07 22:01:07 WARN  no build target for: /home/jakubp/Code/Studies/sp/list7/UseRational.scala[0m
2022.04.07 22:01:26 WARN  no build target for: /home/jakubp/Code/Studies/sp/list7/Rectangle.scala[0m
2022.04.07 22:01:45 WARN  no build target for: /home/jakubp/Code/Studies/sp/list7/Rectangle.scala[0m
2022.04.07 22:02:22 WARN  no build target for: /home/jakubp/Code/Studies/sp/list7/Rectangle.scala[0m
2022.04.07 22:02:27 WARN  no build target for: /home/jakubp/Code/Studies/sp/list7/Rectangle.scala[0m
2022.04.07 22:10:48 WARN  no build target for: /home/jakubp/Code/Studies/sp/list7/UseRational.scala[0m
2022.04.07 22:10:53 WARN  no build target for: /home/jakubp/Code/Studies/sp/list7/Rational.scala[0m
2022.04.07 22:10:55 WARN  no build target for: /home/jakubp/Code/Studies/sp/list7/Rational.scala[0m
2022.04.07 22:11:22 WARN  no build target for: /home/jakubp/Code/Studies/sp/list7/Element.scala[0m
2022.04.07 22:13:33 WARN  no build target for: /home/jakubp/Code/Studies/sp/list7/betterStochasticCounter.scala[0m
2022.04.07 22:15:16 INFO  shutting down Metals[0m
2022.04.09 20:22:02 INFO  tracing is disabled for protocol LSP, to enable tracing of incoming and outgoing JSON messages create an empty file at /home/jakubp/Code/Studies/sp/list7/.metals/lsp.trace.json or /home/jakubp/.cache/metals/lsp.trace.json[0m
2022.04.09 20:22:02 INFO  logging to file /home/jakubp/Code/Studies/sp/list7/.metals/metals.log[0m
2022.04.09 20:22:02 INFO  Started: Metals version 0.11.2 in workspace '/home/jakubp/Code/Studies/sp/list7' for client Visual Studio Code 1.66.1.[0m
2022.04.09 20:22:02 INFO  Parse release: 11.0.14.1[0m
2022.04.09 20:22:05 INFO  time: initialize in 2.45s[0m
2022.04.09 20:22:05 WARN  Build server is not auto-connectable.[0m
2022.04.09 20:22:05 WARN  no build tool detected in workspace '/home/jakubp/Code/Studies/sp/list7'. The most common cause for this problem is that the editor was opened in the wrong working directory, for example if you use sbt then the workspace directory should contain build.sbt. [0m
2022.04.09 20:22:07 WARN  no build target for: /home/jakubp/Code/Studies/sp/list7/betterStochasticCounter.scala[0m
2022.04.09 20:22:10 INFO  no build target found for /home/jakubp/Code/Studies/sp/list7/betterStochasticCounter.scala. Using presentation compiler with project's scala-library version: 3.1.1[0m
2022.04.09 20:22:12 INFO  time: code lens generation in 4.87s[0m
2022.04.09 20:38:00 WARN  no build target for: /home/jakubp/Code/Studies/sp/list7/betterStochasticCounter.scala[0m
Apr 09, 2022 8:38:12 PM org.eclipse.lsp4j.jsonrpc.RemoteEndpoint handleCancellation
WARNING: Unmatched cancel notification for request id 38
2022.04.09 20:38:33 WARN  no build target for: /home/jakubp/Code/Studies/sp/list7/betterStochasticCounter.scala[0m
2022.04.09 20:38:58 WARN  no build target for: /home/jakubp/Code/Studies/sp/list7/betterStochasticCounter.scala[0m
2022.04.09 20:45:41 WARN  no build target for: /home/jakubp/Code/Studies/sp/list7/betterStochasticCounter.scala[0m
2022.04.09 20:46:06 WARN  no build target for: /home/jakubp/Code/Studies/sp/list7/betterStochasticCounter.scala[0m
2022.04.09 20:46:06 WARN  no build target for: /home/jakubp/Code/Studies/sp/list7/betterStochasticCounter.scala[0m
2022.04.09 20:46:06 WARN  no build target for: /home/jakubp/Code/Studies/sp/list7/betterStochasticCounter.scala[0m
2022.04.09 20:46:22 WARN  no build target for: /home/jakubp/Code/Studies/sp/list7/betterStochasticCounter.scala[0m
2022.04.09 20:46:41 WARN  no build target for: /home/jakubp/Code/Studies/sp/list7/betterStochasticCounter.scala[0m
2022.04.09 20:47:10 WARN  no build target for: /home/jakubp/Code/Studies/sp/list7/betterStochasticCounter.scala[0m
2022.04.09 20:47:27 WARN  no build target for: /home/jakubp/Code/Studies/sp/list7/betterStochasticCounter.scala[0m
2022.04.09 20:47:38 WARN  no build target for: /home/jakubp/Code/Studies/sp/list7/betterStochasticCounter.scala[0m
2022.04.09 21:19:03 WARN  no build target for: /home/jakubp/Code/Studies/sp/list7/betterStochasticCounter.scala[0m
2022.04.09 21:32:52 WARN  no build target for: /home/jakubp/Code/Studies/sp/list7/UseRational.scala[0m
2022.04.09 21:37:19 INFO  shutting down Metals[0m
2022.04.09 21:46:28 INFO  tracing is disabled for protocol LSP, to enable tracing of incoming and outgoing JSON messages create an empty file at /home/jakubp/Code/Studies/sp/list7/.metals/lsp.trace.json or /home/jakubp/.cache/metals/lsp.trace.json[0m
2022.04.09 21:46:28 INFO  logging to file /home/jakubp/Code/Studies/sp/list7/.metals/metals.log[0m
2022.04.09 21:46:28 INFO  Started: Metals version 0.11.2 in workspace '/home/jakubp/Code/Studies/sp/list7' for client Visual Studio Code 1.66.1.[0m
2022.04.09 21:46:28 INFO  Parse release: 11.0.14.1[0m
2022.04.09 21:46:31 INFO  time: initialize in 2.47s[0m
2022.04.09 21:46:31 WARN  Build server is not auto-connectable.[0m
2022.04.09 21:46:31 WARN  no build tool detected in workspace '/home/jakubp/Code/Studies/sp/list7'. The most common cause for this problem is that the editor was opened in the wrong working directory, for example if you use sbt then the workspace directory should contain build.sbt. [0m
2022.04.09 21:46:33 WARN  no build target for: /home/jakubp/Code/Studies/sp/list7/UseRational.scala[0m
2022.04.09 21:46:33 WARN  no build target for: /home/jakubp/Code/Studies/sp/list7/Rational.scala[0m
2022.04.09 21:46:33 WARN  no build target for: /home/jakubp/Code/Studies/sp/list7/Element.scala[0m
2022.04.09 21:46:36 INFO  no build target found for /home/jakubp/Code/Studies/sp/list7/Rational.scala. Using presentation compiler with project's scala-library version: 3.1.1[0m
Apr 09, 2022 9:46:36 PM org.eclipse.lsp4j.jsonrpc.RemoteEndpoint handleCancellation
WARNING: Unmatched cancel notification for request id 2
2022.04.09 21:46:39 INFO  time: code lens generation in 2.42s[0m
2022.04.09 21:46:39 WARN  no build target for: /home/jakubp/Code/Studies/sp/list7/Element.scala[0m
2022.04.09 21:47:07 WARN  no build target for: /home/jakubp/Code/Studies/sp/list7/betterStochasticCounter.scala[0m
2022.04.09 21:47:12 WARN  no build target for: /home/jakubp/Code/Studies/sp/list7/betterStochasticCounter.scala[0m
2022.04.09 21:49:11 WARN  no build target for: /home/jakubp/Code/Studies/sp/list7/betterStochasticCounter.scala[0m
2022.04.09 21:49:55 WARN  no build target for: /home/jakubp/Code/Studies/sp/list7/betterStochasticCounter.scala[0m
2022.04.09 21:50:03 WARN  no build target for: /home/jakubp/Code/Studies/sp/list7/betterStochasticCounter.scala[0m
2022.04.09 21:50:06 WARN  no build target for: /home/jakubp/Code/Studies/sp/list7/betterStochasticCounter.scala[0m
2022.04.09 21:50:50 WARN  no build target for: /home/jakubp/Code/Studies/sp/list7/betterStochasticCounter.scala[0m
2022.04.09 22:00:16 WARN  no build target for: /home/jakubp/Code/Studies/sp/list7/betterStochasticCounter.scala[0m
2022.04.09 22:07:29 WARN  no build target for: /home/jakubp/Code/Studies/sp/list7/UseRational.scala[0m
2022.04.09 22:07:29 WARN  no build target for: /home/jakubp/Code/Studies/sp/list7/UseRational.scala[0m
2022.04.09 22:07:52 WARN  no build target for: /home/jakubp/Code/Studies/sp/list7/UseRational.scala[0m
2022.04.09 22:08:12 WARN  no build target for: /home/jakubp/Code/Studies/sp/list7/UseRational.scala[0m
2022.04.09 22:09:06 WARN  no build target for: /home/jakubp/Code/Studies/sp/list7/UseRational.scala[0m
2022.04.09 22:11:11 INFO  shutting down Metals[0m
2022.04.10 11:33:27 INFO  tracing is disabled for protocol LSP, to enable tracing of incoming and outgoing JSON messages create an empty file at /home/jakubp/Code/Studies/sp/list7/.metals/lsp.trace.json or /home/jakubp/.cache/metals/lsp.trace.json[0m
2022.04.10 11:33:28 INFO  logging to file /home/jakubp/Code/Studies/sp/list7/.metals/metals.log[0m
2022.04.10 11:33:28 INFO  Started: Metals version 0.11.2 in workspace '/home/jakubp/Code/Studies/sp/list7' for client Visual Studio Code 1.66.1.[0m
2022.04.10 11:33:28 INFO  Parse release: 11.0.14.1[0m
2022.04.10 11:33:31 INFO  time: initialize in 2.73s[0m
2022.04.10 11:33:31 WARN  Build server is not auto-connectable.[0m
2022.04.10 11:33:31 WARN  no build tool detected in workspace '/home/jakubp/Code/Studies/sp/list7'. The most common cause for this problem is that the editor was opened in the wrong working directory, for example if you use sbt then the workspace directory should contain build.sbt. [0m
2022.04.10 11:33:33 WARN  no build target for: /home/jakubp/Code/Studies/sp/list7/UseRational.scala[0m
2022.04.10 11:33:33 WARN  no build target for: /home/jakubp/Code/Studies/sp/list7/betterStochasticCounter.scala[0m
2022.04.10 11:33:35 INFO  no build target found for /home/jakubp/Code/Studies/sp/list7/betterStochasticCounter.scala. Using presentation compiler with project's scala-library version: 3.1.1[0m
2022.04.10 11:33:38 INFO  time: code lens generation in 4.59s[0m
2022.04.10 11:33:40 WARN  no build target for: /home/jakubp/Code/Studies/sp/list7/betterStochasticCounter.scala[0m
2022.04.10 11:34:30 INFO  shutting down Metals[0m
