2022.05.03 20:08:08 INFO  tracing is disabled for protocol LSP, to enable tracing of incoming and outgoing JSON messages create an empty file at /home/jakubp/Code/Studies/sp/list9/.metals/lsp.trace.json or /home/jakubp/.cache/metals/lsp.trace.json[0m
2022.05.03 20:08:09 INFO  logging to file /home/jakubp/Code/Studies/sp/list9/.metals/metals.log[0m
2022.05.03 20:08:09 INFO  Started: Metals version 0.11.5 in workspace '/home/jakubp/Code/Studies/sp/list9' for client Visual Studio Code 1.66.2.[0m
2022.05.03 20:08:11 INFO  time: initialize in 2.07s[0m
2022.05.03 20:08:11 WARN  Flyway upgrade recommended: H2 2.1.212 is newer than this version of Flyway and support has not been tested. The latest supported version of H2 is 2.1.210.[0m
2022.05.03 20:08:11 WARN  Build server is not auto-connectable.[0m
2022.05.03 20:08:11 WARN  no build tool detected in workspace '/home/jakubp/Code/Studies/sp/list9'. The most common cause for this problem is that the editor was opened in the wrong working directory, for example if you use sbt then the workspace directory should contain build.sbt. [0m
2022.05.03 20:08:13 WARN  no build target for: /home/jakubp/Code/Studies/sp/list9/summary.scala[0m
2022.05.03 20:08:16 INFO  no build target found for /home/jakubp/Code/Studies/sp/list9/summary.scala. Using presentation compiler with project's scala-library version: 3.1.2[0m
2022.05.03 20:08:18 INFO  time: code lens generation in 4.92s[0m
2022.05.03 20:08:23 WARN  no build target for: /home/jakubp/Code/Studies/sp/list9/summary.scala[0m
2022.05.03 20:08:26 WARN  no build target for: /home/jakubp/Code/Studies/sp/list9/summary.scala[0m
2022.05.03 20:08:29 WARN  no build target for: /home/jakubp/Code/Studies/sp/list9/MisraGries.scala[0m
2022.05.03 20:08:30 WARN  no build target for: /home/jakubp/Code/Studies/sp/list9/MisraGries.scala[0m
2022.05.03 20:08:58 WARN  no build target for: /home/jakubp/Code/Studies/sp/list9/summary.scala[0m
2022.05.03 20:09:05 WARN  no build target for: /home/jakubp/Code/Studies/sp/list9/summary.scala[0m
2022.05.03 20:09:48 WARN  no build target for: /home/jakubp/Code/Studies/sp/list9/summary.scala[0m
2022.05.03 20:17:14 WARN  no build target for: /home/jakubp/Code/Studies/sp/list9/summary.scala[0m
2022.05.03 20:17:34 WARN  no build target for: /home/jakubp/Code/Studies/sp/list9/summary.scala[0m
May 03, 2022 8:17:42 PM org.eclipse.lsp4j.jsonrpc.RemoteEndpoint handleCancellation
WARNING: Unmatched cancel notification for request id 310
2022.05.03 20:17:56 WARN  no build target for: /home/jakubp/Code/Studies/sp/list9/summary.scala[0m
2022.05.03 20:18:13 WARN  no build target for: /home/jakubp/Code/Studies/sp/list9/summary.scala[0m
2022.05.03 20:18:32 WARN  no build target for: /home/jakubp/Code/Studies/sp/list9/summary.scala[0m
2022.05.03 20:18:49 WARN  no build target for: /home/jakubp/Code/Studies/sp/list9/summary.scala[0m
2022.05.03 20:19:44 WARN  no build target for: /home/jakubp/Code/Studies/sp/list9/summary.scala[0m
2022.05.03 20:19:57 WARN  no build target for: /home/jakubp/Code/Studies/sp/list9/summary.scala[0m
2022.05.03 20:20:16 WARN  no build target for: /home/jakubp/Code/Studies/sp/list9/summary.scala[0m
2022.05.03 20:21:07 WARN  no build target for: /home/jakubp/Code/Studies/sp/list9/summary.scala[0m
2022.05.03 20:21:17 WARN  no build target for: /home/jakubp/Code/Studies/sp/list9/summary.scala[0m
2022.05.03 20:21:28 WARN  no build target for: /home/jakubp/Code/Studies/sp/list9/summary.scala[0m
2022.05.03 20:21:59 WARN  no build target for: /home/jakubp/Code/Studies/sp/list9/summary.scala[0m
2022.05.03 20:22:51 WARN  no build target for: /home/jakubp/Code/Studies/sp/list9/summary.scala[0m
2022.05.03 20:23:45 WARN  no build target for: /home/jakubp/Code/Studies/sp/list9/summary.scala[0m
2022.05.03 20:23:53 WARN  no build target for: /home/jakubp/Code/Studies/sp/list9/summary.scala[0m
2022.05.03 20:24:00 WARN  no build target for: /home/jakubp/Code/Studies/sp/list9/summary.scala[0m
2022.05.03 20:24:14 WARN  no build target for: /home/jakubp/Code/Studies/sp/list9/summary.scala[0m
2022.05.03 20:24:25 WARN  no build target for: /home/jakubp/Code/Studies/sp/list9/summary.scala[0m
2022.05.03 20:24:27 WARN  no build target for: /home/jakubp/Code/Studies/sp/list9/summary.scala[0m
2022.05.03 20:24:58 WARN  no build target for: /home/jakubp/Code/Studies/sp/list9/summary.scala[0m
2022.05.03 20:25:11 WARN  no build target for: /home/jakubp/Code/Studies/sp/list9/summary.scala[0m
2022.05.03 20:25:35 WARN  no build target for: /home/jakubp/Code/Studies/sp/list9/summary.scala[0m
2022.05.03 20:28:26 WARN  no build target for: /home/jakubp/Code/Studies/sp/list9/summary.scala[0m
2022.05.03 20:28:29 WARN  no build target for: /home/jakubp/Code/Studies/sp/list9/summary.scala[0m
2022.05.03 20:28:37 WARN  no build target for: /home/jakubp/Code/Studies/sp/list9/summary.scala[0m
2022.05.03 20:29:02 WARN  no build target for: /home/jakubp/Code/Studies/sp/list9/summary.scala[0m
2022.05.03 20:29:14 WARN  no build target for: /home/jakubp/Code/Studies/sp/list9/summary.scala[0m
2022.05.03 20:29:23 WARN  no build target for: /home/jakubp/Code/Studies/sp/list9/summary.scala[0m
2022.05.03 20:30:00 WARN  no build target for: /home/jakubp/Code/Studies/sp/list9/summary.scala[0m
2022.05.03 20:30:04 WARN  no build target for: /home/jakubp/Code/Studies/sp/list9/summary.scala[0m
2022.05.03 20:30:42 WARN  no build target for: /home/jakubp/Code/Studies/sp/list9/summary.scala[0m
2022.05.03 20:31:19 WARN  no build target for: /home/jakubp/Code/Studies/sp/list9/summary.scala[0m
2022.05.03 20:31:43 WARN  no build target for: /home/jakubp/Code/Studies/sp/list9/summary.scala[0m
2022.05.03 20:31:49 WARN  no build target for: /home/jakubp/Code/Studies/sp/list9/summary.scala[0m
2022.05.03 20:31:52 WARN  no build target for: /home/jakubp/Code/Studies/sp/list9/summary.scala[0m
2022.05.03 20:32:05 WARN  no build target for: /home/jakubp/Code/Studies/sp/list9/summary.scala[0m
2022.05.03 20:32:41 WARN  no build target for: /home/jakubp/Code/Studies/sp/list9/summary.scala[0m
2022.05.03 20:33:12 WARN  no build target for: /home/jakubp/Code/Studies/sp/list9/MisraGries.scala[0m
2022.05.03 20:33:17 WARN  no build target for: /home/jakubp/Code/Studies/sp/list9/MisraGries.scala[0m
2022.05.03 20:36:31 WARN  no build target for: /home/jakubp/Code/Studies/sp/list9/summary.scala[0m
2022.05.03 20:36:44 WARN  no build target for: /home/jakubp/Code/Studies/sp/list9/summary.scala[0m
2022.05.03 20:37:16 WARN  no build target for: /home/jakubp/Code/Studies/sp/list9/summary.scala[0m
2022.05.03 20:37:30 WARN  no build target for: /home/jakubp/Code/Studies/sp/list9/summary.scala[0m
2022.05.03 21:35:26 WARN  no build target for: /home/jakubp/Code/Studies/sp/list9/summary.scala[0m
2022.05.03 21:35:29 WARN  no build target for: /home/jakubp/Code/Studies/sp/list9/summary.scala[0m
2022.05.03 21:35:34 WARN  no build target for: /home/jakubp/Code/Studies/sp/list9/summary.scala[0m
2022.05.03 21:35:53 WARN  no build target for: /home/jakubp/Code/Studies/sp/list9/summary.scala[0m
2022.05.03 21:36:03 WARN  no build target for: /home/jakubp/Code/Studies/sp/list9/summary.scala[0m
2022.05.03 21:36:42 WARN  no build target for: /home/jakubp/Code/Studies/sp/list9/summary.scala[0m
2022.05.03 21:37:23 WARN  no build target for: /home/jakubp/Code/Studies/sp/list9/summary.scala[0m
2022.05.03 21:37:55 WARN  no build target for: /home/jakubp/Code/Studies/sp/list9/summary.scala[0m
2022.05.03 21:38:01 WARN  no build target for: /home/jakubp/Code/Studies/sp/list9/summary.scala[0m
2022.05.03 21:38:12 WARN  no build target for: /home/jakubp/Code/Studies/sp/list9/summary.scala[0m
2022.05.03 21:38:24 WARN  no build target for: /home/jakubp/Code/Studies/sp/list9/summary.scala[0m
2022.05.03 21:38:54 WARN  no build target for: /home/jakubp/Code/Studies/sp/list9/summary.scala[0m
2022.05.03 21:38:58 WARN  no build target for: /home/jakubp/Code/Studies/sp/list9/summary.scala[0m
2022.05.03 21:39:52 WARN  no build target for: /home/jakubp/Code/Studies/sp/list9/summary.scala[0m
2022.05.03 21:40:10 WARN  no build target for: /home/jakubp/Code/Studies/sp/list9/summary.scala[0m
2022.05.03 21:40:32 WARN  no build target for: /home/jakubp/Code/Studies/sp/list9/summary.scala[0m
2022.05.03 21:40:38 WARN  no build target for: /home/jakubp/Code/Studies/sp/list9/summary.scala[0m
2022.05.03 21:41:59 WARN  no build target for: /home/jakubp/Code/Studies/sp/list9/summary.scala[0m
2022.05.03 21:42:11 INFO  shutting down Metals[0m
2022.05.07 20:51:03 INFO  tracing is disabled for protocol LSP, to enable tracing of incoming and outgoing JSON messages create an empty file at /home/jakubp/Code/Studies/sp/list9/.metals/lsp.trace.json or /home/jakubp/.cache/metals/lsp.trace.json[0m
2022.05.07 20:51:03 INFO  logging to file /home/jakubp/Code/Studies/sp/list9/.metals/metals.log[0m
2022.05.07 20:51:03 INFO  Started: Metals version 0.11.5 in workspace '/home/jakubp/Code/Studies/sp/list9' for client Visual Studio Code 1.67.0.[0m
2022.05.07 20:51:06 INFO  time: initialize in 2.48s[0m
2022.05.07 20:51:06 WARN  Flyway upgrade recommended: H2 2.1.212 is newer than this version of Flyway and support has not been tested. The latest supported version of H2 is 2.1.210.[0m
2022.05.07 20:51:06 WARN  Build server is not auto-connectable.[0m
2022.05.07 20:51:06 WARN  no build tool detected in workspace '/home/jakubp/Code/Studies/sp/list9'. The most common cause for this problem is that the editor was opened in the wrong working directory, for example if you use sbt then the workspace directory should contain build.sbt. [0m
2022.05.07 20:51:08 WARN  no build target for: /home/jakubp/Code/Studies/sp/list9/summary.scala[0m
2022.05.07 20:51:11 INFO  no build target found for /home/jakubp/Code/Studies/sp/list9/summary.scala. Using presentation compiler with project's scala-library version: 3.1.2[0m
2022.05.07 20:51:13 INFO  time: code lens generation in 4.82s[0m
2022.05.07 20:52:20 WARN  no build target for: /home/jakubp/Code/Studies/sp/list9/BloomFilter.scala[0m
2022.05.07 20:52:21 WARN  no build target for: /home/jakubp/Code/Studies/sp/list9/approximateBloom.scala[0m
2022.05.07 20:52:24 WARN  no build target for: /home/jakubp/Code/Studies/sp/list9/approximateBloom.scala[0m
2022.05.07 20:54:22 WARN  no build target for: /home/jakubp/Code/Studies/sp/list9/approximateBloom.scala[0m
2022.05.07 20:54:59 WARN  no build target for: /home/jakubp/Code/Studies/sp/list9/approximateBloom.scala[0m
2022.05.07 20:55:18 WARN  no build target for: /home/jakubp/Code/Studies/sp/list9/CountMin.scala[0m
2022.05.07 20:55:21 WARN  no build target for: /home/jakubp/Code/Studies/sp/list9/approximateFrequencies.scala[0m
2022.05.07 20:55:31 WARN  no build target for: /home/jakubp/Code/Studies/sp/list9/approximateFrequencies.scala[0m
2022.05.07 20:56:37 WARN  no build target for: /home/jakubp/Code/Studies/sp/list9/approximateFrequencies.scala[0m
2022.05.07 20:56:54 WARN  no build target for: /home/jakubp/Code/Studies/sp/list9/approximateFrequencies.scala[0m
2022.05.07 20:57:12 WARN  no build target for: /home/jakubp/Code/Studies/sp/list9/approximateFrequencies.scala[0m
2022.05.07 20:57:51 WARN  no build target for: /home/jakubp/Code/Studies/sp/list9/approximateFrequencies.scala[0m
2022.05.07 20:57:56 WARN  no build target for: /home/jakubp/Code/Studies/sp/list9/approximateFrequencies.scala[0m
May 07, 2022 8:58:07 PM org.eclipse.lsp4j.jsonrpc.RemoteEndpoint handleCancellation
WARNING: Unmatched cancel notification for request id 248
2022.05.07 20:58:09 WARN  no build target for: /home/jakubp/Code/Studies/sp/list9/approximateFrequencies.scala[0m
2022.05.07 20:58:17 WARN  no build target for: /home/jakubp/Code/Studies/sp/list9/approximateFrequencies.scala[0m
2022.05.07 20:58:38 WARN  no build target for: /home/jakubp/Code/Studies/sp/list9/approximateFrequencies.scala[0m
2022.05.07 20:58:42 WARN  no build target for: /home/jakubp/Code/Studies/sp/list9/approximateFrequencies.scala[0m
2022.05.07 21:00:35 WARN  no build target for: /home/jakubp/Code/Studies/sp/list9/approximateFrequencies.scala[0m
2022.05.07 21:21:28 WARN  no build target for: /home/jakubp/Code/Studies/sp/list9/approximateFrequencies.scala[0m
2022.05.07 21:21:33 WARN  no build target for: /home/jakubp/Code/Studies/sp/list9/approximateFrequencies.scala[0m
2022.05.07 21:21:54 WARN  no build target for: /home/jakubp/Code/Studies/sp/list9/approximateFrequencies.scala[0m
2022.05.07 21:22:17 WARN  no build target for: /home/jakubp/Code/Studies/sp/list9/approximateFrequencies.scala[0m
2022.05.07 21:22:39 WARN  no build target for: /home/jakubp/Code/Studies/sp/list9/approximateFrequencies.scala[0m
2022.05.07 21:23:41 WARN  no build target for: /home/jakubp/Code/Studies/sp/list9/approximateFrequencies.scala[0m
2022.05.07 21:24:12 WARN  no build target for: /home/jakubp/Code/Studies/sp/list9/approximateFrequencies.scala[0m
2022.05.07 21:24:40 WARN  no build target for: /home/jakubp/Code/Studies/sp/list9/approximateFrequencies.scala[0m
2022.05.07 21:25:00 WARN  no build target for: /home/jakubp/Code/Studies/sp/list9/approximateFrequencies.scala[0m
2022.05.07 21:25:07 WARN  no build target for: /home/jakubp/Code/Studies/sp/list9/CountMin.scala[0m
2022.05.07 21:25:55 WARN  no build target for: /home/jakubp/Code/Studies/sp/list9/CountMin.scala[0m
2022.05.07 21:26:17 WARN  no build target for: /home/jakubp/Code/Studies/sp/list9/approximateFrequencies.scala[0m
2022.05.07 21:26:35 WARN  no build target for: /home/jakubp/Code/Studies/sp/list9/summary.scala[0m
2022.05.07 21:27:47 WARN  no build target for: /home/jakubp/Code/Studies/sp/list9/MisraGries.scala[0m
2022.05.07 21:28:01 WARN  no build target for: /home/jakubp/Code/Studies/sp/list9/approximateFrequencies.scala[0m
2022.05.07 21:28:38 WARN  no build target for: /home/jakubp/Code/Studies/sp/list9/approximateFrequencies.scala[0m
2022.05.07 21:28:46 WARN  no build target for: /home/jakubp/Code/Studies/sp/list9/approximateFrequencies.scala[0m
2022.05.07 21:29:05 WARN  no build target for: /home/jakubp/Code/Studies/sp/list9/approximateFrequencies.scala[0m
2022.05.07 21:29:28 WARN  no build target for: /home/jakubp/Code/Studies/sp/list9/approximateFrequencies.scala[0m
2022.05.07 21:29:53 WARN  no build target for: /home/jakubp/Code/Studies/sp/list9/approximateFrequencies.scala[0m
2022.05.07 21:29:56 WARN  no build target for: /home/jakubp/Code/Studies/sp/list9/approximateFrequencies.scala[0m
2022.05.07 21:30:25 WARN  no build target for: /home/jakubp/Code/Studies/sp/list9/approximateFrequencies.scala[0m
2022.05.07 21:31:00 WARN  no build target for: /home/jakubp/Code/Studies/sp/list9/approximateFrequencies.scala[0m
2022.05.07 21:31:11 WARN  no build target for: /home/jakubp/Code/Studies/sp/list9/approximateFrequencies.scala[0m
2022.05.07 21:31:20 WARN  no build target for: /home/jakubp/Code/Studies/sp/list9/majority.scala[0m
2022.05.07 21:35:34 WARN  no build target for: /home/jakubp/Code/Studies/sp/list9/hammingWeight.scala[0m
2022.05.07 21:36:00 WARN  no build target for: /home/jakubp/Code/Studies/sp/list9/hammingWeight.scala[0m
2022.05.07 21:36:53 WARN  no build target for: /home/jakubp/Code/Studies/sp/list9/hammingWeight.scala[0m
2022.05.07 21:36:57 WARN  no build target for: /home/jakubp/Code/Studies/sp/list9/hammingWeight.scala[0m
2022.05.07 21:37:10 WARN  no build target for: /home/jakubp/Code/Studies/sp/list9/hammingWeight.scala[0m
2022.05.07 21:37:42 WARN  no build target for: /home/jakubp/Code/Studies/sp/list9/hammingWeight.scala[0m
2022.05.07 21:38:35 WARN  no build target for: /home/jakubp/Code/Studies/sp/list9/hammingWeight.scala[0m
2022.05.07 21:39:36 WARN  no build target for: /home/jakubp/Code/Studies/sp/list9/hammingWeight.scala[0m
2022.05.07 21:40:11 WARN  no build target for: /home/jakubp/Code/Studies/sp/list9/hammingDistance.scala[0m
2022.05.07 21:40:13 WARN  no build target for: /home/jakubp/Code/Studies/sp/list9/hammingDistance.scala[0m
2022.05.07 21:40:53 WARN  no build target for: /home/jakubp/Code/Studies/sp/list9/hammingDistance.scala[0m
2022.05.07 21:40:54 INFO  shutting down Metals[0m
2022.05.07 21:41:08 INFO  tracing is disabled for protocol LSP, to enable tracing of incoming and outgoing JSON messages create an empty file at /home/jakubp/Code/Studies/sp/list9/.metals/lsp.trace.json or /home/jakubp/.cache/metals/lsp.trace.json[0m
2022.05.07 21:41:09 INFO  logging to file /home/jakubp/Code/Studies/sp/list9/.metals/metals.log[0m
2022.05.07 21:41:09 INFO  Started: Metals version 0.11.5 in workspace '/home/jakubp/Code/Studies/sp/list9' for client Visual Studio Code 1.67.0.[0m
2022.05.07 21:41:11 INFO  time: initialize in 2.07s[0m
2022.05.07 21:41:11 WARN  Flyway upgrade recommended: H2 2.1.212 is newer than this version of Flyway and support has not been tested. The latest supported version of H2 is 2.1.210.[0m
2022.05.07 21:41:11 WARN  Build server is not auto-connectable.[0m
2022.05.07 21:41:11 WARN  no build tool detected in workspace '/home/jakubp/Code/Studies/sp/list9'. The most common cause for this problem is that the editor was opened in the wrong working directory, for example if you use sbt then the workspace directory should contain build.sbt. [0m
2022.05.07 21:41:13 WARN  no build target for: /home/jakubp/Code/Studies/sp/list9/hammingDistance.scala[0m
2022.05.07 21:41:15 INFO  no build target found for /home/jakubp/Code/Studies/sp/list9/hammingDistance.scala. Using presentation compiler with project's scala-library version: 3.1.2[0m
2022.05.07 21:41:17 INFO  time: code lens generation in 1.72s[0m
2022.05.07 21:41:17 INFO  time: code lens generation in 3.72s[0m
2022.05.07 21:41:44 WARN  no build target for: /home/jakubp/Code/Studies/sp/list9/summary.scala[0m
2022.05.07 21:42:17 WARN  no build target for: /home/jakubp/Code/Studies/sp/list9/majority.scala[0m
2022.05.07 21:46:34 WARN  no build target for: /home/jakubp/Code/Studies/sp/list9/BloomFilter.scala[0m
2022.05.07 21:46:35 WARN  no build target for: /home/jakubp/Code/Studies/sp/list9/BloomFilter.scala[0m
2022.05.07 21:47:06 WARN  no build target for: /home/jakubp/Code/Studies/sp/list9/approximateBloom.scala[0m
2022.05.07 21:47:07 WARN  no build target for: /home/jakubp/Code/Studies/sp/list9/approximateBloom.scala[0m
2022.05.07 21:47:40 WARN  no build target for: /home/jakubp/Code/Studies/sp/list9/approximateBloom.scala[0m
2022.05.07 21:47:41 WARN  no build target for: /home/jakubp/Code/Studies/sp/list9/MisraGries.scala[0m
2022.05.07 21:48:37 WARN  no build target for: /home/jakubp/Code/Studies/sp/list9/approximateBloom.scala[0m
2022.05.07 21:49:32 WARN  no build target for: /home/jakubp/Code/Studies/sp/list9/approximateFrequencies.scala[0m
2022.05.07 21:49:45 WARN  no build target for: /home/jakubp/Code/Studies/sp/list9/majority.scala[0m
2022.05.07 21:50:07 WARN  no build target for: /home/jakubp/Code/Studies/sp/list9/majority.scala[0m
2022.05.07 21:50:23 WARN  no build target for: /home/jakubp/Code/Studies/sp/list9/majority.scala[0m
2022.05.07 21:50:38 WARN  no build target for: /home/jakubp/Code/Studies/sp/list9/majority.scala[0m
2022.05.07 21:52:39 WARN  no build target for: /home/jakubp/Code/Studies/sp/list9/majority.scala[0m
2022.05.07 21:53:31 WARN  no build target for: /home/jakubp/Code/Studies/sp/list9/majority.scala[0m
2022.05.07 21:53:48 WARN  no build target for: /home/jakubp/Code/Studies/sp/list9/majority.scala[0m
May 07, 2022 9:53:57 PM org.eclipse.lsp4j.jsonrpc.RemoteEndpoint handleCancellation
WARNING: Unmatched cancel notification for request id 641
2022.05.07 21:54:08 WARN  no build target for: /home/jakubp/Code/Studies/sp/list9/majority.scala[0m
2022.05.07 21:54:28 WARN  no build target for: /home/jakubp/Code/Studies/sp/list9/majority.scala[0m
2022.05.07 21:55:10 WARN  no build target for: /home/jakubp/Code/Studies/sp/list9/majority.scala[0m
2022.05.07 21:55:20 WARN  no build target for: /home/jakubp/Code/Studies/sp/list9/majority.scala[0m
2022.05.07 22:08:57 WARN  no build target for: /home/jakubp/Code/Studies/sp/list9/majority.scala[0m
2022.05.07 22:10:12 WARN  no build target for: /home/jakubp/Code/Studies/sp/list9/majority.scala[0m
2022.05.07 22:10:33 WARN  no build target for: /home/jakubp/Code/Studies/sp/list9/majority.scala[0m
2022.05.07 22:11:03 WARN  no build target for: /home/jakubp/Code/Studies/sp/list9/majority.scala[0m
2022.05.07 22:12:21 WARN  no build target for: /home/jakubp/Code/Studies/sp/list9/majority.scala[0m
2022.05.07 22:13:14 WARN  no build target for: /home/jakubp/Code/Studies/sp/list9/majority.scala[0m
2022.05.07 22:13:28 WARN  no build target for: /home/jakubp/Code/Studies/sp/list9/majority.scala[0m
2022.05.07 22:13:51 WARN  no build target for: /home/jakubp/Code/Studies/sp/list9/majority.scala[0m
2022.05.07 22:14:07 WARN  no build target for: /home/jakubp/Code/Studies/sp/list9/majority.scala[0m
2022.05.07 22:14:16 WARN  no build target for: /home/jakubp/Code/Studies/sp/list9/majority.scala[0m
2022.05.07 22:16:50 WARN  no build target for: /home/jakubp/Code/Studies/sp/list9/majority.scala[0m
2022.05.07 22:16:58 WARN  no build target for: /home/jakubp/Code/Studies/sp/list9/majority.scala[0m
2022.05.07 22:17:45 WARN  no build target for: /home/jakubp/Code/Studies/sp/list9/majority.scala[0m
2022.05.07 22:18:19 WARN  no build target for: /home/jakubp/Code/Studies/sp/list9/majority.scala[0m
2022.05.07 22:18:23 WARN  no build target for: /home/jakubp/Code/Studies/sp/list9/majority.scala[0m
2022.05.07 22:19:25 WARN  no build target for: /home/jakubp/Code/Studies/sp/list9/majority.scala[0m
2022.05.07 22:19:41 WARN  no build target for: /home/jakubp/Code/Studies/sp/list9/majority.scala[0m
2022.05.07 22:21:18 WARN  no build target for: /home/jakubp/Code/Studies/sp/list9/majority.scala[0m
2022.05.07 22:21:30 WARN  no build target for: /home/jakubp/Code/Studies/sp/list9/majority.scala[0m
2022.05.07 22:21:40 WARN  no build target for: /home/jakubp/Code/Studies/sp/list9/majority.scala[0m
2022.05.07 22:22:46 WARN  no build target for: /home/jakubp/Code/Studies/sp/list9/majority.scala[0m
2022.05.07 22:23:08 WARN  no build target for: /home/jakubp/Code/Studies/sp/list9/majority.scala[0m
2022.05.07 22:23:29 WARN  no build target for: /home/jakubp/Code/Studies/sp/list9/majority.scala[0m
2022.05.07 22:24:15 WARN  no build target for: /home/jakubp/Code/Studies/sp/list9/majority.scala[0m
2022.05.07 22:24:24 WARN  no build target for: /home/jakubp/Code/Studies/sp/list9/majority.scala[0m
2022.05.07 22:28:27 WARN  no build target for: /home/jakubp/Code/Studies/sp/list9/majority.scala[0m
2022.05.07 22:28:36 WARN  no build target for: /home/jakubp/Code/Studies/sp/list9/majority.scala[0m
2022.05.07 22:33:37 WARN  no build target for: /home/jakubp/Code/Studies/sp/list9/CountMin.scala[0m
2022.05.07 22:33:39 WARN  no build target for: /home/jakubp/Code/Studies/sp/list9/majority.scala[0m
2022.05.07 22:33:47 WARN  no build target for: /home/jakubp/Code/Studies/sp/list9/majority.scala[0m
2022.05.07 22:35:09 WARN  no build target for: /home/jakubp/Code/Studies/sp/list9/approximateFrequencies.scala[0m
2022.05.07 22:35:13 WARN  no build target for: /home/jakubp/Code/Studies/sp/list9/approximateFrequencies.scala[0m
2022.05.07 22:35:57 WARN  no build target for: /home/jakubp/Code/Studies/sp/list9/approximateFrequencies.scala[0m
2022.05.07 22:36:00 WARN  no build target for: /home/jakubp/Code/Studies/sp/list9/approximateFrequencies.scala[0m
May 07, 2022 10:36:13 PM org.eclipse.lsp4j.jsonrpc.RemoteEndpoint handleCancellation
WARNING: Unmatched cancel notification for request id 2656
2022.05.07 22:36:20 WARN  no build target for: /home/jakubp/Code/Studies/sp/list9/approximateFrequencies.scala[0m
2022.05.07 22:36:22 WARN  no build target for: /home/jakubp/Code/Studies/sp/list9/approximateFrequencies.scala[0m
2022.05.07 22:36:47 WARN  no build target for: /home/jakubp/Code/Studies/sp/list9/approximateFrequencies.scala[0m
2022.05.07 22:37:13 WARN  no build target for: /home/jakubp/Code/Studies/sp/list9/approximateFrequencies.scala[0m
2022.05.07 22:37:16 WARN  no build target for: /home/jakubp/Code/Studies/sp/list9/approximateFrequencies.scala[0m
2022.05.07 22:42:48 WARN  no build target for: /home/jakubp/Code/Studies/sp/list9/approximateFrequencies.scala[0m
2022.05.07 22:43:01 WARN  no build target for: /home/jakubp/Code/Studies/sp/list9/approximateFrequencies.scala[0m
2022.05.07 22:43:40 WARN  no build target for: /home/jakubp/Code/Studies/sp/list9/approximateFrequencies.scala[0m
2022.05.07 22:43:42 WARN  no build target for: /home/jakubp/Code/Studies/sp/list9/approximateFrequencies.scala[0m
2022.05.07 22:44:12 WARN  no build target for: /home/jakubp/Code/Studies/sp/list9/approximateFrequencies.scala[0m
2022.05.07 22:44:35 WARN  no build target for: /home/jakubp/Code/Studies/sp/list9/approximateFrequencies.scala[0m
2022.05.07 22:45:44 WARN  no build target for: /home/jakubp/Code/Studies/sp/list9/approximateFrequencies.scala[0m
2022.05.07 22:45:56 WARN  no build target for: /home/jakubp/Code/Studies/sp/list9/approximateFrequencies.scala[0m
2022.05.07 22:46:08 WARN  no build target for: /home/jakubp/Code/Studies/sp/list9/approximateFrequencies.scala[0m
2022.05.07 22:46:32 WARN  no build target for: /home/jakubp/Code/Studies/sp/list9/CountMin.scala[0m
2022.05.07 22:48:34 WARN  no build target for: /home/jakubp/Code/Studies/sp/list9/summary.scala[0m
2022.05.07 22:48:38 WARN  no build target for: /home/jakubp/Code/Studies/sp/list9/majority.scala[0m
2022.05.07 22:52:49 WARN  no build target for: /home/jakubp/Code/Studies/sp/list9/majority.scala[0m
2022.05.07 22:53:05 WARN  no build target for: /home/jakubp/Code/Studies/sp/list9/majority.scala[0m
2022.05.07 22:53:11 WARN  no build target for: /home/jakubp/Code/Studies/sp/list9/majority.scala[0m
2022.05.07 22:56:13 WARN  no build target for: /home/jakubp/Code/Studies/sp/list9/MisraGries.scala[0m
2022.05.07 22:56:15 WARN  no build target for: /home/jakubp/Code/Studies/sp/list9/MisraGries.scala[0m
2022.05.07 22:57:03 WARN  no build target for: /home/jakubp/Code/Studies/sp/list9/MisraGries.scala[0m
2022.05.07 22:57:05 WARN  no build target for: /home/jakubp/Code/Studies/sp/list9/summary.scala[0m
2022.05.07 23:04:58 WARN  no build target for: /home/jakubp/Code/Studies/sp/list9/MisraGries.scala[0m
2022.05.07 23:05:29 WARN  no build target for: /home/jakubp/Code/Studies/sp/list9/MisraGries.scala[0m
2022.05.07 23:06:20 WARN  no build target for: /home/jakubp/Code/Studies/sp/list9/MisraGries.scala[0m
2022.05.07 23:09:55 WARN  no build target for: /home/jakubp/Code/Studies/sp/list9/MisraGries.scala[0m
2022.05.07 23:10:29 WARN  no build target for: /home/jakubp/Code/Studies/sp/list9/MisraGries.scala[0m
2022.05.07 23:10:51 WARN  no build target for: /home/jakubp/Code/Studies/sp/list9/MisraGries.scala[0m
2022.05.07 23:11:09 WARN  no build target for: /home/jakubp/Code/Studies/sp/list9/summary.scala[0m
2022.05.07 23:26:56 INFO  shutting down Metals[0m
2022.05.08 12:41:53 INFO  tracing is disabled for protocol LSP, to enable tracing of incoming and outgoing JSON messages create an empty file at /home/jakubp/Code/Studies/sp/list9/.metals/lsp.trace.json or /home/jakubp/.cache/metals/lsp.trace.json[0m
2022.05.08 12:41:54 INFO  logging to file /home/jakubp/Code/Studies/sp/list9/.metals/metals.log[0m
2022.05.08 12:41:54 INFO  Started: Metals version 0.11.5 in workspace '/home/jakubp/Code/Studies/sp/list9' for client Visual Studio Code 1.67.0.[0m
2022.05.08 12:41:56 INFO  time: initialize in 2.46s[0m
2022.05.08 12:41:56 WARN  Flyway upgrade recommended: H2 2.1.212 is newer than this version of Flyway and support has not been tested. The latest supported version of H2 is 2.1.210.[0m
2022.05.08 12:41:56 WARN  Build server is not auto-connectable.[0m
2022.05.08 12:41:56 WARN  no build tool detected in workspace '/home/jakubp/Code/Studies/sp/list9'. The most common cause for this problem is that the editor was opened in the wrong working directory, for example if you use sbt then the workspace directory should contain build.sbt. [0m
2022.05.08 12:41:58 WARN  no build target for: /home/jakubp/Code/Studies/sp/list9/MisraGries.scala[0m
2022.05.08 12:41:58 WARN  no build target for: /home/jakubp/Code/Studies/sp/list9/summary.scala[0m
2022.05.08 12:42:01 INFO  no build target found for /home/jakubp/Code/Studies/sp/list9/summary.scala. Using presentation compiler with project's scala-library version: 3.1.2[0m
2022.05.08 12:42:03 INFO  time: code lens generation in 4.06s[0m
May 08, 2022 12:42:03 PM org.eclipse.lsp4j.jsonrpc.RemoteEndpoint handleCancellation
WARNING: Unmatched cancel notification for request id 5
2022.05.08 12:43:35 WARN  no build target for: /home/jakubp/Code/Studies/sp/list9/hammingWeight.scala[0m
2022.05.08 12:45:03 WARN  no build target for: /home/jakubp/Code/Studies/sp/list9/MisraGries.scala[0m
2022.05.08 12:45:11 WARN  no build target for: /home/jakubp/Code/Studies/sp/list9/summary.scala[0m
2022.05.08 12:47:35 WARN  no build target for: /home/jakubp/Code/Studies/sp/list9/summary.scala[0m
2022.05.08 12:48:04 WARN  no build target for: /home/jakubp/Code/Studies/sp/list9/summary.scala[0m
2022.05.08 12:48:08 WARN  no build target for: /home/jakubp/Code/Studies/sp/list9/summary.scala[0m
2022.05.08 12:48:11 WARN  no build target for: /home/jakubp/Code/Studies/sp/list9/summary.scala[0m
2022.05.08 12:48:41 WARN  no build target for: /home/jakubp/Code/Studies/sp/list9/summary.scala[0m
2022.05.08 12:51:44 WARN  no build target for: /home/jakubp/Code/Studies/sp/list9/summary.scala[0m
2022.05.08 13:32:58 INFO  shutting down Metals[0m
2022.05.08 19:40:16 INFO  tracing is disabled for protocol LSP, to enable tracing of incoming and outgoing JSON messages create an empty file at /home/jakubp/Code/Studies/sp/list9/.metals/lsp.trace.json or /home/jakubp/.cache/metals/lsp.trace.json[0m
2022.05.08 19:40:17 INFO  logging to file /home/jakubp/Code/Studies/sp/list9/.metals/metals.log[0m
2022.05.08 19:40:17 INFO  Started: Metals version 0.11.5 in workspace '/home/jakubp/Code/Studies/sp/list9' for client Visual Studio Code 1.67.0.[0m
2022.05.08 19:40:19 INFO  time: initialize in 2.33s[0m
2022.05.08 19:40:19 WARN  Flyway upgrade recommended: H2 2.1.212 is newer than this version of Flyway and support has not been tested. The latest supported version of H2 is 2.1.210.[0m
2022.05.08 19:40:19 WARN  Build server is not auto-connectable.[0m
2022.05.08 19:40:19 WARN  no build tool detected in workspace '/home/jakubp/Code/Studies/sp/list9'. The most common cause for this problem is that the editor was opened in the wrong working directory, for example if you use sbt then the workspace directory should contain build.sbt. [0m
2022.05.08 19:40:21 WARN  no build target for: /home/jakubp/Code/Studies/sp/list9/BloomFilter.scala[0m
2022.05.08 19:40:21 WARN  no build target for: /home/jakubp/Code/Studies/sp/list9/summary.scala[0m
2022.05.08 19:40:23 INFO  no build target found for /home/jakubp/Code/Studies/sp/list9/summary.scala. Using presentation compiler with project's scala-library version: 3.1.2[0m
2022.05.08 19:40:26 INFO  time: code lens generation in 4.51s[0m
2022.05.08 19:42:26 INFO  shutting down Metals[0m
2022.05.08 19:59:56 INFO  tracing is disabled for protocol LSP, to enable tracing of incoming and outgoing JSON messages create an empty file at /home/jakubp/Code/Studies/sp/list9/.metals/lsp.trace.json or /home/jakubp/.cache/metals/lsp.trace.json[0m
2022.05.08 19:59:56 INFO  logging to file /home/jakubp/Code/Studies/sp/list9/.metals/metals.log[0m
2022.05.08 19:59:56 INFO  Started: Metals version 0.11.5 in workspace '/home/jakubp/Code/Studies/sp/list9' for client Visual Studio Code 1.67.0.[0m
2022.05.08 19:59:58 INFO  time: initialize in 2.32s[0m
2022.05.08 19:59:58 WARN  Flyway upgrade recommended: H2 2.1.212 is newer than this version of Flyway and support has not been tested. The latest supported version of H2 is 2.1.210.[0m
2022.05.08 19:59:58 WARN  Build server is not auto-connectable.[0m
2022.05.08 19:59:58 WARN  no build tool detected in workspace '/home/jakubp/Code/Studies/sp/list9'. The most common cause for this problem is that the editor was opened in the wrong working directory, for example if you use sbt then the workspace directory should contain build.sbt. [0m
2022.05.08 20:00:01 WARN  no build target for: /home/jakubp/Code/Studies/sp/list9/summary.scala[0m
2022.05.08 20:00:01 WARN  no build target for: /home/jakubp/Code/Studies/sp/list9/approximateBloom.scala[0m
2022.05.08 20:00:01 WARN  no build target for: /home/jakubp/Code/Studies/sp/list9/BloomFilter.scala[0m
May 08, 2022 8:00:01 PM org.eclipse.lsp4j.jsonrpc.RemoteEndpoint handleCancellation
WARNING: Unmatched cancel notification for request id 2
May 08, 2022 8:00:01 PM org.eclipse.lsp4j.jsonrpc.RemoteEndpoint handleCancellation
WARNING: Unmatched cancel notification for request id 6
May 08, 2022 8:00:01 PM org.eclipse.lsp4j.jsonrpc.RemoteEndpoint handleCancellation
WARNING: Unmatched cancel notification for request id 1
2022.05.08 20:00:01 WARN  no build target for: /home/jakubp/Code/Studies/sp/list9/approximateBloom.scala[0m
2022.05.08 20:00:03 INFO  no build target found for /home/jakubp/Code/Studies/sp/list9/summary.scala. Using presentation compiler with project's scala-library version: 3.1.2[0m
2022.05.08 20:00:05 INFO  time: code lens generation in 3.86s[0m
2022.05.08 20:00:05 INFO  time: code lens generation in 4.03s[0m
2022.05.08 20:01:41 WARN  no build target for: /home/jakubp/Code/Studies/sp/list9/approximateBloom.scala[0m
2022.05.08 20:04:23 WARN  no build target for: /home/jakubp/Code/Studies/sp/list9/approximateBloom.scala[0m
2022.05.08 20:04:39 WARN  no build target for: /home/jakubp/Code/Studies/sp/list9/approximateBloom.scala[0m
2022.05.08 20:07:15 INFO  shutting down Metals[0m
2022.05.08 20:59:49 INFO  tracing is disabled for protocol LSP, to enable tracing of incoming and outgoing JSON messages create an empty file at /home/jakubp/Code/Studies/sp/list9/.metals/lsp.trace.json or /home/jakubp/.cache/metals/lsp.trace.json[0m
2022.05.08 20:59:50 INFO  logging to file /home/jakubp/Code/Studies/sp/list9/.metals/metals.log[0m
2022.05.08 20:59:50 INFO  Started: Metals version 0.11.5 in workspace '/home/jakubp/Code/Studies/sp/list9' for client Visual Studio Code 1.67.0.[0m
2022.05.08 20:59:52 INFO  time: initialize in 2.04s[0m
2022.05.08 20:59:52 WARN  Flyway upgrade recommended: H2 2.1.212 is newer than this version of Flyway and support has not been tested. The latest supported version of H2 is 2.1.210.[0m
2022.05.08 20:59:52 WARN  Build server is not auto-connectable.[0m
2022.05.08 20:59:52 WARN  no build tool detected in workspace '/home/jakubp/Code/Studies/sp/list9'. The most common cause for this problem is that the editor was opened in the wrong working directory, for example if you use sbt then the workspace directory should contain build.sbt. [0m
2022.05.08 20:59:54 WARN  no build target for: /home/jakubp/Code/Studies/sp/list9/summary.scala[0m
2022.05.08 20:59:54 WARN  no build target for: /home/jakubp/Code/Studies/sp/list9/approximateBloom.scala[0m
2022.05.08 21:00:42 INFO  no build target found for /home/jakubp/Code/Studies/sp/list9/summary.scala. Using presentation compiler with project's scala-library version: 3.1.2[0m
May 08, 2022 9:00:42 PM org.eclipse.lsp4j.jsonrpc.RemoteEndpoint handleCancellation
WARNING: Unmatched cancel notification for request id 11
May 08, 2022 9:00:42 PM org.eclipse.lsp4j.jsonrpc.RemoteEndpoint handleCancellation
WARNING: Unmatched cancel notification for request id 13
May 08, 2022 9:00:42 PM org.eclipse.lsp4j.jsonrpc.RemoteEndpoint handleCancellation
WARNING: Unmatched cancel notification for request id 19
May 08, 2022 9:00:42 PM org.eclipse.lsp4j.jsonrpc.RemoteEndpoint handleCancellation
WARNING: Unmatched cancel notification for request id 21
2022.05.08 21:00:42 WARN  no build target for: /home/jakubp/Code/Studies/sp/list9/approximateBloom.scala[0m
May 08, 2022 9:00:42 PM org.eclipse.lsp4j.jsonrpc.RemoteEndpoint handleCancellation
WARNING: Unmatched cancel notification for request id 29
May 08, 2022 9:00:42 PM org.eclipse.lsp4j.jsonrpc.RemoteEndpoint handleCancellation
WARNING: Unmatched cancel notification for request id 32
May 08, 2022 9:00:42 PM org.eclipse.lsp4j.jsonrpc.RemoteEndpoint handleCancellation
WARNING: Unmatched cancel notification for request id 35
May 08, 2022 9:00:42 PM org.eclipse.lsp4j.jsonrpc.RemoteEndpoint handleCancellation
WARNING: Unmatched cancel notification for request id 37
2022.05.08 21:00:45 INFO  time: code lens generation in 2.62s[0m
2022.05.08 21:00:45 INFO  time: code lens generation in 2.72s[0m
2022.05.08 21:00:45 INFO  time: code lens generation in 2.69s[0m
2022.05.08 21:00:45 INFO  time: code lens generation in 2.7s[0m
2022.05.08 21:00:45 INFO  time: code lens generation in 2.69s[0m
2022.05.08 21:00:45 INFO  time: code lens generation in 50s[0m
2022.05.08 21:00:45 INFO  time: code lens generation in 50s[0m
2022.05.08 21:00:45 INFO  time: code lens generation in 2.74s[0m
2022.05.08 21:00:45 INFO  time: code lens generation in 2.77s[0m
2022.05.08 21:01:23 WARN  no build target for: /home/jakubp/Code/Studies/sp/list9/approximateFrequencies.scala[0m
2022.05.08 21:12:09 WARN  no build target for: /home/jakubp/Code/Studies/sp/list9/approximateFrequencies.scala[0m
2022.05.08 21:18:41 WARN  no build target for: /home/jakubp/Code/Studies/sp/list9/BloomFilter.scala[0m
2022.05.08 22:12:40 INFO  shutting down Metals[0m
