2022.05.02 15:04:37 INFO  tracing is disabled for protocol LSP, to enable tracing of incoming and outgoing JSON messages create an empty file at /home/jakubp/Code/Studies/sp/.metals/lsp.trace.json or /home/jakubp/.cache/metals/lsp.trace.json[0m
2022.05.02 15:04:38 INFO  logging to file /home/jakubp/Code/Studies/sp/.metals/metals.log[0m
2022.05.02 15:04:38 INFO  Started: Metals version 0.11.5 in workspace '/home/jakubp/Code/Studies/sp' for client Visual Studio Code 1.66.2.[0m
2022.05.02 15:04:40 INFO  time: initialize in 2.09s[0m
2022.05.02 15:04:40 WARN  Flyway upgrade recommended: H2 2.1.212 is newer than this version of Flyway and support has not been tested. The latest supported version of H2 is 2.1.210.[0m
2022.05.02 15:04:40 WARN  Build server is not auto-connectable.[0m
2022.05.02 15:04:40 WARN  no build tool detected in workspace '/home/jakubp/Code/Studies/sp'. The most common cause for this problem is that the editor was opened in the wrong working directory, for example if you use sbt then the workspace directory should contain build.sbt. [0m
2022.05.02 15:04:42 WARN  no build target for: /home/jakubp/Code/Studies/sp/list9/hammingWeight.scala[0m
2022.05.02 15:04:45 INFO  no build target found for /home/jakubp/Code/Studies/sp/list9/hammingWeight.scala. Using presentation compiler with project's scala-library version: 3.1.2[0m
2022.05.02 15:04:46 INFO  time: code lens generation in 4.28s[0m
2022.05.02 15:16:34 WARN  no build target for: /home/jakubp/Code/Studies/sp/list9/hammingWeight.scala[0m
2022.05.02 15:17:06 WARN  no build target for: /home/jakubp/Code/Studies/sp/list9/hammingWeight.scala[0m
2022.05.02 15:18:23 WARN  no build target for: /home/jakubp/Code/Studies/sp/list9/hammingWeight.scala[0m
2022.05.02 15:19:02 WARN  no build target for: /home/jakubp/Code/Studies/sp/list9/hammingWeight.scala[0m
2022.05.02 15:19:13 WARN  no build target for: /home/jakubp/Code/Studies/sp/list9/hammingWeight.scala[0m
2022.05.02 15:19:42 WARN  no build target for: /home/jakubp/Code/Studies/sp/list9/hammingWeight.scala[0m
2022.05.02 15:19:56 WARN  no build target for: /home/jakubp/Code/Studies/sp/list9/hammingWeight.scala[0m
2022.05.02 15:20:06 WARN  no build target for: /home/jakubp/Code/Studies/sp/list4/amicableNumbers.scala[0m
2022.05.02 15:20:10 WARN  no build target for: /home/jakubp/Code/Studies/sp/list4/amicableNumbers.scala[0m
May 02, 2022 3:20:11 PM org.eclipse.lsp4j.jsonrpc.RemoteEndpoint handleCancellation
WARNING: Unmatched cancel notification for request id 810
2022.05.02 15:20:17 WARN  no build target for: /home/jakubp/Code/Studies/sp/list4/amicableNumbers.scala[0m
2022.05.02 15:20:19 WARN  no build target for: /home/jakubp/Code/Studies/sp/list9/hammingWeight.scala[0m
2022.05.02 15:21:52 WARN  no build target for: /home/jakubp/Code/Studies/sp/list9/hammingWeight.scala[0m
2022.05.02 15:21:53 WARN  no build target for: /home/jakubp/Code/Studies/sp/list9/hammingWeight.scala[0m
2022.05.02 15:22:51 WARN  no build target for: /home/jakubp/Code/Studies/sp/list9/hammingWeight.scala[0m
2022.05.02 15:23:31 WARN  no build target for: /home/jakubp/Code/Studies/sp/list9/hammingWeight.scala[0m
2022.05.02 15:23:54 WARN  no build target for: /home/jakubp/Code/Studies/sp/list9/hammingWeight.scala[0m
2022.05.02 15:24:01 WARN  no build target for: /home/jakubp/Code/Studies/sp/list9/hammingWeight.scala[0m
2022.05.02 15:24:13 WARN  no build target for: /home/jakubp/Code/Studies/sp/list9/hammingWeight.scala[0m
2022.05.02 15:24:27 WARN  no build target for: /home/jakubp/Code/Studies/sp/list9/hammingWeight.scala[0m
2022.05.02 15:24:34 WARN  no build target for: /home/jakubp/Code/Studies/sp/list9/hammingWeight.scala[0m
2022.05.02 15:24:45 WARN  no build target for: /home/jakubp/Code/Studies/sp/list9/hammingWeight.scala[0m
2022.05.02 15:24:47 WARN  no build target for: /home/jakubp/Code/Studies/sp/list9/hammingWeight.scala[0m
2022.05.02 15:25:29 WARN  no build target for: /home/jakubp/Code/Studies/sp/list9/hammingWeight.scala[0m
2022.05.02 15:25:40 WARN  no build target for: /home/jakubp/Code/Studies/sp/list9/hammingWeight.scala[0m
2022.05.02 15:25:54 WARN  no build target for: /home/jakubp/Code/Studies/sp/list9/hammingWeight.scala[0m
2022.05.02 15:26:14 WARN  no build target for: /home/jakubp/Code/Studies/sp/list9/hammingWeight.scala[0m
2022.05.02 15:26:40 WARN  no build target for: /home/jakubp/Code/Studies/sp/list9/hammingWeight.scala[0m
2022.05.02 15:26:46 WARN  no build target for: /home/jakubp/Code/Studies/sp/list9/hammingWeight.scala[0m
2022.05.02 15:26:53 WARN  no build target for: /home/jakubp/Code/Studies/sp/list9/hammingWeight.scala[0m
2022.05.02 15:27:08 WARN  no build target for: /home/jakubp/Code/Studies/sp/list9/hammingWeight.scala[0m
2022.05.02 15:27:13 WARN  no build target for: /home/jakubp/Code/Studies/sp/list9/hammingWeight.scala[0m
2022.05.02 15:27:18 WARN  no build target for: /home/jakubp/Code/Studies/sp/list9/hammingWeight.scala[0m
2022.05.02 15:27:26 WARN  no build target for: /home/jakubp/Code/Studies/sp/list9/hammingWeight.scala[0m
2022.05.02 15:27:40 WARN  no build target for: /home/jakubp/Code/Studies/sp/list9/hammingWeight.scala[0m
2022.05.02 15:27:49 WARN  no build target for: /home/jakubp/Code/Studies/sp/list9/hammingWeight.scala[0m
2022.05.02 15:28:18 WARN  no build target for: /home/jakubp/Code/Studies/sp/list9/hammingWeight.scala[0m
2022.05.02 15:28:54 WARN  no build target for: /home/jakubp/Code/Studies/sp/list9/hammingWeight.scala[0m
2022.05.02 15:30:25 WARN  no build target for: /home/jakubp/Code/Studies/sp/list9/hammingWeight.scala[0m
2022.05.02 15:30:31 WARN  no build target for: /home/jakubp/Code/Studies/sp/list9/hammingWeight.scala[0m
2022.05.02 15:30:40 WARN  no build target for: /home/jakubp/Code/Studies/sp/list9/hammingWeight.scala[0m
2022.05.02 15:30:58 WARN  no build target for: /home/jakubp/Code/Studies/sp/list9/hammingWeight.scala[0m
2022.05.02 15:31:17 WARN  no build target for: /home/jakubp/Code/Studies/sp/list9/hammingWeight.scala[0m
2022.05.02 15:31:23 WARN  no build target for: /home/jakubp/Code/Studies/sp/list9/hammingWeight.scala[0m
2022.05.02 15:31:29 WARN  no build target for: /home/jakubp/Code/Studies/sp/list9/hammingWeight.scala[0m
2022.05.02 15:31:39 WARN  no build target for: /home/jakubp/Code/Studies/sp/list9/hammingWeight.scala[0m
2022.05.02 15:31:51 WARN  no build target for: /home/jakubp/Code/Studies/sp/list9/hammingWeight.scala[0m
2022.05.02 15:34:43 WARN  no build target for: /home/jakubp/Code/Studies/sp/list9/hammingWeight.scala[0m
2022.05.02 15:34:48 WARN  no build target for: /home/jakubp/Code/Studies/sp/list9/hammingWeight.scala[0m
Exception in thread "pool-3-thread-1" java.lang.AssertionError: NoDenotation.owner
	at dotty.tools.dotc.core.SymDenotations$NoDenotation$.owner(SymDenotations.scala:2495)
	at scala.meta.internal.pc.SemanticdbSymbols$.addSymName(SemanticdbSymbols.scala:136)
	at scala.meta.internal.pc.SemanticdbSymbols$.symbolName(SemanticdbSymbols.scala:79)
	at scala.meta.internal.pc.PcDefinitionProvider.semanticSymbolsSorted$$anonfun$1(PcDefinitionProvider.scala:106)
	at scala.collection.immutable.List.map(List.scala:246)
	at scala.meta.internal.pc.PcDefinitionProvider.semanticSymbolsSorted(PcDefinitionProvider.scala:106)
	at scala.meta.internal.pc.PcDefinitionProvider.findDefinitions(PcDefinitionProvider.scala:82)
	at scala.meta.internal.pc.PcDefinitionProvider.definitions(PcDefinitionProvider.scala:51)
	at scala.meta.internal.pc.ScalaPresentationCompiler.definition$$anonfun$1(ScalaPresentationCompiler.scala:113)
	at scala.meta.internal.pc.CompilerAccess.withSharedCompiler(CompilerAccess.scala:137)
	at scala.meta.internal.pc.CompilerAccess.withNonInterruptableCompiler$$anonfun$1(CompilerAccess.scala:125)
	at scala.meta.internal.pc.CompilerAccess.onCompilerJobQueue$$anonfun$1(CompilerAccess.scala:197)
	at scala.meta.internal.pc.CompilerJobQueue$Job.run(CompilerJobQueue.scala:139)
	at java.base/java.util.concurrent.ThreadPoolExecutor.runWorker(ThreadPoolExecutor.java:1128)
	at java.base/java.util.concurrent.ThreadPoolExecutor$Worker.run(ThreadPoolExecutor.java:628)
	at java.base/java.lang.Thread.run(Thread.java:829)
2022.05.02 15:34:54 WARN  no build target for: /home/jakubp/Code/Studies/sp/list9/hammingWeight.scala[0m
2022.05.02 15:35:07 WARN  no build target for: /home/jakubp/Code/Studies/sp/list9/hammingWeight.scala[0m
2022.05.02 15:35:32 INFO  shutting down Metals[0m
